Start testing: Apr 01 04:49 UTC
----------------------------------------------------------
1/66 Testing: EqualPaths.Empty
1/66 Test: EqualPaths.Empty
Command: "/usr/bin/valgrind" "--tool=memcheck" "--leak-check=yes" "--trace-children=no" "/work/hw-jtglover/hw4/hw4_tests/equalpaths_tests/equalpaths_tests" "--gtest_filter=EqualPaths.Empty"
Directory: /work/hw-jtglover/hw4/hw4_tests/equalpaths_tests
"EqualPaths.Empty" start time: Apr 01 04:49 UTC
Output:
----------------------------------------------------------
==12271== Memcheck, a memory error detector
==12271== Copyright (C) 2002-2017, and GNU GPL'd, by Julian Seward et al.
==12271== Using Valgrind-3.15.0 and LibVEX; rerun with -h for copyright info
==12271== Command: /work/hw-jtglover/hw4/hw4_tests/equalpaths_tests/equalpaths_tests --gtest_filter=EqualPaths.Empty
==12271== 
Running main() from /build/googletest-j5yxiC/googletest-1.10.0/googletest/src/gtest_main.cc
Note: Google Test filter = EqualPaths.Empty
[==========] Running 1 test from 1 test suite.
[----------] Global test environment set-up.
[----------] 1 test from EqualPaths
[ RUN      ] EqualPaths.Empty
[       OK ] EqualPaths.Empty (7 ms)
[----------] 1 test from EqualPaths (13 ms total)

[----------] Global test environment tear-down
[==========] 1 test from 1 test suite ran. (35 ms total)
[  PASSED  ] 1 test.
==12271== 
==12271== HEAP SUMMARY:
==12271==     in use at exit: 0 bytes in 0 blocks
==12271==   total heap usage: 279 allocs, 279 frees, 122,142 bytes allocated
==12271== 
==12271== All heap blocks were freed -- no leaks are possible
==12271== 
==12271== For lists of detected and suppressed errors, rerun with: -s
==12271== ERROR SUMMARY: 0 errors from 0 contexts (suppressed: 0 from 0)
<end of output>
Test time =   1.46 sec
----------------------------------------------------------
Test Passed.
"EqualPaths.Empty" end time: Apr 01 04:49 UTC
"EqualPaths.Empty" time elapsed: 00:00:01
----------------------------------------------------------

2/66 Testing: EqualPaths.RootOnly
2/66 Test: EqualPaths.RootOnly
Command: "/usr/bin/valgrind" "--tool=memcheck" "--leak-check=yes" "--trace-children=no" "/work/hw-jtglover/hw4/hw4_tests/equalpaths_tests/equalpaths_tests" "--gtest_filter=EqualPaths.RootOnly"
Directory: /work/hw-jtglover/hw4/hw4_tests/equalpaths_tests
"EqualPaths.RootOnly" start time: Apr 01 04:49 UTC
Output:
----------------------------------------------------------
==12272== Memcheck, a memory error detector
==12272== Copyright (C) 2002-2017, and GNU GPL'd, by Julian Seward et al.
==12272== Using Valgrind-3.15.0 and LibVEX; rerun with -h for copyright info
==12272== Command: /work/hw-jtglover/hw4/hw4_tests/equalpaths_tests/equalpaths_tests --gtest_filter=EqualPaths.RootOnly
==12272== 
Running main() from /build/googletest-j5yxiC/googletest-1.10.0/googletest/src/gtest_main.cc
Note: Google Test filter = EqualPaths.RootOnly
[==========] Running 1 test from 1 test suite.
[----------] Global test environment set-up.
[----------] 1 test from EqualPaths
[ RUN      ] EqualPaths.RootOnly
[       OK ] EqualPaths.RootOnly (8 ms)
[----------] 1 test from EqualPaths (14 ms total)

[----------] Global test environment tear-down
[==========] 1 test from 1 test suite ran. (37 ms total)
[  PASSED  ] 1 test.
==12272== 
==12272== HEAP SUMMARY:
==12272==     in use at exit: 0 bytes in 0 blocks
==12272==   total heap usage: 279 allocs, 279 frees, 122,163 bytes allocated
==12272== 
==12272== All heap blocks were freed -- no leaks are possible
==12272== 
==12272== For lists of detected and suppressed errors, rerun with: -s
==12272== ERROR SUMMARY: 0 errors from 0 contexts (suppressed: 0 from 0)
<end of output>
Test time =   1.31 sec
----------------------------------------------------------
Test Passed.
"EqualPaths.RootOnly" end time: Apr 01 04:49 UTC
"EqualPaths.RootOnly" time elapsed: 00:00:01
----------------------------------------------------------

3/66 Testing: EqualPaths.RootLeft
3/66 Test: EqualPaths.RootLeft
Command: "/usr/bin/valgrind" "--tool=memcheck" "--leak-check=yes" "--trace-children=no" "/work/hw-jtglover/hw4/hw4_tests/equalpaths_tests/equalpaths_tests" "--gtest_filter=EqualPaths.RootLeft"
Directory: /work/hw-jtglover/hw4/hw4_tests/equalpaths_tests
"EqualPaths.RootLeft" start time: Apr 01 04:49 UTC
Output:
----------------------------------------------------------
==12273== Memcheck, a memory error detector
==12273== Copyright (C) 2002-2017, and GNU GPL'd, by Julian Seward et al.
==12273== Using Valgrind-3.15.0 and LibVEX; rerun with -h for copyright info
==12273== Command: /work/hw-jtglover/hw4/hw4_tests/equalpaths_tests/equalpaths_tests --gtest_filter=EqualPaths.RootLeft
==12273== 
Running main() from /build/googletest-j5yxiC/googletest-1.10.0/googletest/src/gtest_main.cc
Note: Google Test filter = EqualPaths.RootLeft
[==========] Running 1 test from 1 test suite.
[----------] Global test environment set-up.
[----------] 1 test from EqualPaths
[ RUN      ] EqualPaths.RootLeft
[       OK ] EqualPaths.RootLeft (10 ms)
[----------] 1 test from EqualPaths (16 ms total)

[----------] Global test environment tear-down
[==========] 1 test from 1 test suite ran. (40 ms total)
[  PASSED  ] 1 test.
==12273== 
==12273== HEAP SUMMARY:
==12273==     in use at exit: 0 bytes in 0 blocks
==12273==   total heap usage: 279 allocs, 279 frees, 122,163 bytes allocated
==12273== 
==12273== All heap blocks were freed -- no leaks are possible
==12273== 
==12273== For lists of detected and suppressed errors, rerun with: -s
==12273== ERROR SUMMARY: 0 errors from 0 contexts (suppressed: 0 from 0)
<end of output>
Test time =   1.37 sec
----------------------------------------------------------
Test Passed.
"EqualPaths.RootLeft" end time: Apr 01 04:49 UTC
"EqualPaths.RootLeft" time elapsed: 00:00:01
----------------------------------------------------------

4/66 Testing: EqualPaths.RootRight
4/66 Test: EqualPaths.RootRight
Command: "/usr/bin/valgrind" "--tool=memcheck" "--leak-check=yes" "--trace-children=no" "/work/hw-jtglover/hw4/hw4_tests/equalpaths_tests/equalpaths_tests" "--gtest_filter=EqualPaths.RootRight"
Directory: /work/hw-jtglover/hw4/hw4_tests/equalpaths_tests
"EqualPaths.RootRight" start time: Apr 01 04:49 UTC
Output:
----------------------------------------------------------
==12274== Memcheck, a memory error detector
==12274== Copyright (C) 2002-2017, and GNU GPL'd, by Julian Seward et al.
==12274== Using Valgrind-3.15.0 and LibVEX; rerun with -h for copyright info
==12274== Command: /work/hw-jtglover/hw4/hw4_tests/equalpaths_tests/equalpaths_tests --gtest_filter=EqualPaths.RootRight
==12274== 
Running main() from /build/googletest-j5yxiC/googletest-1.10.0/googletest/src/gtest_main.cc
Note: Google Test filter = EqualPaths.RootRight
[==========] Running 1 test from 1 test suite.
[----------] Global test environment set-up.
[----------] 1 test from EqualPaths
[ RUN      ] EqualPaths.RootRight
[       OK ] EqualPaths.RootRight (10 ms)
[----------] 1 test from EqualPaths (16 ms total)

[----------] Global test environment tear-down
[==========] 1 test from 1 test suite ran. (38 ms total)
[  PASSED  ] 1 test.
==12274== 
==12274== HEAP SUMMARY:
==12274==     in use at exit: 0 bytes in 0 blocks
==12274==   total heap usage: 279 allocs, 279 frees, 122,170 bytes allocated
==12274== 
==12274== All heap blocks were freed -- no leaks are possible
==12274== 
==12274== For lists of detected and suppressed errors, rerun with: -s
==12274== ERROR SUMMARY: 0 errors from 0 contexts (suppressed: 0 from 0)
<end of output>
Test time =   1.71 sec
----------------------------------------------------------
Test Passed.
"EqualPaths.RootRight" end time: Apr 01 04:49 UTC
"EqualPaths.RootRight" time elapsed: 00:00:01
----------------------------------------------------------

5/66 Testing: EqualPaths.Full1
5/66 Test: EqualPaths.Full1
Command: "/usr/bin/valgrind" "--tool=memcheck" "--leak-check=yes" "--trace-children=no" "/work/hw-jtglover/hw4/hw4_tests/equalpaths_tests/equalpaths_tests" "--gtest_filter=EqualPaths.Full1"
Directory: /work/hw-jtglover/hw4/hw4_tests/equalpaths_tests
"EqualPaths.Full1" start time: Apr 01 04:49 UTC
Output:
----------------------------------------------------------
==12275== Memcheck, a memory error detector
==12275== Copyright (C) 2002-2017, and GNU GPL'd, by Julian Seward et al.
==12275== Using Valgrind-3.15.0 and LibVEX; rerun with -h for copyright info
==12275== Command: /work/hw-jtglover/hw4/hw4_tests/equalpaths_tests/equalpaths_tests --gtest_filter=EqualPaths.Full1
==12275== 
Running main() from /build/googletest-j5yxiC/googletest-1.10.0/googletest/src/gtest_main.cc
Note: Google Test filter = EqualPaths.Full1
[==========] Running 1 test from 1 test suite.
[----------] Global test environment set-up.
[----------] 1 test from EqualPaths
[ RUN      ] EqualPaths.Full1
[       OK ] EqualPaths.Full1 (9 ms)
[----------] 1 test from EqualPaths (15 ms total)

[----------] Global test environment tear-down
[==========] 1 test from 1 test suite ran. (36 ms total)
[  PASSED  ] 1 test.
==12275== 
==12275== HEAP SUMMARY:
==12275==     in use at exit: 0 bytes in 0 blocks
==12275==   total heap usage: 279 allocs, 279 frees, 122,142 bytes allocated
==12275== 
==12275== All heap blocks were freed -- no leaks are possible
==12275== 
==12275== For lists of detected and suppressed errors, rerun with: -s
==12275== ERROR SUMMARY: 0 errors from 0 contexts (suppressed: 0 from 0)
<end of output>
Test time =   1.45 sec
----------------------------------------------------------
Test Passed.
"EqualPaths.Full1" end time: Apr 01 04:49 UTC
"EqualPaths.Full1" time elapsed: 00:00:01
----------------------------------------------------------

6/66 Testing: EqualPaths.TrueTest1
6/66 Test: EqualPaths.TrueTest1
Command: "/usr/bin/valgrind" "--tool=memcheck" "--leak-check=yes" "--trace-children=no" "/work/hw-jtglover/hw4/hw4_tests/equalpaths_tests/equalpaths_tests" "--gtest_filter=EqualPaths.TrueTest1"
Directory: /work/hw-jtglover/hw4/hw4_tests/equalpaths_tests
"EqualPaths.TrueTest1" start time: Apr 01 04:49 UTC
Output:
----------------------------------------------------------
==12276== Memcheck, a memory error detector
==12276== Copyright (C) 2002-2017, and GNU GPL'd, by Julian Seward et al.
==12276== Using Valgrind-3.15.0 and LibVEX; rerun with -h for copyright info
==12276== Command: /work/hw-jtglover/hw4/hw4_tests/equalpaths_tests/equalpaths_tests --gtest_filter=EqualPaths.TrueTest1
==12276== 
Running main() from /build/googletest-j5yxiC/googletest-1.10.0/googletest/src/gtest_main.cc
Note: Google Test filter = EqualPaths.TrueTest1
[==========] Running 1 test from 1 test suite.
[----------] Global test environment set-up.
[----------] 1 test from EqualPaths
[ RUN      ] EqualPaths.TrueTest1
[       OK ] EqualPaths.TrueTest1 (9 ms)
[----------] 1 test from EqualPaths (15 ms total)

[----------] Global test environment tear-down
[==========] 1 test from 1 test suite ran. (37 ms total)
[  PASSED  ] 1 test.
==12276== 
==12276== HEAP SUMMARY:
==12276==     in use at exit: 0 bytes in 0 blocks
==12276==   total heap usage: 279 allocs, 279 frees, 122,170 bytes allocated
==12276== 
==12276== All heap blocks were freed -- no leaks are possible
==12276== 
==12276== For lists of detected and suppressed errors, rerun with: -s
==12276== ERROR SUMMARY: 0 errors from 0 contexts (suppressed: 0 from 0)
<end of output>
Test time =   1.18 sec
----------------------------------------------------------
Test Passed.
"EqualPaths.TrueTest1" end time: Apr 01 04:49 UTC
"EqualPaths.TrueTest1" time elapsed: 00:00:01
----------------------------------------------------------

7/66 Testing: EqualPaths.TrueTest2
7/66 Test: EqualPaths.TrueTest2
Command: "/usr/bin/valgrind" "--tool=memcheck" "--leak-check=yes" "--trace-children=no" "/work/hw-jtglover/hw4/hw4_tests/equalpaths_tests/equalpaths_tests" "--gtest_filter=EqualPaths.TrueTest2"
Directory: /work/hw-jtglover/hw4/hw4_tests/equalpaths_tests
"EqualPaths.TrueTest2" start time: Apr 01 04:49 UTC
Output:
----------------------------------------------------------
==12277== Memcheck, a memory error detector
==12277== Copyright (C) 2002-2017, and GNU GPL'd, by Julian Seward et al.
==12277== Using Valgrind-3.15.0 and LibVEX; rerun with -h for copyright info
==12277== Command: /work/hw-jtglover/hw4/hw4_tests/equalpaths_tests/equalpaths_tests --gtest_filter=EqualPaths.TrueTest2
==12277== 
Running main() from /build/googletest-j5yxiC/googletest-1.10.0/googletest/src/gtest_main.cc
Note: Google Test filter = EqualPaths.TrueTest2
[==========] Running 1 test from 1 test suite.
[----------] Global test environment set-up.
[----------] 1 test from EqualPaths
[ RUN      ] EqualPaths.TrueTest2
[       OK ] EqualPaths.TrueTest2 (27 ms)
[----------] 1 test from EqualPaths (41 ms total)

[----------] Global test environment tear-down
[==========] 1 test from 1 test suite ran. (98 ms total)
[  PASSED  ] 1 test.
==12277== 
==12277== HEAP SUMMARY:
==12277==     in use at exit: 0 bytes in 0 blocks
==12277==   total heap usage: 279 allocs, 279 frees, 122,170 bytes allocated
==12277== 
==12277== All heap blocks were freed -- no leaks are possible
==12277== 
==12277== For lists of detected and suppressed errors, rerun with: -s
==12277== ERROR SUMMARY: 0 errors from 0 contexts (suppressed: 0 from 0)
<end of output>
Test time =   1.44 sec
----------------------------------------------------------
Test Passed.
"EqualPaths.TrueTest2" end time: Apr 01 04:49 UTC
"EqualPaths.TrueTest2" time elapsed: 00:00:01
----------------------------------------------------------

8/66 Testing: EqualPaths.TrueTest3
8/66 Test: EqualPaths.TrueTest3
Command: "/usr/bin/valgrind" "--tool=memcheck" "--leak-check=yes" "--trace-children=no" "/work/hw-jtglover/hw4/hw4_tests/equalpaths_tests/equalpaths_tests" "--gtest_filter=EqualPaths.TrueTest3"
Directory: /work/hw-jtglover/hw4/hw4_tests/equalpaths_tests
"EqualPaths.TrueTest3" start time: Apr 01 04:49 UTC
Output:
----------------------------------------------------------
==12278== Memcheck, a memory error detector
==12278== Copyright (C) 2002-2017, and GNU GPL'd, by Julian Seward et al.
==12278== Using Valgrind-3.15.0 and LibVEX; rerun with -h for copyright info
==12278== Command: /work/hw-jtglover/hw4/hw4_tests/equalpaths_tests/equalpaths_tests --gtest_filter=EqualPaths.TrueTest3
==12278== 
Running main() from /build/googletest-j5yxiC/googletest-1.10.0/googletest/src/gtest_main.cc
Note: Google Test filter = EqualPaths.TrueTest3
[==========] Running 1 test from 1 test suite.
[----------] Global test environment set-up.
[----------] 1 test from EqualPaths
[ RUN      ] EqualPaths.TrueTest3
[       OK ] EqualPaths.TrueTest3 (13 ms)
[----------] 1 test from EqualPaths (20 ms total)

[----------] Global test environment tear-down
[==========] 1 test from 1 test suite ran. (43 ms total)
[  PASSED  ] 1 test.
==12278== 
==12278== HEAP SUMMARY:
==12278==     in use at exit: 0 bytes in 0 blocks
==12278==   total heap usage: 279 allocs, 279 frees, 122,170 bytes allocated
==12278== 
==12278== All heap blocks were freed -- no leaks are possible
==12278== 
==12278== For lists of detected and suppressed errors, rerun with: -s
==12278== ERROR SUMMARY: 0 errors from 0 contexts (suppressed: 0 from 0)
<end of output>
Test time =   1.50 sec
----------------------------------------------------------
Test Passed.
"EqualPaths.TrueTest3" end time: Apr 01 04:49 UTC
"EqualPaths.TrueTest3" time elapsed: 00:00:01
----------------------------------------------------------

9/66 Testing: EqualPaths.TrueTest4
9/66 Test: EqualPaths.TrueTest4
Command: "/usr/bin/valgrind" "--tool=memcheck" "--leak-check=yes" "--trace-children=no" "/work/hw-jtglover/hw4/hw4_tests/equalpaths_tests/equalpaths_tests" "--gtest_filter=EqualPaths.TrueTest4"
Directory: /work/hw-jtglover/hw4/hw4_tests/equalpaths_tests
"EqualPaths.TrueTest4" start time: Apr 01 04:49 UTC
Output:
----------------------------------------------------------
==12279== Memcheck, a memory error detector
==12279== Copyright (C) 2002-2017, and GNU GPL'd, by Julian Seward et al.
==12279== Using Valgrind-3.15.0 and LibVEX; rerun with -h for copyright info
==12279== Command: /work/hw-jtglover/hw4/hw4_tests/equalpaths_tests/equalpaths_tests --gtest_filter=EqualPaths.TrueTest4
==12279== 
Running main() from /build/googletest-j5yxiC/googletest-1.10.0/googletest/src/gtest_main.cc
Note: Google Test filter = EqualPaths.TrueTest4
[==========] Running 1 test from 1 test suite.
[----------] Global test environment set-up.
[----------] 1 test from EqualPaths
[ RUN      ] EqualPaths.TrueTest4
[       OK ] EqualPaths.TrueTest4 (11 ms)
[----------] 1 test from EqualPaths (18 ms total)

[----------] Global test environment tear-down
[==========] 1 test from 1 test suite ran. (46 ms total)
[  PASSED  ] 1 test.
==12279== 
==12279== HEAP SUMMARY:
==12279==     in use at exit: 0 bytes in 0 blocks
==12279==   total heap usage: 279 allocs, 279 frees, 122,170 bytes allocated
==12279== 
==12279== All heap blocks were freed -- no leaks are possible
==12279== 
==12279== For lists of detected and suppressed errors, rerun with: -s
==12279== ERROR SUMMARY: 0 errors from 0 contexts (suppressed: 0 from 0)
<end of output>
Test time =   1.30 sec
----------------------------------------------------------
Test Passed.
"EqualPaths.TrueTest4" end time: Apr 01 04:49 UTC
"EqualPaths.TrueTest4" time elapsed: 00:00:01
----------------------------------------------------------

10/66 Testing: EqualPaths.FalseTest1
10/66 Test: EqualPaths.FalseTest1
Command: "/usr/bin/valgrind" "--tool=memcheck" "--leak-check=yes" "--trace-children=no" "/work/hw-jtglover/hw4/hw4_tests/equalpaths_tests/equalpaths_tests" "--gtest_filter=EqualPaths.FalseTest1"
Directory: /work/hw-jtglover/hw4/hw4_tests/equalpaths_tests
"EqualPaths.FalseTest1" start time: Apr 01 04:49 UTC
Output:
----------------------------------------------------------
==12280== Memcheck, a memory error detector
==12280== Copyright (C) 2002-2017, and GNU GPL'd, by Julian Seward et al.
==12280== Using Valgrind-3.15.0 and LibVEX; rerun with -h for copyright info
==12280== Command: /work/hw-jtglover/hw4/hw4_tests/equalpaths_tests/equalpaths_tests --gtest_filter=EqualPaths.FalseTest1
==12280== 
Running main() from /build/googletest-j5yxiC/googletest-1.10.0/googletest/src/gtest_main.cc
Note: Google Test filter = EqualPaths.FalseTest1
[==========] Running 1 test from 1 test suite.
[----------] Global test environment set-up.
[----------] 1 test from EqualPaths
[ RUN      ] EqualPaths.FalseTest1
[       OK ] EqualPaths.FalseTest1 (11 ms)
[----------] 1 test from EqualPaths (16 ms total)

[----------] Global test environment tear-down
[==========] 1 test from 1 test suite ran. (38 ms total)
[  PASSED  ] 1 test.
==12280== 
==12280== HEAP SUMMARY:
==12280==     in use at exit: 0 bytes in 0 blocks
==12280==   total heap usage: 279 allocs, 279 frees, 122,177 bytes allocated
==12280== 
==12280== All heap blocks were freed -- no leaks are possible
==12280== 
==12280== For lists of detected and suppressed errors, rerun with: -s
==12280== ERROR SUMMARY: 0 errors from 0 contexts (suppressed: 0 from 0)
<end of output>
Test time =   1.20 sec
----------------------------------------------------------
Test Passed.
"EqualPaths.FalseTest1" end time: Apr 01 04:49 UTC
"EqualPaths.FalseTest1" time elapsed: 00:00:01
----------------------------------------------------------

11/66 Testing: EqualPaths.FalseTest2
11/66 Test: EqualPaths.FalseTest2
Command: "/usr/bin/valgrind" "--tool=memcheck" "--leak-check=yes" "--trace-children=no" "/work/hw-jtglover/hw4/hw4_tests/equalpaths_tests/equalpaths_tests" "--gtest_filter=EqualPaths.FalseTest2"
Directory: /work/hw-jtglover/hw4/hw4_tests/equalpaths_tests
"EqualPaths.FalseTest2" start time: Apr 01 04:49 UTC
Output:
----------------------------------------------------------
==12281== Memcheck, a memory error detector
==12281== Copyright (C) 2002-2017, and GNU GPL'd, by Julian Seward et al.
==12281== Using Valgrind-3.15.0 and LibVEX; rerun with -h for copyright info
==12281== Command: /work/hw-jtglover/hw4/hw4_tests/equalpaths_tests/equalpaths_tests --gtest_filter=EqualPaths.FalseTest2
==12281== 
Running main() from /build/googletest-j5yxiC/googletest-1.10.0/googletest/src/gtest_main.cc
Note: Google Test filter = EqualPaths.FalseTest2
[==========] Running 1 test from 1 test suite.
[----------] Global test environment set-up.
[----------] 1 test from EqualPaths
[ RUN      ] EqualPaths.FalseTest2
[       OK ] EqualPaths.FalseTest2 (10 ms)
[----------] 1 test from EqualPaths (15 ms total)

[----------] Global test environment tear-down
[==========] 1 test from 1 test suite ran. (37 ms total)
[  PASSED  ] 1 test.
==12281== 
==12281== HEAP SUMMARY:
==12281==     in use at exit: 0 bytes in 0 blocks
==12281==   total heap usage: 279 allocs, 279 frees, 122,177 bytes allocated
==12281== 
==12281== All heap blocks were freed -- no leaks are possible
==12281== 
==12281== For lists of detected and suppressed errors, rerun with: -s
==12281== ERROR SUMMARY: 0 errors from 0 contexts (suppressed: 0 from 0)
<end of output>
Test time =   1.19 sec
----------------------------------------------------------
Test Passed.
"EqualPaths.FalseTest2" end time: Apr 01 04:49 UTC
"EqualPaths.FalseTest2" time elapsed: 00:00:01
----------------------------------------------------------

12/66 Testing: EqualPaths.FalseTest3
12/66 Test: EqualPaths.FalseTest3
Command: "/usr/bin/valgrind" "--tool=memcheck" "--leak-check=yes" "--trace-children=no" "/work/hw-jtglover/hw4/hw4_tests/equalpaths_tests/equalpaths_tests" "--gtest_filter=EqualPaths.FalseTest3"
Directory: /work/hw-jtglover/hw4/hw4_tests/equalpaths_tests
"EqualPaths.FalseTest3" start time: Apr 01 04:49 UTC
Output:
----------------------------------------------------------
==12282== Memcheck, a memory error detector
==12282== Copyright (C) 2002-2017, and GNU GPL'd, by Julian Seward et al.
==12282== Using Valgrind-3.15.0 and LibVEX; rerun with -h for copyright info
==12282== Command: /work/hw-jtglover/hw4/hw4_tests/equalpaths_tests/equalpaths_tests --gtest_filter=EqualPaths.FalseTest3
==12282== 
Running main() from /build/googletest-j5yxiC/googletest-1.10.0/googletest/src/gtest_main.cc
Note: Google Test filter = EqualPaths.FalseTest3
[==========] Running 1 test from 1 test suite.
[----------] Global test environment set-up.
[----------] 1 test from EqualPaths
[ RUN      ] EqualPaths.FalseTest3
[       OK ] EqualPaths.FalseTest3 (12 ms)
[----------] 1 test from EqualPaths (19 ms total)

[----------] Global test environment tear-down
[==========] 1 test from 1 test suite ran. (49 ms total)
[  PASSED  ] 1 test.
==12282== 
==12282== HEAP SUMMARY:
==12282==     in use at exit: 0 bytes in 0 blocks
==12282==   total heap usage: 279 allocs, 279 frees, 122,177 bytes allocated
==12282== 
==12282== All heap blocks were freed -- no leaks are possible
==12282== 
==12282== For lists of detected and suppressed errors, rerun with: -s
==12282== ERROR SUMMARY: 0 errors from 0 contexts (suppressed: 0 from 0)
<end of output>
Test time =   1.21 sec
----------------------------------------------------------
Test Passed.
"EqualPaths.FalseTest3" end time: Apr 01 04:49 UTC
"EqualPaths.FalseTest3" time elapsed: 00:00:01
----------------------------------------------------------

13/66 Testing: BST.ConstructionDestruction
13/66 Test: BST.ConstructionDestruction
Command: "/usr/bin/valgrind" "--tool=memcheck" "--leak-check=yes" "--trace-children=no" "/work/hw-jtglover/hw4/hw4_tests/bst_tests/bst_tests" "--gtest_filter=BST.ConstructionDestruction"
Directory: /work/hw-jtglover/hw4/hw4_tests/bst_tests
"BST.ConstructionDestruction" start time: Apr 01 04:49 UTC
Output:
----------------------------------------------------------
==12283== Memcheck, a memory error detector
==12283== Copyright (C) 2002-2017, and GNU GPL'd, by Julian Seward et al.
==12283== Using Valgrind-3.15.0 and LibVEX; rerun with -h for copyright info
==12283== Command: /work/hw-jtglover/hw4/hw4_tests/bst_tests/bst_tests --gtest_filter=BST.ConstructionDestruction
==12283== 
Running main() from /build/googletest-j5yxiC/googletest-1.10.0/googletest/src/gtest_main.cc
Note: Google Test filter = BST.ConstructionDestruction
[==========] Running 1 test from 1 test suite.
[----------] Global test environment set-up.
[----------] 1 test from BST
[ RUN      ] BST.ConstructionDestruction
[       OK ] BST.ConstructionDestruction (7 ms)
[----------] 1 test from BST (13 ms total)

[----------] Global test environment tear-down
[==========] 1 test from 1 test suite ran. (35 ms total)
[  PASSED  ] 1 test.
==12283== 
==12283== HEAP SUMMARY:
==12283==     in use at exit: 0 bytes in 0 blocks
==12283==   total heap usage: 504 allocs, 504 frees, 135,338 bytes allocated
==12283== 
==12283== All heap blocks were freed -- no leaks are possible
==12283== 
==12283== For lists of detected and suppressed errors, rerun with: -s
==12283== ERROR SUMMARY: 0 errors from 0 contexts (suppressed: 0 from 0)
<end of output>
Test time =   2.04 sec
----------------------------------------------------------
Test Passed.
"BST.ConstructionDestruction" end time: Apr 01 04:49 UTC
"BST.ConstructionDestruction" time elapsed: 00:00:02
----------------------------------------------------------

14/66 Testing: BSTInsert.JustRoot
14/66 Test: BSTInsert.JustRoot
Command: "/usr/bin/valgrind" "--tool=memcheck" "--leak-check=yes" "--trace-children=no" "/work/hw-jtglover/hw4/hw4_tests/bst_tests/bst_tests" "--gtest_filter=BSTInsert.JustRoot"
Directory: /work/hw-jtglover/hw4/hw4_tests/bst_tests
"BSTInsert.JustRoot" start time: Apr 01 04:49 UTC
Output:
----------------------------------------------------------
==12284== Memcheck, a memory error detector
==12284== Copyright (C) 2002-2017, and GNU GPL'd, by Julian Seward et al.
==12284== Using Valgrind-3.15.0 and LibVEX; rerun with -h for copyright info
==12284== Command: /work/hw-jtglover/hw4/hw4_tests/bst_tests/bst_tests --gtest_filter=BSTInsert.JustRoot
==12284== 
Running main() from /build/googletest-j5yxiC/googletest-1.10.0/googletest/src/gtest_main.cc
Note: Google Test filter = BSTInsert.JustRoot
[==========] Running 1 test from 1 test suite.
[----------] Global test environment set-up.
[----------] 1 test from BSTInsert
[ RUN      ] BSTInsert.JustRoot
[       OK ] BSTInsert.JustRoot (27 ms)
[----------] 1 test from BSTInsert (33 ms total)

[----------] Global test environment tear-down
[==========] 1 test from 1 test suite ran. (55 ms total)
[  PASSED  ] 1 test.
==12284== 
==12284== HEAP SUMMARY:
==12284==     in use at exit: 0 bytes in 0 blocks
==12284==   total heap usage: 506 allocs, 506 frees, 135,435 bytes allocated
==12284== 
==12284== All heap blocks were freed -- no leaks are possible
==12284== 
==12284== For lists of detected and suppressed errors, rerun with: -s
==12284== ERROR SUMMARY: 0 errors from 0 contexts (suppressed: 0 from 0)
<end of output>
Test time =   1.29 sec
----------------------------------------------------------
Test Passed.
"BSTInsert.JustRoot" end time: Apr 01 04:49 UTC
"BSTInsert.JustRoot" time elapsed: 00:00:01
----------------------------------------------------------

15/66 Testing: BSTInsert.DoubleInsertLeft
15/66 Test: BSTInsert.DoubleInsertLeft
Command: "/usr/bin/valgrind" "--tool=memcheck" "--leak-check=yes" "--trace-children=no" "/work/hw-jtglover/hw4/hw4_tests/bst_tests/bst_tests" "--gtest_filter=BSTInsert.DoubleInsertLeft"
Directory: /work/hw-jtglover/hw4/hw4_tests/bst_tests
"BSTInsert.DoubleInsertLeft" start time: Apr 01 04:49 UTC
Output:
----------------------------------------------------------
==12285== Memcheck, a memory error detector
==12285== Copyright (C) 2002-2017, and GNU GPL'd, by Julian Seward et al.
==12285== Using Valgrind-3.15.0 and LibVEX; rerun with -h for copyright info
==12285== Command: /work/hw-jtglover/hw4/hw4_tests/bst_tests/bst_tests --gtest_filter=BSTInsert.DoubleInsertLeft
==12285== 
Running main() from /build/googletest-j5yxiC/googletest-1.10.0/googletest/src/gtest_main.cc
Note: Google Test filter = BSTInsert.DoubleInsertLeft
[==========] Running 1 test from 1 test suite.
[----------] Global test environment set-up.
[----------] 1 test from BSTInsert
[ RUN      ] BSTInsert.DoubleInsertLeft
[       OK ] BSTInsert.DoubleInsertLeft (33 ms)
[----------] 1 test from BSTInsert (39 ms total)

[----------] Global test environment tear-down
[==========] 1 test from 1 test suite ran. (63 ms total)
[  PASSED  ] 1 test.
==12285== 
==12285== HEAP SUMMARY:
==12285==     in use at exit: 0 bytes in 0 blocks
==12285==   total heap usage: 508 allocs, 508 frees, 135,491 bytes allocated
==12285== 
==12285== All heap blocks were freed -- no leaks are possible
==12285== 
==12285== For lists of detected and suppressed errors, rerun with: -s
==12285== ERROR SUMMARY: 0 errors from 0 contexts (suppressed: 0 from 0)
<end of output>
Test time =   1.38 sec
----------------------------------------------------------
Test Passed.
"BSTInsert.DoubleInsertLeft" end time: Apr 01 04:49 UTC
"BSTInsert.DoubleInsertLeft" time elapsed: 00:00:01
----------------------------------------------------------

16/66 Testing: BSTInsert.DoubleInsertRight
16/66 Test: BSTInsert.DoubleInsertRight
Command: "/usr/bin/valgrind" "--tool=memcheck" "--leak-check=yes" "--trace-children=no" "/work/hw-jtglover/hw4/hw4_tests/bst_tests/bst_tests" "--gtest_filter=BSTInsert.DoubleInsertRight"
Directory: /work/hw-jtglover/hw4/hw4_tests/bst_tests
"BSTInsert.DoubleInsertRight" start time: Apr 01 04:49 UTC
Output:
----------------------------------------------------------
==12286== Memcheck, a memory error detector
==12286== Copyright (C) 2002-2017, and GNU GPL'd, by Julian Seward et al.
==12286== Using Valgrind-3.15.0 and LibVEX; rerun with -h for copyright info
==12286== Command: /work/hw-jtglover/hw4/hw4_tests/bst_tests/bst_tests --gtest_filter=BSTInsert.DoubleInsertRight
==12286== 
Running main() from /build/googletest-j5yxiC/googletest-1.10.0/googletest/src/gtest_main.cc
Note: Google Test filter = BSTInsert.DoubleInsertRight
[==========] Running 1 test from 1 test suite.
[----------] Global test environment set-up.
[----------] 1 test from BSTInsert
[ RUN      ] BSTInsert.DoubleInsertRight
[       OK ] BSTInsert.DoubleInsertRight (30 ms)
[----------] 1 test from BSTInsert (37 ms total)

[----------] Global test environment tear-down
[==========] 1 test from 1 test suite ran. (61 ms total)
[  PASSED  ] 1 test.
==12286== 
==12286== HEAP SUMMARY:
==12286==     in use at exit: 0 bytes in 0 blocks
==12286==   total heap usage: 508 allocs, 508 frees, 135,498 bytes allocated
==12286== 
==12286== All heap blocks were freed -- no leaks are possible
==12286== 
==12286== For lists of detected and suppressed errors, rerun with: -s
==12286== ERROR SUMMARY: 0 errors from 0 contexts (suppressed: 0 from 0)
<end of output>
Test time =   1.27 sec
----------------------------------------------------------
Test Passed.
"BSTInsert.DoubleInsertRight" end time: Apr 01 04:49 UTC
"BSTInsert.DoubleInsertRight" time elapsed: 00:00:01
----------------------------------------------------------

17/66 Testing: BSTInsert.InsertZigZigLeft
17/66 Test: BSTInsert.InsertZigZigLeft
Command: "/usr/bin/valgrind" "--tool=memcheck" "--leak-check=yes" "--trace-children=no" "/work/hw-jtglover/hw4/hw4_tests/bst_tests/bst_tests" "--gtest_filter=BSTInsert.InsertZigZigLeft"
Directory: /work/hw-jtglover/hw4/hw4_tests/bst_tests
"BSTInsert.InsertZigZigLeft" start time: Apr 01 04:49 UTC
Output:
----------------------------------------------------------
==12287== Memcheck, a memory error detector
==12287== Copyright (C) 2002-2017, and GNU GPL'd, by Julian Seward et al.
==12287== Using Valgrind-3.15.0 and LibVEX; rerun with -h for copyright info
==12287== Command: /work/hw-jtglover/hw4/hw4_tests/bst_tests/bst_tests --gtest_filter=BSTInsert.InsertZigZigLeft
==12287== 
Running main() from /build/googletest-j5yxiC/googletest-1.10.0/googletest/src/gtest_main.cc
Note: Google Test filter = BSTInsert.InsertZigZigLeft
[==========] Running 1 test from 1 test suite.
[----------] Global test environment set-up.
[----------] 1 test from BSTInsert
[ RUN      ] BSTInsert.InsertZigZigLeft
[       OK ] BSTInsert.InsertZigZigLeft (32 ms)
[----------] 1 test from BSTInsert (37 ms total)

[----------] Global test environment tear-down
[==========] 1 test from 1 test suite ran. (61 ms total)
[  PASSED  ] 1 test.
==12287== 
==12287== HEAP SUMMARY:
==12287==     in use at exit: 0 bytes in 0 blocks
==12287==   total heap usage: 510 allocs, 510 frees, 135,571 bytes allocated
==12287== 
==12287== All heap blocks were freed -- no leaks are possible
==12287== 
==12287== For lists of detected and suppressed errors, rerun with: -s
==12287== ERROR SUMMARY: 0 errors from 0 contexts (suppressed: 0 from 0)
<end of output>
Test time =   1.66 sec
----------------------------------------------------------
Test Passed.
"BSTInsert.InsertZigZigLeft" end time: Apr 01 04:49 UTC
"BSTInsert.InsertZigZigLeft" time elapsed: 00:00:01
----------------------------------------------------------

18/66 Testing: BSTInsert.InsertZigZigRight
18/66 Test: BSTInsert.InsertZigZigRight
Command: "/usr/bin/valgrind" "--tool=memcheck" "--leak-check=yes" "--trace-children=no" "/work/hw-jtglover/hw4/hw4_tests/bst_tests/bst_tests" "--gtest_filter=BSTInsert.InsertZigZigRight"
Directory: /work/hw-jtglover/hw4/hw4_tests/bst_tests
"BSTInsert.InsertZigZigRight" start time: Apr 01 04:49 UTC
Output:
----------------------------------------------------------
==12288== Memcheck, a memory error detector
==12288== Copyright (C) 2002-2017, and GNU GPL'd, by Julian Seward et al.
==12288== Using Valgrind-3.15.0 and LibVEX; rerun with -h for copyright info
==12288== Command: /work/hw-jtglover/hw4/hw4_tests/bst_tests/bst_tests --gtest_filter=BSTInsert.InsertZigZigRight
==12288== 
Running main() from /build/googletest-j5yxiC/googletest-1.10.0/googletest/src/gtest_main.cc
Note: Google Test filter = BSTInsert.InsertZigZigRight
[==========] Running 1 test from 1 test suite.
[----------] Global test environment set-up.
[----------] 1 test from BSTInsert
[ RUN      ] BSTInsert.InsertZigZigRight
[       OK ] BSTInsert.InsertZigZigRight (31 ms)
[----------] 1 test from BSTInsert (36 ms total)

[----------] Global test environment tear-down
[==========] 1 test from 1 test suite ran. (58 ms total)
[  PASSED  ] 1 test.
==12288== 
==12288== HEAP SUMMARY:
==12288==     in use at exit: 0 bytes in 0 blocks
==12288==   total heap usage: 510 allocs, 510 frees, 135,578 bytes allocated
==12288== 
==12288== All heap blocks were freed -- no leaks are possible
==12288== 
==12288== For lists of detected and suppressed errors, rerun with: -s
==12288== ERROR SUMMARY: 0 errors from 0 contexts (suppressed: 0 from 0)
<end of output>
Test time =   1.56 sec
----------------------------------------------------------
Test Passed.
"BSTInsert.InsertZigZigRight" end time: Apr 01 04:49 UTC
"BSTInsert.InsertZigZigRight" time elapsed: 00:00:01
----------------------------------------------------------

19/66 Testing: BSTInsert.InsertZigZagLeft
19/66 Test: BSTInsert.InsertZigZagLeft
Command: "/usr/bin/valgrind" "--tool=memcheck" "--leak-check=yes" "--trace-children=no" "/work/hw-jtglover/hw4/hw4_tests/bst_tests/bst_tests" "--gtest_filter=BSTInsert.InsertZigZagLeft"
Directory: /work/hw-jtglover/hw4/hw4_tests/bst_tests
"BSTInsert.InsertZigZagLeft" start time: Apr 01 04:49 UTC
Output:
----------------------------------------------------------
==12289== Memcheck, a memory error detector
==12289== Copyright (C) 2002-2017, and GNU GPL'd, by Julian Seward et al.
==12289== Using Valgrind-3.15.0 and LibVEX; rerun with -h for copyright info
==12289== Command: /work/hw-jtglover/hw4/hw4_tests/bst_tests/bst_tests --gtest_filter=BSTInsert.InsertZigZagLeft
==12289== 
Running main() from /build/googletest-j5yxiC/googletest-1.10.0/googletest/src/gtest_main.cc
Note: Google Test filter = BSTInsert.InsertZigZagLeft
[==========] Running 1 test from 1 test suite.
[----------] Global test environment set-up.
[----------] 1 test from BSTInsert
[ RUN      ] BSTInsert.InsertZigZagLeft
[       OK ] BSTInsert.InsertZigZagLeft (33 ms)
[----------] 1 test from BSTInsert (39 ms total)

[----------] Global test environment tear-down
[==========] 1 test from 1 test suite ran. (67 ms total)
[  PASSED  ] 1 test.
==12289== 
==12289== HEAP SUMMARY:
==12289==     in use at exit: 0 bytes in 0 blocks
==12289==   total heap usage: 510 allocs, 510 frees, 135,571 bytes allocated
==12289== 
==12289== All heap blocks were freed -- no leaks are possible
==12289== 
==12289== For lists of detected and suppressed errors, rerun with: -s
==12289== ERROR SUMMARY: 0 errors from 0 contexts (suppressed: 0 from 0)
<end of output>
Test time =   1.27 sec
----------------------------------------------------------
Test Passed.
"BSTInsert.InsertZigZagLeft" end time: Apr 01 04:49 UTC
"BSTInsert.InsertZigZagLeft" time elapsed: 00:00:01
----------------------------------------------------------

20/66 Testing: BSTInsert.InsertZigZagRight
20/66 Test: BSTInsert.InsertZigZagRight
Command: "/usr/bin/valgrind" "--tool=memcheck" "--leak-check=yes" "--trace-children=no" "/work/hw-jtglover/hw4/hw4_tests/bst_tests/bst_tests" "--gtest_filter=BSTInsert.InsertZigZagRight"
Directory: /work/hw-jtglover/hw4/hw4_tests/bst_tests
"BSTInsert.InsertZigZagRight" start time: Apr 01 04:49 UTC
Output:
----------------------------------------------------------
==12290== Memcheck, a memory error detector
==12290== Copyright (C) 2002-2017, and GNU GPL'd, by Julian Seward et al.
==12290== Using Valgrind-3.15.0 and LibVEX; rerun with -h for copyright info
==12290== Command: /work/hw-jtglover/hw4/hw4_tests/bst_tests/bst_tests --gtest_filter=BSTInsert.InsertZigZagRight
==12290== 
Running main() from /build/googletest-j5yxiC/googletest-1.10.0/googletest/src/gtest_main.cc
Note: Google Test filter = BSTInsert.InsertZigZagRight
[==========] Running 1 test from 1 test suite.
[----------] Global test environment set-up.
[----------] 1 test from BSTInsert
[ RUN      ] BSTInsert.InsertZigZagRight
[       OK ] BSTInsert.InsertZigZagRight (62 ms)
[----------] 1 test from BSTInsert (71 ms total)

[----------] Global test environment tear-down
[==========] 1 test from 1 test suite ran. (121 ms total)
[  PASSED  ] 1 test.
==12290== 
==12290== HEAP SUMMARY:
==12290==     in use at exit: 0 bytes in 0 blocks
==12290==   total heap usage: 510 allocs, 510 frees, 135,578 bytes allocated
==12290== 
==12290== All heap blocks were freed -- no leaks are possible
==12290== 
==12290== For lists of detected and suppressed errors, rerun with: -s
==12290== ERROR SUMMARY: 0 errors from 0 contexts (suppressed: 0 from 0)
<end of output>
Test time =   1.67 sec
----------------------------------------------------------
Test Passed.
"BSTInsert.InsertZigZagRight" end time: Apr 01 04:49 UTC
"BSTInsert.InsertZigZagRight" time elapsed: 00:00:01
----------------------------------------------------------

21/66 Testing: BSTInsert.7Elements
21/66 Test: BSTInsert.7Elements
Command: "/usr/bin/valgrind" "--tool=memcheck" "--leak-check=yes" "--trace-children=no" "/work/hw-jtglover/hw4/hw4_tests/bst_tests/bst_tests" "--gtest_filter=BSTInsert.7Elements"
Directory: /work/hw-jtglover/hw4/hw4_tests/bst_tests
"BSTInsert.7Elements" start time: Apr 01 04:49 UTC
Output:
----------------------------------------------------------
==12291== Memcheck, a memory error detector
==12291== Copyright (C) 2002-2017, and GNU GPL'd, by Julian Seward et al.
==12291== Using Valgrind-3.15.0 and LibVEX; rerun with -h for copyright info
==12291== Command: /work/hw-jtglover/hw4/hw4_tests/bst_tests/bst_tests --gtest_filter=BSTInsert.7Elements
==12291== 
Running main() from /build/googletest-j5yxiC/googletest-1.10.0/googletest/src/gtest_main.cc
Note: Google Test filter = BSTInsert.7Elements
[==========] Running 1 test from 1 test suite.
[----------] Global test environment set-up.
[----------] 1 test from BSTInsert
[ RUN      ] BSTInsert.7Elements
[       OK ] BSTInsert.7Elements (43 ms)
[----------] 1 test from BSTInsert (49 ms total)

[----------] Global test environment tear-down
[==========] 1 test from 1 test suite ran. (70 ms total)
[  PASSED  ] 1 test.
==12291== 
==12291== HEAP SUMMARY:
==12291==     in use at exit: 0 bytes in 0 blocks
==12291==   total heap usage: 518 allocs, 518 frees, 135,842 bytes allocated
==12291== 
==12291== All heap blocks were freed -- no leaks are possible
==12291== 
==12291== For lists of detected and suppressed errors, rerun with: -s
==12291== ERROR SUMMARY: 0 errors from 0 contexts (suppressed: 0 from 0)
<end of output>
Test time =   1.37 sec
----------------------------------------------------------
Test Passed.
"BSTInsert.7Elements" end time: Apr 01 04:50 UTC
"BSTInsert.7Elements" time elapsed: 00:00:01
----------------------------------------------------------

22/66 Testing: BSTClear.Clear
22/66 Test: BSTClear.Clear
Command: "/usr/bin/valgrind" "--tool=memcheck" "--leak-check=yes" "--trace-children=no" "/work/hw-jtglover/hw4/hw4_tests/bst_tests/bst_tests" "--gtest_filter=BSTClear.Clear"
Directory: /work/hw-jtglover/hw4/hw4_tests/bst_tests
"BSTClear.Clear" start time: Apr 01 04:50 UTC
Output:
----------------------------------------------------------
==12292== Memcheck, a memory error detector
==12292== Copyright (C) 2002-2017, and GNU GPL'd, by Julian Seward et al.
==12292== Using Valgrind-3.15.0 and LibVEX; rerun with -h for copyright info
==12292== Command: /work/hw-jtglover/hw4/hw4_tests/bst_tests/bst_tests --gtest_filter=BSTClear.Clear
==12292== 
Running main() from /build/googletest-j5yxiC/googletest-1.10.0/googletest/src/gtest_main.cc
Note: Google Test filter = BSTClear.Clear
[==========] Running 1 test from 1 test suite.
[----------] Global test environment set-up.
[----------] 1 test from BSTClear
[ RUN      ] BSTClear.Clear
[       OK ] BSTClear.Clear (17 ms)
[----------] 1 test from BSTClear (23 ms total)

[----------] Global test environment tear-down
[==========] 1 test from 1 test suite ran. (45 ms total)
[  PASSED  ] 1 test.
==12292== 
==12292== HEAP SUMMARY:
==12292==     in use at exit: 0 bytes in 0 blocks
==12292==   total heap usage: 473 allocs, 473 frees, 134,306 bytes allocated
==12292== 
==12292== All heap blocks were freed -- no leaks are possible
==12292== 
==12292== For lists of detected and suppressed errors, rerun with: -s
==12292== ERROR SUMMARY: 0 errors from 0 contexts (suppressed: 0 from 0)
<end of output>
Test time =   1.27 sec
----------------------------------------------------------
Test Passed.
"BSTClear.Clear" end time: Apr 01 04:50 UTC
"BSTClear.Clear" time elapsed: 00:00:01
----------------------------------------------------------

23/66 Testing: BSTFind.InvalidFind
23/66 Test: BSTFind.InvalidFind
Command: "/usr/bin/valgrind" "--tool=memcheck" "--leak-check=yes" "--trace-children=no" "/work/hw-jtglover/hw4/hw4_tests/bst_tests/bst_tests" "--gtest_filter=BSTFind.InvalidFind"
Directory: /work/hw-jtglover/hw4/hw4_tests/bst_tests
"BSTFind.InvalidFind" start time: Apr 01 04:50 UTC
Output:
----------------------------------------------------------
==12293== Memcheck, a memory error detector
==12293== Copyright (C) 2002-2017, and GNU GPL'd, by Julian Seward et al.
==12293== Using Valgrind-3.15.0 and LibVEX; rerun with -h for copyright info
==12293== Command: /work/hw-jtglover/hw4/hw4_tests/bst_tests/bst_tests --gtest_filter=BSTFind.InvalidFind
==12293== 
Running main() from /build/googletest-j5yxiC/googletest-1.10.0/googletest/src/gtest_main.cc
Note: Google Test filter = BSTFind.InvalidFind
[==========] Running 1 test from 1 test suite.
[----------] Global test environment set-up.
[----------] 1 test from BSTFind
[ RUN      ] BSTFind.InvalidFind
[       OK ] BSTFind.InvalidFind (13 ms)
[----------] 1 test from BSTFind (18 ms total)

[----------] Global test environment tear-down
[==========] 1 test from 1 test suite ran. (41 ms total)
[  PASSED  ] 1 test.
==12293== 
==12293== HEAP SUMMARY:
==12293==     in use at exit: 0 bytes in 0 blocks
==12293==   total heap usage: 506 allocs, 506 frees, 135,362 bytes allocated
==12293== 
==12293== All heap blocks were freed -- no leaks are possible
==12293== 
==12293== For lists of detected and suppressed errors, rerun with: -s
==12293== ERROR SUMMARY: 0 errors from 0 contexts (suppressed: 0 from 0)
<end of output>
Test time =   1.64 sec
----------------------------------------------------------
Test Passed.
"BSTFind.InvalidFind" end time: Apr 01 04:50 UTC
"BSTFind.InvalidFind" time elapsed: 00:00:01
----------------------------------------------------------

24/66 Testing: BSTInsert.Duplicates
24/66 Test: BSTInsert.Duplicates
Command: "/usr/bin/valgrind" "--tool=memcheck" "--leak-check=yes" "--trace-children=no" "/work/hw-jtglover/hw4/hw4_tests/bst_tests/bst_tests" "--gtest_filter=BSTInsert.Duplicates"
Directory: /work/hw-jtglover/hw4/hw4_tests/bst_tests
"BSTInsert.Duplicates" start time: Apr 01 04:50 UTC
Output:
----------------------------------------------------------
==12294== Memcheck, a memory error detector
==12294== Copyright (C) 2002-2017, and GNU GPL'd, by Julian Seward et al.
==12294== Using Valgrind-3.15.0 and LibVEX; rerun with -h for copyright info
==12294== Command: /work/hw-jtglover/hw4/hw4_tests/bst_tests/bst_tests --gtest_filter=BSTInsert.Duplicates
==12294== 
Running main() from /build/googletest-j5yxiC/googletest-1.10.0/googletest/src/gtest_main.cc
Note: Google Test filter = BSTInsert.Duplicates
[==========] Running 1 test from 1 test suite.
[----------] Global test environment set-up.
[----------] 1 test from BSTInsert
[ RUN      ] BSTInsert.Duplicates
[       OK ] BSTInsert.Duplicates (68 ms)
[----------] 1 test from BSTInsert (79 ms total)

[----------] Global test environment tear-down
[==========] 1 test from 1 test suite ran. (120 ms total)
[  PASSED  ] 1 test.
==12294== 
==12294== HEAP SUMMARY:
==12294==     in use at exit: 0 bytes in 0 blocks
==12294==   total heap usage: 512 allocs, 512 frees, 135,609 bytes allocated
==12294== 
==12294== All heap blocks were freed -- no leaks are possible
==12294== 
==12294== For lists of detected and suppressed errors, rerun with: -s
==12294== ERROR SUMMARY: 0 errors from 0 contexts (suppressed: 0 from 0)
<end of output>
Test time =   1.55 sec
----------------------------------------------------------
Test Passed.
"BSTInsert.Duplicates" end time: Apr 01 04:50 UTC
"BSTInsert.Duplicates" time elapsed: 00:00:01
----------------------------------------------------------

25/66 Testing: BSTInsert.BasicRandom
25/66 Test: BSTInsert.BasicRandom
Command: "/usr/bin/valgrind" "--tool=memcheck" "--leak-check=yes" "--trace-children=no" "/work/hw-jtglover/hw4/hw4_tests/bst_tests/bst_tests" "--gtest_filter=BSTInsert.BasicRandom"
Directory: /work/hw-jtglover/hw4/hw4_tests/bst_tests
"BSTInsert.BasicRandom" start time: Apr 01 04:50 UTC
Output:
----------------------------------------------------------
==12295== Memcheck, a memory error detector
==12295== Copyright (C) 2002-2017, and GNU GPL'd, by Julian Seward et al.
==12295== Using Valgrind-3.15.0 and LibVEX; rerun with -h for copyright info
==12295== Command: /work/hw-jtglover/hw4/hw4_tests/bst_tests/bst_tests --gtest_filter=BSTInsert.BasicRandom
==12295== 
Running main() from /build/googletest-j5yxiC/googletest-1.10.0/googletest/src/gtest_main.cc
Note: Google Test filter = BSTInsert.BasicRandom
[==========] Running 1 test from 1 test suite.
[----------] Global test environment set-up.
[----------] 1 test from BSTInsert
[ RUN      ] BSTInsert.BasicRandom
[       OK ] BSTInsert.BasicRandom (57 ms)
[----------] 1 test from BSTInsert (64 ms total)

[----------] Global test environment tear-down
[==========] 1 test from 1 test suite ran. (85 ms total)
[  PASSED  ] 1 test.
==12295== 
==12295== HEAP SUMMARY:
==12295==     in use at exit: 0 bytes in 0 blocks
==12295==   total heap usage: 525 allocs, 525 frees, 136,136 bytes allocated
==12295== 
==12295== All heap blocks were freed -- no leaks are possible
==12295== 
==12295== For lists of detected and suppressed errors, rerun with: -s
==12295== ERROR SUMMARY: 0 errors from 0 contexts (suppressed: 0 from 0)
<end of output>
Test time =   1.67 sec
----------------------------------------------------------
Test Passed.
"BSTInsert.BasicRandom" end time: Apr 01 04:50 UTC
"BSTInsert.BasicRandom" time elapsed: 00:00:01
----------------------------------------------------------

26/66 Testing: BSTInsert.Random50x30ele
26/66 Test: BSTInsert.Random50x30ele
Command: "/usr/bin/valgrind" "--tool=memcheck" "--leak-check=yes" "--trace-children=no" "/work/hw-jtglover/hw4/hw4_tests/bst_tests/bst_tests" "--gtest_filter=BSTInsert.Random50x30ele"
Directory: /work/hw-jtglover/hw4/hw4_tests/bst_tests
"BSTInsert.Random50x30ele" start time: Apr 01 04:50 UTC
Output:
----------------------------------------------------------
==12296== Memcheck, a memory error detector
==12296== Copyright (C) 2002-2017, and GNU GPL'd, by Julian Seward et al.
==12296== Using Valgrind-3.15.0 and LibVEX; rerun with -h for copyright info
==12296== Command: /work/hw-jtglover/hw4/hw4_tests/bst_tests/bst_tests --gtest_filter=BSTInsert.Random50x30ele
==12296== 
Running main() from /build/googletest-j5yxiC/googletest-1.10.0/googletest/src/gtest_main.cc
Note: Google Test filter = BSTInsert.Random50x30ele
[==========] Running 1 test from 1 test suite.
[----------] Global test environment set-up.
[----------] 1 test from BSTInsert
[ RUN      ] BSTInsert.Random50x30ele
[       OK ] BSTInsert.Random50x30ele (194 ms)
[----------] 1 test from BSTInsert (202 ms total)

[----------] Global test environment tear-down
[==========] 1 test from 1 test suite ran. (227 ms total)
[  PASSED  ] 1 test.
==12296== 
==12296== HEAP SUMMARY:
==12296==     in use at exit: 0 bytes in 0 blocks
==12296==   total heap usage: 3,655 allocs, 3,655 frees, 265,717 bytes allocated
==12296== 
==12296== All heap blocks were freed -- no leaks are possible
==12296== 
==12296== For lists of detected and suppressed errors, rerun with: -s
==12296== ERROR SUMMARY: 0 errors from 0 contexts (suppressed: 0 from 0)
<end of output>
Test time =   1.47 sec
----------------------------------------------------------
Test Passed.
"BSTInsert.Random50x30ele" end time: Apr 01 04:50 UTC
"BSTInsert.Random50x30ele" time elapsed: 00:00:01
----------------------------------------------------------

27/66 Testing: BSTInsert.Random3x5000ele
27/66 Test: BSTInsert.Random3x5000ele
Command: "/usr/bin/valgrind" "--tool=memcheck" "--leak-check=yes" "--trace-children=no" "/work/hw-jtglover/hw4/hw4_tests/bst_tests/bst_tests" "--gtest_filter=BSTInsert.Random3x5000ele"
Directory: /work/hw-jtglover/hw4/hw4_tests/bst_tests
"BSTInsert.Random3x5000ele" start time: Apr 01 04:50 UTC
Output:
----------------------------------------------------------
==12297== Memcheck, a memory error detector
==12297== Copyright (C) 2002-2017, and GNU GPL'd, by Julian Seward et al.
==12297== Using Valgrind-3.15.0 and LibVEX; rerun with -h for copyright info
==12297== Command: /work/hw-jtglover/hw4/hw4_tests/bst_tests/bst_tests --gtest_filter=BSTInsert.Random3x5000ele
==12297== 
Running main() from /build/googletest-j5yxiC/googletest-1.10.0/googletest/src/gtest_main.cc
Note: Google Test filter = BSTInsert.Random3x5000ele
[==========] Running 1 test from 1 test suite.
[----------] Global test environment set-up.
[----------] 1 test from BSTInsert
[ RUN      ] BSTInsert.Random3x5000ele
[       OK ] BSTInsert.Random3x5000ele (854 ms)
[----------] 1 test from BSTInsert (861 ms total)

[----------] Global test environment tear-down
[==========] 1 test from 1 test suite ran. (889 ms total)
[  PASSED  ] 1 test.
==12297== 
==12297== HEAP SUMMARY:
==12297==     in use at exit: 0 bytes in 0 blocks
==12297==   total heap usage: 30,514 allocs, 30,514 frees, 1,395,588 bytes allocated
==12297== 
==12297== All heap blocks were freed -- no leaks are possible
==12297== 
==12297== For lists of detected and suppressed errors, rerun with: -s
==12297== ERROR SUMMARY: 0 errors from 0 contexts (suppressed: 0 from 0)
<end of output>
Test time =   2.53 sec
----------------------------------------------------------
Test Passed.
"BSTInsert.Random3x5000ele" end time: Apr 01 04:50 UTC
"BSTInsert.Random3x5000ele" time elapsed: 00:00:02
----------------------------------------------------------

28/66 Testing: BSTRemove.EmptyTree
28/66 Test: BSTRemove.EmptyTree
Command: "/usr/bin/valgrind" "--tool=memcheck" "--leak-check=yes" "--trace-children=no" "/work/hw-jtglover/hw4/hw4_tests/bst_tests/bst_tests" "--gtest_filter=BSTRemove.EmptyTree"
Directory: /work/hw-jtglover/hw4/hw4_tests/bst_tests
"BSTRemove.EmptyTree" start time: Apr 01 04:50 UTC
Output:
----------------------------------------------------------
==12298== Memcheck, a memory error detector
==12298== Copyright (C) 2002-2017, and GNU GPL'd, by Julian Seward et al.
==12298== Using Valgrind-3.15.0 and LibVEX; rerun with -h for copyright info
==12298== Command: /work/hw-jtglover/hw4/hw4_tests/bst_tests/bst_tests --gtest_filter=BSTRemove.EmptyTree
==12298== 
Running main() from /build/googletest-j5yxiC/googletest-1.10.0/googletest/src/gtest_main.cc
Note: Google Test filter = BSTRemove.EmptyTree
[==========] Running 1 test from 1 test suite.
[----------] Global test environment set-up.
[----------] 1 test from BSTRemove
[ RUN      ] BSTRemove.EmptyTree
[       OK ] BSTRemove.EmptyTree (14 ms)
[----------] 1 test from BSTRemove (30 ms total)

[----------] Global test environment tear-down
[==========] 1 test from 1 test suite ran. (58 ms total)
[  PASSED  ] 1 test.
==12298== 
==12298== HEAP SUMMARY:
==12298==     in use at exit: 0 bytes in 0 blocks
==12298==   total heap usage: 505 allocs, 505 frees, 135,317 bytes allocated
==12298== 
==12298== All heap blocks were freed -- no leaks are possible
==12298== 
==12298== For lists of detected and suppressed errors, rerun with: -s
==12298== ERROR SUMMARY: 0 errors from 0 contexts (suppressed: 0 from 0)
<end of output>
Test time =   1.71 sec
----------------------------------------------------------
Test Passed.
"BSTRemove.EmptyTree" end time: Apr 01 04:50 UTC
"BSTRemove.EmptyTree" time elapsed: 00:00:01
----------------------------------------------------------

29/66 Testing: BSTRemove.NodeMismatch
29/66 Test: BSTRemove.NodeMismatch
Command: "/usr/bin/valgrind" "--tool=memcheck" "--leak-check=yes" "--trace-children=no" "/work/hw-jtglover/hw4/hw4_tests/bst_tests/bst_tests" "--gtest_filter=BSTRemove.NodeMismatch"
Directory: /work/hw-jtglover/hw4/hw4_tests/bst_tests
"BSTRemove.NodeMismatch" start time: Apr 01 04:50 UTC
Output:
----------------------------------------------------------
==12299== Memcheck, a memory error detector
==12299== Copyright (C) 2002-2017, and GNU GPL'd, by Julian Seward et al.
==12299== Using Valgrind-3.15.0 and LibVEX; rerun with -h for copyright info
==12299== Command: /work/hw-jtglover/hw4/hw4_tests/bst_tests/bst_tests --gtest_filter=BSTRemove.NodeMismatch
==12299== 
Running main() from /build/googletest-j5yxiC/googletest-1.10.0/googletest/src/gtest_main.cc
Note: Google Test filter = BSTRemove.NodeMismatch
[==========] Running 1 test from 1 test suite.
[----------] Global test environment set-up.
[----------] 1 test from BSTRemove
[ RUN      ] BSTRemove.NodeMismatch
[       OK ] BSTRemove.NodeMismatch (36 ms)
[----------] 1 test from BSTRemove (43 ms total)

[----------] Global test environment tear-down
[==========] 1 test from 1 test suite ran. (70 ms total)
[  PASSED  ] 1 test.
==12299== 
==12299== HEAP SUMMARY:
==12299==     in use at exit: 0 bytes in 0 blocks
==12299==   total heap usage: 509 allocs, 509 frees, 135,658 bytes allocated
==12299== 
==12299== All heap blocks were freed -- no leaks are possible
==12299== 
==12299== For lists of detected and suppressed errors, rerun with: -s
==12299== ERROR SUMMARY: 0 errors from 0 contexts (suppressed: 0 from 0)
<end of output>
Test time =   1.38 sec
----------------------------------------------------------
Test Passed.
"BSTRemove.NodeMismatch" end time: Apr 01 04:50 UTC
"BSTRemove.NodeMismatch" time elapsed: 00:00:01
----------------------------------------------------------

30/66 Testing: BSTRemove.SingleRemove
30/66 Test: BSTRemove.SingleRemove
Command: "/usr/bin/valgrind" "--tool=memcheck" "--leak-check=yes" "--trace-children=no" "/work/hw-jtglover/hw4/hw4_tests/bst_tests/bst_tests" "--gtest_filter=BSTRemove.SingleRemove"
Directory: /work/hw-jtglover/hw4/hw4_tests/bst_tests
"BSTRemove.SingleRemove" start time: Apr 01 04:50 UTC
Output:
----------------------------------------------------------
==12300== Memcheck, a memory error detector
==12300== Copyright (C) 2002-2017, and GNU GPL'd, by Julian Seward et al.
==12300== Using Valgrind-3.15.0 and LibVEX; rerun with -h for copyright info
==12300== Command: /work/hw-jtglover/hw4/hw4_tests/bst_tests/bst_tests --gtest_filter=BSTRemove.SingleRemove
==12300== 
Running main() from /build/googletest-j5yxiC/googletest-1.10.0/googletest/src/gtest_main.cc
Note: Google Test filter = BSTRemove.SingleRemove
[==========] Running 1 test from 1 test suite.
[----------] Global test environment set-up.
[----------] 1 test from BSTRemove
[ RUN      ] BSTRemove.SingleRemove
[       OK ] BSTRemove.SingleRemove (15 ms)
[----------] 1 test from BSTRemove (20 ms total)

[----------] Global test environment tear-down
[==========] 1 test from 1 test suite ran. (43 ms total)
[  PASSED  ] 1 test.
==12300== 
==12300== HEAP SUMMARY:
==12300==     in use at exit: 0 bytes in 0 blocks
==12300==   total heap usage: 505 allocs, 505 frees, 135,351 bytes allocated
==12300== 
==12300== All heap blocks were freed -- no leaks are possible
==12300== 
==12300== For lists of detected and suppressed errors, rerun with: -s
==12300== ERROR SUMMARY: 0 errors from 0 contexts (suppressed: 0 from 0)
<end of output>
Test time =   1.34 sec
----------------------------------------------------------
Test Passed.
"BSTRemove.SingleRemove" end time: Apr 01 04:50 UTC
"BSTRemove.SingleRemove" time elapsed: 00:00:01
----------------------------------------------------------

31/66 Testing: BSTRemove.RightChildRemove
31/66 Test: BSTRemove.RightChildRemove
Command: "/usr/bin/valgrind" "--tool=memcheck" "--leak-check=yes" "--trace-children=no" "/work/hw-jtglover/hw4/hw4_tests/bst_tests/bst_tests" "--gtest_filter=BSTRemove.RightChildRemove"
Directory: /work/hw-jtglover/hw4/hw4_tests/bst_tests
"BSTRemove.RightChildRemove" start time: Apr 01 04:50 UTC
Output:
----------------------------------------------------------
==12301== Memcheck, a memory error detector
==12301== Copyright (C) 2002-2017, and GNU GPL'd, by Julian Seward et al.
==12301== Using Valgrind-3.15.0 and LibVEX; rerun with -h for copyright info
==12301== Command: /work/hw-jtglover/hw4/hw4_tests/bst_tests/bst_tests --gtest_filter=BSTRemove.RightChildRemove
==12301== 
Running main() from /build/googletest-j5yxiC/googletest-1.10.0/googletest/src/gtest_main.cc
Note: Google Test filter = BSTRemove.RightChildRemove
[==========] Running 1 test from 1 test suite.
[----------] Global test environment set-up.
[----------] 1 test from BSTRemove
[ RUN      ] BSTRemove.RightChildRemove
[       OK ] BSTRemove.RightChildRemove (52 ms)
[----------] 1 test from BSTRemove (58 ms total)

[----------] Global test environment tear-down
[==========] 1 test from 1 test suite ran. (92 ms total)
[  PASSED  ] 1 test.
==12301== 
==12301== HEAP SUMMARY:
==12301==     in use at exit: 0 bytes in 0 blocks
==12301==   total heap usage: 509 allocs, 509 frees, 135,555 bytes allocated
==12301== 
==12301== All heap blocks were freed -- no leaks are possible
==12301== 
==12301== For lists of detected and suppressed errors, rerun with: -s
==12301== ERROR SUMMARY: 0 errors from 0 contexts (suppressed: 0 from 0)
<end of output>
Test time =   1.85 sec
----------------------------------------------------------
Test Passed.
"BSTRemove.RightChildRemove" end time: Apr 01 04:50 UTC
"BSTRemove.RightChildRemove" time elapsed: 00:00:01
----------------------------------------------------------

32/66 Testing: BSTRemove.LeftChildRemove
32/66 Test: BSTRemove.LeftChildRemove
Command: "/usr/bin/valgrind" "--tool=memcheck" "--leak-check=yes" "--trace-children=no" "/work/hw-jtglover/hw4/hw4_tests/bst_tests/bst_tests" "--gtest_filter=BSTRemove.LeftChildRemove"
Directory: /work/hw-jtglover/hw4/hw4_tests/bst_tests
"BSTRemove.LeftChildRemove" start time: Apr 01 04:50 UTC
Output:
----------------------------------------------------------
==12302== Memcheck, a memory error detector
==12302== Copyright (C) 2002-2017, and GNU GPL'd, by Julian Seward et al.
==12302== Using Valgrind-3.15.0 and LibVEX; rerun with -h for copyright info
==12302== Command: /work/hw-jtglover/hw4/hw4_tests/bst_tests/bst_tests --gtest_filter=BSTRemove.LeftChildRemove
==12302== 
Running main() from /build/googletest-j5yxiC/googletest-1.10.0/googletest/src/gtest_main.cc
Note: Google Test filter = BSTRemove.LeftChildRemove
[==========] Running 1 test from 1 test suite.
[----------] Global test environment set-up.
[----------] 1 test from BSTRemove
[ RUN      ] BSTRemove.LeftChildRemove
[       OK ] BSTRemove.LeftChildRemove (38 ms)
[----------] 1 test from BSTRemove (44 ms total)

[----------] Global test environment tear-down
[==========] 1 test from 1 test suite ran. (69 ms total)
[  PASSED  ] 1 test.
==12302== 
==12302== HEAP SUMMARY:
==12302==     in use at exit: 0 bytes in 0 blocks
==12302==   total heap usage: 509 allocs, 509 frees, 135,548 bytes allocated
==12302== 
==12302== All heap blocks were freed -- no leaks are possible
==12302== 
==12302== For lists of detected and suppressed errors, rerun with: -s
==12302== ERROR SUMMARY: 0 errors from 0 contexts (suppressed: 0 from 0)
<end of output>
Test time =   1.36 sec
----------------------------------------------------------
Test Passed.
"BSTRemove.LeftChildRemove" end time: Apr 01 04:50 UTC
"BSTRemove.LeftChildRemove" time elapsed: 00:00:01
----------------------------------------------------------

33/66 Testing: BSTRemove.TwoChildrenRemove_3Node
33/66 Test: BSTRemove.TwoChildrenRemove_3Node
Command: "/usr/bin/valgrind" "--tool=memcheck" "--leak-check=yes" "--trace-children=no" "/work/hw-jtglover/hw4/hw4_tests/bst_tests/bst_tests" "--gtest_filter=BSTRemove.TwoChildrenRemove_3Node"
Directory: /work/hw-jtglover/hw4/hw4_tests/bst_tests
"BSTRemove.TwoChildrenRemove_3Node" start time: Apr 01 04:50 UTC
Output:
----------------------------------------------------------
==12303== Memcheck, a memory error detector
==12303== Copyright (C) 2002-2017, and GNU GPL'd, by Julian Seward et al.
==12303== Using Valgrind-3.15.0 and LibVEX; rerun with -h for copyright info
==12303== Command: /work/hw-jtglover/hw4/hw4_tests/bst_tests/bst_tests --gtest_filter=BSTRemove.TwoChildrenRemove_3Node
==12303== 
Running main() from /build/googletest-j5yxiC/googletest-1.10.0/googletest/src/gtest_main.cc
Note: Google Test filter = BSTRemove.TwoChildrenRemove_3Node
[==========] Running 1 test from 1 test suite.
[----------] Global test environment set-up.
[----------] 1 test from BSTRemove
[ RUN      ] BSTRemove.TwoChildrenRemove_3Node
[       OK ] BSTRemove.TwoChildrenRemove_3Node (39 ms)
[----------] 1 test from BSTRemove (45 ms total)

[----------] Global test environment tear-down
[==========] 1 test from 1 test suite ran. (66 ms total)
[  PASSED  ] 1 test.
==12303== 
==12303== HEAP SUMMARY:
==12303==     in use at exit: 0 bytes in 0 blocks
==12303==   total heap usage: 509 allocs, 509 frees, 135,703 bytes allocated
==12303== 
==12303== All heap blocks were freed -- no leaks are possible
==12303== 
==12303== For lists of detected and suppressed errors, rerun with: -s
==12303== ERROR SUMMARY: 0 errors from 0 contexts (suppressed: 0 from 0)
<end of output>
Test time =   1.37 sec
----------------------------------------------------------
Test Passed.
"BSTRemove.TwoChildrenRemove_3Node" end time: Apr 01 04:50 UTC
"BSTRemove.TwoChildrenRemove_3Node" time elapsed: 00:00:01
----------------------------------------------------------

34/66 Testing: BSTRemove.TwoChildrenRemove_4Node
34/66 Test: BSTRemove.TwoChildrenRemove_4Node
Command: "/usr/bin/valgrind" "--tool=memcheck" "--leak-check=yes" "--trace-children=no" "/work/hw-jtglover/hw4/hw4_tests/bst_tests/bst_tests" "--gtest_filter=BSTRemove.TwoChildrenRemove_4Node"
Directory: /work/hw-jtglover/hw4/hw4_tests/bst_tests
"BSTRemove.TwoChildrenRemove_4Node" start time: Apr 01 04:50 UTC
Output:
----------------------------------------------------------
==12304== Memcheck, a memory error detector
==12304== Copyright (C) 2002-2017, and GNU GPL'd, by Julian Seward et al.
==12304== Using Valgrind-3.15.0 and LibVEX; rerun with -h for copyright info
==12304== Command: /work/hw-jtglover/hw4/hw4_tests/bst_tests/bst_tests --gtest_filter=BSTRemove.TwoChildrenRemove_4Node
==12304== 
Running main() from /build/googletest-j5yxiC/googletest-1.10.0/googletest/src/gtest_main.cc
Note: Google Test filter = BSTRemove.TwoChildrenRemove_4Node
[==========] Running 1 test from 1 test suite.
[----------] Global test environment set-up.
[----------] 1 test from BSTRemove
[ RUN      ] BSTRemove.TwoChildrenRemove_4Node
[       OK ] BSTRemove.TwoChildrenRemove_4Node (52 ms)
[----------] 1 test from BSTRemove (61 ms total)

[----------] Global test environment tear-down
[==========] 1 test from 1 test suite ran. (83 ms total)
[  PASSED  ] 1 test.
==12304== 
==12304== HEAP SUMMARY:
==12304==     in use at exit: 0 bytes in 0 blocks
==12304==   total heap usage: 511 allocs, 511 frees, 135,791 bytes allocated
==12304== 
==12304== All heap blocks were freed -- no leaks are possible
==12304== 
==12304== For lists of detected and suppressed errors, rerun with: -s
==12304== ERROR SUMMARY: 0 errors from 0 contexts (suppressed: 0 from 0)
<end of output>
Test time =   1.36 sec
----------------------------------------------------------
Test Passed.
"BSTRemove.TwoChildrenRemove_4Node" end time: Apr 01 04:50 UTC
"BSTRemove.TwoChildrenRemove_4Node" time elapsed: 00:00:01
----------------------------------------------------------

35/66 Testing: BSTRemove.Random50x30ele
35/66 Test: BSTRemove.Random50x30ele
Command: "/usr/bin/valgrind" "--tool=memcheck" "--leak-check=yes" "--trace-children=no" "/work/hw-jtglover/hw4/hw4_tests/bst_tests/bst_tests" "--gtest_filter=BSTRemove.Random50x30ele"
Directory: /work/hw-jtglover/hw4/hw4_tests/bst_tests
"BSTRemove.Random50x30ele" start time: Apr 01 04:50 UTC
Output:
----------------------------------------------------------
==12305== Memcheck, a memory error detector
==12305== Copyright (C) 2002-2017, and GNU GPL'd, by Julian Seward et al.
==12305== Using Valgrind-3.15.0 and LibVEX; rerun with -h for copyright info
==12305== Command: /work/hw-jtglover/hw4/hw4_tests/bst_tests/bst_tests --gtest_filter=BSTRemove.Random50x30ele
==12305== 
Running main() from /build/googletest-j5yxiC/googletest-1.10.0/googletest/src/gtest_main.cc
Note: Google Test filter = BSTRemove.Random50x30ele
[==========] Running 1 test from 1 test suite.
[----------] Global test environment set-up.
[----------] 1 test from BSTRemove
[ RUN      ] BSTRemove.Random50x30ele
[       OK ] BSTRemove.Random50x30ele (2038 ms)
[----------] 1 test from BSTRemove (2046 ms total)

[----------] Global test environment tear-down
[==========] 1 test from 1 test suite ran. (2080 ms total)
[  PASSED  ] 1 test.
==12305== 
==12305== HEAP SUMMARY:
==12305==     in use at exit: 0 bytes in 0 blocks
==12305==   total heap usage: 2,561 allocs, 2,561 frees, 226,157 bytes allocated
==12305== 
==12305== All heap blocks were freed -- no leaks are possible
==12305== 
==12305== For lists of detected and suppressed errors, rerun with: -s
==12305== ERROR SUMMARY: 0 errors from 0 contexts (suppressed: 0 from 0)
<end of output>
Test time =   3.36 sec
----------------------------------------------------------
Test Passed.
"BSTRemove.Random50x30ele" end time: Apr 01 04:50 UTC
"BSTRemove.Random50x30ele" time elapsed: 00:00:03
----------------------------------------------------------

36/66 Testing: BSTStress.InsertRemove
36/66 Test: BSTStress.InsertRemove
Command: "/usr/bin/valgrind" "--tool=memcheck" "--leak-check=yes" "--trace-children=no" "/work/hw-jtglover/hw4/hw4_tests/bst_tests/bst_tests" "--gtest_filter=BSTStress.InsertRemove"
Directory: /work/hw-jtglover/hw4/hw4_tests/bst_tests
"BSTStress.InsertRemove" start time: Apr 01 04:50 UTC
Output:
----------------------------------------------------------
==12306== Memcheck, a memory error detector
==12306== Copyright (C) 2002-2017, and GNU GPL'd, by Julian Seward et al.
==12306== Using Valgrind-3.15.0 and LibVEX; rerun with -h for copyright info
==12306== Command: /work/hw-jtglover/hw4/hw4_tests/bst_tests/bst_tests --gtest_filter=BSTStress.InsertRemove
==12306== 
Running main() from /build/googletest-j5yxiC/googletest-1.10.0/googletest/src/gtest_main.cc
Note: Google Test filter = BSTStress.InsertRemove
[==========] Running 1 test from 1 test suite.
[----------] Global test environment set-up.
[----------] 1 test from BSTStress
[ RUN      ] BSTStress.InsertRemove
[       OK ] BSTStress.InsertRemove (130 ms)
[----------] 1 test from BSTStress (137 ms total)

[----------] Global test environment tear-down
[==========] 1 test from 1 test suite ran. (161 ms total)
[  PASSED  ] 1 test.
==12306== 
==12306== HEAP SUMMARY:
==12306==     in use at exit: 0 bytes in 0 blocks
==12306==   total heap usage: 762 allocs, 762 frees, 147,479 bytes allocated
==12306== 
==12306== All heap blocks were freed -- no leaks are possible
==12306== 
==12306== For lists of detected and suppressed errors, rerun with: -s
==12306== ERROR SUMMARY: 0 errors from 0 contexts (suppressed: 0 from 0)
<end of output>
Test time =   1.41 sec
----------------------------------------------------------
Test Passed.
"BSTStress.InsertRemove" end time: Apr 01 04:50 UTC
"BSTStress.InsertRemove" time elapsed: 00:00:01
----------------------------------------------------------

37/66 Testing: BSTStress.Remove
37/66 Test: BSTStress.Remove
Command: "/usr/bin/valgrind" "--tool=memcheck" "--leak-check=yes" "--trace-children=no" "/work/hw-jtglover/hw4/hw4_tests/bst_tests/bst_tests" "--gtest_filter=BSTStress.Remove"
Directory: /work/hw-jtglover/hw4/hw4_tests/bst_tests
"BSTStress.Remove" start time: Apr 01 04:50 UTC
Output:
----------------------------------------------------------
==12307== Memcheck, a memory error detector
==12307== Copyright (C) 2002-2017, and GNU GPL'd, by Julian Seward et al.
==12307== Using Valgrind-3.15.0 and LibVEX; rerun with -h for copyright info
==12307== Command: /work/hw-jtglover/hw4/hw4_tests/bst_tests/bst_tests --gtest_filter=BSTStress.Remove
==12307== 
Running main() from /build/googletest-j5yxiC/googletest-1.10.0/googletest/src/gtest_main.cc
Note: Google Test filter = BSTStress.Remove
[==========] Running 1 test from 1 test suite.
[----------] Global test environment set-up.
[----------] 1 test from BSTStress
[ RUN      ] BSTStress.Remove
Before any removals, tree is: 
                     [02]
           ┌─────────┘  └─────────┐                        
         [01]                    [03]
                                    └───┐            
                                       [04]
                                          └┐      
                                          [05]

Tree Placeholders:------------------
[01] -> (1, <error: lookup failed>)
[02] -> (2, 8)
[03] -> (3, <error: lookup failed>)
[04] -> (10, <error: lookup failed>)
[05] -> (15, <error: lookup failed>)

After removing -1 (which doesn't exist), tree is: 
                     [02]
           ┌─────────┘  └─────────┐                        
         [01]                    [03]
                                    └───┐            
                                       [04]
                                          └┐      
                                          [05]

Tree Placeholders:------------------
[01] -> (1, <error: lookup failed>)
[02] -> (2, 8)
[03] -> (3, <error: lookup failed>)
[04] -> (10, <error: lookup failed>)
[05] -> (15, <error: lookup failed>)

After removing 2 (the root), tree is: 
                     [01]
                        └─────────┐                        
                                 [02]
                                    └───┐            
                                       [03]
                                          └┐      
                                          [04]

Tree Placeholders:------------------
[01] -> (1, -50)
[02] -> (3, <error: lookup failed>)
[03] -> (10, <error: lookup failed>)
[04] -> (15, <error: lookup failed>)

After removing 10, tree is: 
                     [01]
                        └─────────┐                        
                                 [02]
                                    └───┐            
                                       [03]
                                          └┐      
                                          [04]

Tree Placeholders:------------------
[01] -> (1, -50)
[02] -> (3, <error: lookup failed>)
[03] -> (10, <error: lookup failed>)
[04] -> (15, <error: lookup failed>)

After removing 1, tree is: 
         [01]
            └───┐            
               [02]
                  └┐      
                  [03]

Tree Placeholders:------------------
[01] -> (3, 0)
[02] -> (10, <error: lookup failed>)
[03] -> (15, <error: lookup failed>)

After removing 3, tree is: 
   [01]
      └┐      
      [02]

Tree Placeholders:------------------
[01] -> (10, 0)
[02] -> (15, <error: lookup failed>)

After removing 15 (the last element), tree is: 
   [01]
      └┐      
      [02]

Tree Placeholders:------------------
[01] -> (10, 0)
[02] -> (15, <error: lookup failed>)

After removing 15 (which doesn't exist), tree is: 
   [01]
      └┐      
      [02]

Tree Placeholders:------------------
[01] -> (10, 0)
[02] -> (15, <error: lookup failed>)

[       OK ] BSTStress.Remove (119 ms)
[----------] 1 test from BSTStress (125 ms total)

[----------] Global test environment tear-down
[==========] 1 test from 1 test suite ran. (147 ms total)
[  PASSED  ] 1 test.
==12307== 
==12307== HEAP SUMMARY:
==12307==     in use at exit: 0 bytes in 0 blocks
==12307==   total heap usage: 621 allocs, 621 frees, 139,293 bytes allocated
==12307== 
==12307== All heap blocks were freed -- no leaks are possible
==12307== 
==12307== For lists of detected and suppressed errors, rerun with: -s
==12307== ERROR SUMMARY: 0 errors from 0 contexts (suppressed: 0 from 0)
<end of output>
Test time =   1.42 sec
----------------------------------------------------------
Test Passed.
"BSTStress.Remove" end time: Apr 01 04:50 UTC
"BSTStress.Remove" time elapsed: 00:00:01
----------------------------------------------------------

38/66 Testing: BSTBalance.EmptyTree
38/66 Test: BSTBalance.EmptyTree
Command: "/usr/bin/valgrind" "--tool=memcheck" "--leak-check=yes" "--trace-children=no" "/work/hw-jtglover/hw4/hw4_tests/bst_tests/bst_tests" "--gtest_filter=BSTBalance.EmptyTree"
Directory: /work/hw-jtglover/hw4/hw4_tests/bst_tests
"BSTBalance.EmptyTree" start time: Apr 01 04:50 UTC
Output:
----------------------------------------------------------
==12308== Memcheck, a memory error detector
==12308== Copyright (C) 2002-2017, and GNU GPL'd, by Julian Seward et al.
==12308== Using Valgrind-3.15.0 and LibVEX; rerun with -h for copyright info
==12308== Command: /work/hw-jtglover/hw4/hw4_tests/bst_tests/bst_tests --gtest_filter=BSTBalance.EmptyTree
==12308== 
Running main() from /build/googletest-j5yxiC/googletest-1.10.0/googletest/src/gtest_main.cc
Note: Google Test filter = BSTBalance.EmptyTree
[==========] Running 1 test from 1 test suite.
[----------] Global test environment set-up.
[----------] 1 test from BSTBalance
[ RUN      ] BSTBalance.EmptyTree
[       OK ] BSTBalance.EmptyTree (7 ms)
[----------] 1 test from BSTBalance (17 ms total)

[----------] Global test environment tear-down
[==========] 1 test from 1 test suite ran. (52 ms total)
[  PASSED  ] 1 test.
==12308== 
==12308== HEAP SUMMARY:
==12308==     in use at exit: 0 bytes in 0 blocks
==12308==   total heap usage: 504 allocs, 504 frees, 135,289 bytes allocated
==12308== 
==12308== All heap blocks were freed -- no leaks are possible
==12308== 
==12308== For lists of detected and suppressed errors, rerun with: -s
==12308== ERROR SUMMARY: 0 errors from 0 contexts (suppressed: 0 from 0)
<end of output>
Test time =   1.90 sec
----------------------------------------------------------
Test Passed.
"BSTBalance.EmptyTree" end time: Apr 01 04:50 UTC
"BSTBalance.EmptyTree" time elapsed: 00:00:01
----------------------------------------------------------

39/66 Testing: BSTBalance.OneNode
39/66 Test: BSTBalance.OneNode
Command: "/usr/bin/valgrind" "--tool=memcheck" "--leak-check=yes" "--trace-children=no" "/work/hw-jtglover/hw4/hw4_tests/bst_tests/bst_tests" "--gtest_filter=BSTBalance.OneNode"
Directory: /work/hw-jtglover/hw4/hw4_tests/bst_tests
"BSTBalance.OneNode" start time: Apr 01 04:50 UTC
Output:
----------------------------------------------------------
==12309== Memcheck, a memory error detector
==12309== Copyright (C) 2002-2017, and GNU GPL'd, by Julian Seward et al.
==12309== Using Valgrind-3.15.0 and LibVEX; rerun with -h for copyright info
==12309== Command: /work/hw-jtglover/hw4/hw4_tests/bst_tests/bst_tests --gtest_filter=BSTBalance.OneNode
==12309== 
Running main() from /build/googletest-j5yxiC/googletest-1.10.0/googletest/src/gtest_main.cc
Note: Google Test filter = BSTBalance.OneNode
[==========] Running 1 test from 1 test suite.
[----------] Global test environment set-up.
[----------] 1 test from BSTBalance
[ RUN      ] BSTBalance.OneNode
[       OK ] BSTBalance.OneNode (14 ms)
[----------] 1 test from BSTBalance (19 ms total)

[----------] Global test environment tear-down
[==========] 1 test from 1 test suite ran. (43 ms total)
[  PASSED  ] 1 test.
==12309== 
==12309== HEAP SUMMARY:
==12309==     in use at exit: 0 bytes in 0 blocks
==12309==   total heap usage: 505 allocs, 505 frees, 135,371 bytes allocated
==12309== 
==12309== All heap blocks were freed -- no leaks are possible
==12309== 
==12309== For lists of detected and suppressed errors, rerun with: -s
==12309== ERROR SUMMARY: 0 errors from 0 contexts (suppressed: 0 from 0)
<end of output>
Test time =   1.31 sec
----------------------------------------------------------
Test Passed.
"BSTBalance.OneNode" end time: Apr 01 04:50 UTC
"BSTBalance.OneNode" time elapsed: 00:00:01
----------------------------------------------------------

40/66 Testing: BSTBalance.3Nodes_Unbalanced
40/66 Test: BSTBalance.3Nodes_Unbalanced
Command: "/usr/bin/valgrind" "--tool=memcheck" "--leak-check=yes" "--trace-children=no" "/work/hw-jtglover/hw4/hw4_tests/bst_tests/bst_tests" "--gtest_filter=BSTBalance.3Nodes_Unbalanced"
Directory: /work/hw-jtglover/hw4/hw4_tests/bst_tests
"BSTBalance.3Nodes_Unbalanced" start time: Apr 01 04:50 UTC
Output:
----------------------------------------------------------
==12310== Memcheck, a memory error detector
==12310== Copyright (C) 2002-2017, and GNU GPL'd, by Julian Seward et al.
==12310== Using Valgrind-3.15.0 and LibVEX; rerun with -h for copyright info
==12310== Command: /work/hw-jtglover/hw4/hw4_tests/bst_tests/bst_tests --gtest_filter=BSTBalance.3Nodes_Unbalanced
==12310== 
Running main() from /build/googletest-j5yxiC/googletest-1.10.0/googletest/src/gtest_main.cc
Note: Google Test filter = BSTBalance.3Nodes_Unbalanced
[==========] Running 1 test from 1 test suite.
[----------] Global test environment set-up.
[----------] 1 test from BSTBalance
[ RUN      ] BSTBalance.3Nodes_Unbalanced
[       OK ] BSTBalance.3Nodes_Unbalanced (18 ms)
[----------] 1 test from BSTBalance (24 ms total)

[----------] Global test environment tear-down
[==========] 1 test from 1 test suite ran. (50 ms total)
[  PASSED  ] 1 test.
[...]
                                                                                                      └┐                      └┐                                  └┐                              
                                                                                                      [13]                    [18]                                [25]                        

Tree Placeholders:------------------
[01] -> (-147, <error: lookup failed>)
[02] -> (-144, <error: lookup failed>)
[03] -> (-142, <error: lookup failed>)
[04] -> (-128, <error: lookup failed>)
[05] -> (-117, <error: lookup failed>)
[06] -> (-96, <error: lookup failed>)
[07] -> (-89, <error: lookup failed>)
[08] -> (-77, <error: lookup failed>)
[09] -> (-73, <error: lookup failed>)
[10] -> (-64, <error: lookup failed>)
[11] -> (-61, -61)
[12] -> (-22, <error: lookup failed>)
[13] -> (-20, <error: lookup failed>)
[14] -> (2, <error: lookup failed>)
[15] -> (16, <error: lookup failed>)
[16] -> (21, <error: lookup failed>)
[17] -> (28, <error: lookup failed>)
[18] -> (41, <error: lookup failed>)
[19] -> (45, <error: lookup failed>)
[20] -> (50, <error: lookup failed>)
[21] -> (56, <error: lookup failed>)
[22] -> (71, <error: lookup failed>)
[23] -> (75, <error: lookup failed>)
[24] -> (105, <error: lookup failed>)
[25] -> (106, <error: lookup failed>)
[26] -> (114, <error: lookup failed>)
[27] -> (123, <error: lookup failed>)
[28] -> (144, <error: lookup failed>)
[29] -> (147, <error: lookup failed>)

Balance error!
Tree was: 
                                                                                             [26]
                                               ┌─────────────────────────────────────────────┘  └─────────────────────────────────────────────┐                                                                                                
                                             [15]                                                                                            [35]
                       ┌─────────────────────┘  └─────────────────────┐                                                ┌─────────────────────┘  └─────────────────────┐                                                
                     [08]                                            [21]                                            [31]                                            [42]
           ┌─────────┘  └─────────┐                        ┌─────────┘  └─────────┐                        ┌─────────┘  └─────────┐                        ┌─────────┘  └─────────┐                        
         [04]                    [12]                    [17]                    [24]                    [29]                    [33]                    [39]                    [46]
     ┌───┘  └───┐            ┌───┘  └───┐            ┌───┘  └───┐            ┌───┘  └───┐            ┌───┘  └───┐            ┌───┘  └───┐            ┌───┘  └───┐            ┌───┘  └───┐            
   [02]        [06]        [10]        [14]        [16]        [19]        [23]        [25]        [27]        [30]        [32]        [34]        [37]        [40]        [44]        [48]
  ┌┘  └┐      ┌┘  └┐      ┌┘  └┐      ┌┘                      ┌┘  └┐      ┌┘                          └┐                                          ┌┘  └┐          └┐      ┌┘  └┐      ┌┘  └┐      
[01]  [03]  [05]  [07]  [09]  [11]  [13]                    [18]  [20]  [22]                          [28]                                      [36]  [38]        [41]  [43]  [45]  [47]  [49]

Tree Placeholders:------------------
[01] -> (-144, <error: lookup failed>)
[02] -> (-128, <error: lookup failed>)
[03] -> (-121, <error: lookup failed>)
[04] -> (-117, <error: lookup failed>)
[05] -> (-101, <error: lookup failed>)
[06] -> (-96, <error: lookup failed>)
[07] -> (-89, <error: lookup failed>)
[08] -> (-86, <error: lookup failed>)
[09] -> (-82, <error: lookup failed>)
[10] -> (-81, <error: lookup failed>)
[11] -> (-79, <error: lookup failed>)
[12] -> (-77, <error: lookup failed>)
[13] -> (-72, <error: lookup failed>)
[14] -> (-64, <error: lookup failed>)
[15] -> (-61, <error: lookup failed>)
[16] -> (-58, <error: lookup failed>)
[17] -> (-51, <error: lookup failed>)
[18] -> (-46, <error: lookup failed>)
[19] -> (-24, <error: lookup failed>)
[20] -> (-22, <error: lookup failed>)
[21] -> (-20, <error: lookup failed>)
[22] -> (-8, <error: lookup failed>)
[23] -> (-2, <error: lookup failed>)
[24] -> (2, <error: lookup failed>)
[25] -> (16, <error: lookup failed>)
[26] -> (21, 21)
[27] -> (28, <error: lookup failed>)
[28] -> (41, <error: lookup failed>)
[29] -> (45, <error: lookup failed>)
[30] -> (50, <error: lookup failed>)
[31] -> (56, <error: lookup failed>)
[32] -> (70, <error: lookup failed>)
[33] -> (71, <error: lookup failed>)
[34] -> (73, <error: lookup failed>)
[35] -> (75, <error: lookup failed>)
[36] -> (79, <error: lookup failed>)
[37] -> (81, <error: lookup failed>)
[38] -> (83, <error: lookup failed>)
[39] -> (99, <error: lookup failed>)
[40] -> (105, <error: lookup failed>)
[41] -> (106, <error: lookup failed>)
[42] -> (114, <error: lookup failed>)
[43] -> (123, <error: lookup failed>)
[44] -> (133, <error: lookup failed>)
[45] -> (134, <error: lookup failed>)
[46] -> (144, <error: lookup failed>)
[47] -> (146, <error: lookup failed>)
[48] -> (147, <error: lookup failed>)
[49] -> (149, <error: lookup failed>)

/work/hw-jtglover/hw4/hw4_tests/avl_tests/test_remove.cpp:126: Failure
Value of: verifyAVL(testTree, randomData)
  Actual: false (AVL balance error: subtree rooted at -64 is out of balance!  Left child has height 2, and right child has height 0.)
Expected: true
[  FAILED  ] AVLRemove.Random50x30ele (626 ms)
[----------] 1 test from AVLRemove (636 ms total)

[----------] Global test environment tear-down
[==========] 1 test from 1 test suite ran. (671 ms total)
[  PASSED  ] 0 tests.
[  FAILED  ] 1 test, listed below:
[  FAILED  ] AVLRemove.Random50x30ele

 1 FAILED TEST
==12334== 
==12334== HEAP SUMMARY:
==12334==     in use at exit: 0 bytes in 0 blocks
==12334==   total heap usage: 2,851 allocs, 2,851 frees, 275,091 bytes allocated
==12334== 
==12334== All heap blocks were freed -- no leaks are possible
==12334== 
==12334== For lists of detected and suppressed errors, rerun with: -s
==12334== ERROR SUMMARY: 0 errors from 0 contexts (suppressed: 0 from 0)
<end of output>
Test time =   2.33 sec
----------------------------------------------------------
Test Failed.
"AVLRemove.Random50x30ele" end time: Apr 01 04:51 UTC
"AVLRemove.Random50x30ele" time elapsed: 00:00:02
----------------------------------------------------------

65/66 Testing: AVLStress.InsertRemove
65/66 Test: AVLStress.InsertRemove
Command: "/usr/bin/valgrind" "--tool=memcheck" "--leak-check=yes" "--trace-children=no" "/work/hw-jtglover/hw4/hw4_tests/avl_tests/avl_tests" "--gtest_filter=AVLStress.InsertRemove"
Directory: /work/hw-jtglover/hw4/hw4_tests/avl_tests
"AVLStress.InsertRemove" start time: Apr 01 04:51 UTC
Output:
----------------------------------------------------------
==12335== Memcheck, a memory error detector
==12335== Copyright (C) 2002-2017, and GNU GPL'd, by Julian Seward et al.
==12335== Using Valgrind-3.15.0 and LibVEX; rerun with -h for copyright info
==12335== Command: /work/hw-jtglover/hw4/hw4_tests/avl_tests/avl_tests --gtest_filter=AVLStress.InsertRemove
==12335== 
Running main() from /build/googletest-j5yxiC/googletest-1.10.0/googletest/src/gtest_main.cc
Note: Google Test filter = AVLStress.InsertRemove
[==========] Running 1 test from 1 test suite.
[----------] Global test environment set-up.
[----------] 1 test from AVLStress
[ RUN      ] AVLStress.InsertRemove
[01]

Tree Placeholders:------------------
[01] -> (5, five)

[01]

Tree Placeholders:------------------
[01] -> (5, five)

   [02]
  ┌┘          
[01]      

Tree Placeholders:------------------
[01] -> (3, <error: lookup failed>)
[02] -> (5, five)

[01]

Tree Placeholders:------------------
[01] -> (3, three)

   [02]
  ┌┘  └┐      
[01]  [03]

Tree Placeholders:------------------
[01] -> (3, <error: lookup failed>)
[02] -> (5, five)
[03] -> (7, <error: lookup failed>)

   [01]
      └┐      
      [02]

Tree Placeholders:------------------
[01] -> (3, three)
[02] -> (7, <error: lookup failed>)

   [01]
      └┐      
      [02]

Tree Placeholders:------------------
[01] -> (3, three)
[02] -> (7, <error: lookup failed>)

         [03]
     ┌───┘  └───┐            
   [01]        [04]
      └┐                  
      [02]            

Tree Placeholders:------------------
[01] -> (3, <error: lookup failed>)
[02] -> (4, <error: lookup failed>)
[03] -> (5, five)
[04] -> (7, <error: lookup failed>)

         [03]
     ┌───┘  └───┐            
   [01]        [05]
      └┐      ┌┘          
      [02]  [04]      

Tree Placeholders:------------------
[01] -> (3, <error: lookup failed>)
[02] -> (4, <error: lookup failed>)
[03] -> (5, five)
[04] -> (6, <error: lookup failed>)
[05] -> (7, <error: lookup failed>)

         [03]
     ┌───┘  └───┐            
   [01]        [05]
      └┐      ┌┘          
      [02]  [04]      

Tree Placeholders:------------------
[01] -> (3, <error: lookup failed>)
[02] -> (4, <error: lookup failed>)
[03] -> (5, five)
[04] -> (6, <error: lookup failed>)
[05] -> (7, <error: lookup failed>)

         [03]
     ┌───┘  └───┐            
   [01]        [05]
      └┐      ┌┘  └┐      
      [02]  [04]  [06]

Tree Placeholders:------------------
[01] -> (3, <error: lookup failed>)
[02] -> (4, <error: lookup failed>)
[03] -> (5, five)
[04] -> (6, <error: lookup failed>)
[05] -> (7, <error: lookup failed>)
[06] -> (9, <error: lookup failed>)

         [02]
     ┌───┘  └───┐            
   [01]        [04]
              ┌┘  └┐      
            [03]  [05]

Tree Placeholders:------------------
[01] -> (3, <error: lookup failed>)
[02] -> (4, four)
[03] -> (6, <error: lookup failed>)
[04] -> (7, <error: lookup failed>)
[05] -> (9, <error: lookup failed>)

         [02]
     ┌───┘  └───┐            
   [01]        [04]
              ┌┘  └┐      
            [03]  [05]

Tree Placeholders:------------------
[01] -> (3, <error: lookup failed>)
[02] -> (4, four)
[03] -> (6, <error: lookup failed>)
[04] -> (7, <error: lookup failed>)
[05] -> (9, <error: lookup failed>)

                     [03]
           ┌─────────┘  └─────────┐                        
         [01]                    [05]
            └───┐            ┌───┘  └───┐            
               [02]        [04]        [06]
                                          └┐      
                                          [07]

Tree Placeholders:------------------
[01] -> (3, <error: lookup failed>)
[02] -> (4, <error: lookup failed>)
[03] -> (5, five)
[04] -> (6, <error: lookup failed>)
[05] -> (7, <error: lookup failed>)
[06] -> (9, <error: lookup failed>)
[07] -> (10, <error: lookup failed>)

Balance error!
Tree was: 
                     [02]
           ┌─────────┘  └─────────┐                        
         [01]                    [04]
                             ┌───┘  └───┐            
                           [03]        [05]
                                          └┐      
                                          [06]

Tree Placeholders:------------------
[01] -> (3, <error: lookup failed>)
[02] -> (4, four)
[03] -> (6, <error: lookup failed>)
[04] -> (7, <error: lookup failed>)
[05] -> (9, <error: lookup failed>)
[06] -> (10, <error: lookup failed>)

/work/hw-jtglover/hw4/hw4_tests/avl_tests/test_remove.cpp:263: Failure
Value of: verifyAVL(b, {item3.first, item7.first, item4.first, item6.first, item9.first, item10.first})
  Actual: false (AVL balance error: subtree rooted at 4 is out of balance!  Left child has height 1, and right child has height 3.)
Expected: true
[  FAILED  ] AVLStress.InsertRemove (225 ms)
[----------] 1 test from AVLStress (233 ms total)

[----------] Global test environment tear-down
[==========] 1 test from 1 test suite ran. (254 ms total)
[  PASSED  ] 0 tests.
[  FAILED  ] 1 test, listed below:
[  FAILED  ] AVLStress.InsertRemove

 1 FAILED TEST
==12335== 
==12335== HEAP SUMMARY:
==12335==     in use at exit: 0 bytes in 0 blocks
==12335==   total heap usage: 722 allocs, 722 frees, 154,169 bytes allocated
==12335== 
==12335== All heap blocks were freed -- no leaks are possible
==12335== 
==12335== For lists of detected and suppressed errors, rerun with: -s
==12335== ERROR SUMMARY: 0 errors from 0 contexts (suppressed: 0 from 0)
<end of output>
Test time =   1.71 sec
----------------------------------------------------------
Test Failed.
"AVLStress.InsertRemove" end time: Apr 01 04:51 UTC
"AVLStress.InsertRemove" time elapsed: 00:00:01
----------------------------------------------------------

66/66 Testing: AVLStress.Remove
66/66 Test: AVLStress.Remove
Command: "/usr/bin/valgrind" "--tool=memcheck" "--leak-check=yes" "--trace-children=no" "/work/hw-jtglover/hw4/hw4_tests/avl_tests/avl_tests" "--gtest_filter=AVLStress.Remove"
Directory: /work/hw-jtglover/hw4/hw4_tests/avl_tests
"AVLStress.Remove" start time: Apr 01 04:51 UTC
Output:
----------------------------------------------------------
==12336== Memcheck, a memory error detector
==12336== Copyright (C) 2002-2017, and GNU GPL'd, by Julian Seward et al.
==12336== Using Valgrind-3.15.0 and LibVEX; rerun with -h for copyright info
==12336== Command: /work/hw-jtglover/hw4/hw4_tests/avl_tests/avl_tests --gtest_filter=AVLStress.Remove
==12336== 
Running main() from /build/googletest-j5yxiC/googletest-1.10.0/googletest/src/gtest_main.cc
Note: Google Test filter = AVLStress.Remove
[==========] Running 1 test from 1 test suite.
[----------] Global test environment set-up.
[----------] 1 test from AVLStress
[ RUN      ] AVLStress.Remove
Before any removals, tree is: 
         [02]
     ┌───┘  └───┐            
   [01]        [04]
              ┌┘  └┐      
            [03]  [05]

Tree Placeholders:------------------
[01] -> (1, <error: lookup failed>)
[02] -> (2, 8)
[03] -> (3, <error: lookup failed>)
[04] -> (10, <error: lookup failed>)
[05] -> (15, <error: lookup failed>)

         [02]
     ┌───┘  └───┐            
   [01]        [04]
              ┌┘  └┐      
            [03]  [05]

Tree Placeholders:------------------
[01] -> (1, <error: lookup failed>)
[02] -> (2, 8)
[03] -> (3, <error: lookup failed>)
[04] -> (10, <error: lookup failed>)
[05] -> (15, <error: lookup failed>)

After removing -1 (which doesn't exist), tree is: 
         [02]
     ┌───┘  └───┐            
   [01]        [04]
              ┌┘  └┐      
            [03]  [05]

Tree Placeholders:------------------
[01] -> (1, <error: lookup failed>)
[02] -> (2, 8)
[03] -> (3, <error: lookup failed>)
[04] -> (10, <error: lookup failed>)
[05] -> (15, <error: lookup failed>)

         [02]
     ┌───┘  └───┐            
   [01]        [04]
              ┌┘  └┐      
            [03]  [05]

Tree Placeholders:------------------
[01] -> (1, <error: lookup failed>)
[02] -> (2, 8)
[03] -> (3, <error: lookup failed>)
[04] -> (10, <error: lookup failed>)
[05] -> (15, <error: lookup failed>)

/work/hw-jtglover/hw4/hw4_tests/avl_tests/test_remove.cpp:411: Failure
Expected equality of these values:
  10
  testTree.root_->item_.first
    Which is: 1
Balance error!
Tree was: 
         [01]
            └───┐            
               [03]
              ┌┘  └┐      
            [02]  [04]

Tree Placeholders:------------------
[01] -> (1, -50)
[02] -> (3, <error: lookup failed>)
[03] -> (10, <error: lookup failed>)
[04] -> (15, <error: lookup failed>)

/work/hw-jtglover/hw4/hw4_tests/avl_tests/test_remove.cpp:412: Failure
Value of: verifyAVL(testTree, std::set<int>({1, 3, 10, 15}))
  Actual: false (AVL balance error: subtree rooted at 1 is out of balance!  Left child has height 0, and right child has height 2.)
Expected: true
After removing 2 (the root), tree is: 
         [01]
            └───┐            
               [03]
              ┌┘  └┐      
            [02]  [04]

Tree Placeholders:------------------
[01] -> (1, -50)
[02] -> (3, <error: lookup failed>)
[03] -> (10, <error: lookup failed>)
[04] -> (15, <error: lookup failed>)

         [01]
            └───┐            
               [03]
              ┌┘  └┐      
            [02]  [04]

Tree Placeholders:------------------
[01] -> (1, -50)
[02] -> (3, <error: lookup failed>)
[03] -> (10, <error: lookup failed>)
[04] -> (15, <error: lookup failed>)

Balance error!
Tree was: 
         [01]
            └───┐            
               [03]
              ┌┘  └┐      
            [02]  [04]

Tree Placeholders:------------------
[01] -> (1, -50)
[02] -> (3, <error: lookup failed>)
[03] -> (10, <error: lookup failed>)
[04] -> (15, <error: lookup failed>)

/work/hw-jtglover/hw4/hw4_tests/avl_tests/test_remove.cpp:420: Failure
Value of: verifyAVL(testTree, std::set<int>({1, 3, 15}))
  Actual: false (AVL balance error: subtree rooted at 1 is out of balance!  Left child has height 0, and right child has height 2.)
Expected: true
After removing 10, tree is: 
         [01]
            └───┐            
               [03]
              ┌┘  └┐      
            [02]  [04]

Tree Placeholders:------------------
[01] -> (1, -50)
[02] -> (3, <error: lookup failed>)
[03] -> (10, <error: lookup failed>)
[04] -> (15, <error: lookup failed>)

         [01]
            └───┐            
               [03]
              ┌┘  └┐      
            [02]  [04]

Tree Placeholders:------------------
[01] -> (1, -50)
[02] -> (3, <error: lookup failed>)
[03] -> (10, <error: lookup failed>)
[04] -> (15, <error: lookup failed>)

After removing 1, tree is: 
   [02]
  ┌┘  └┐      
[01]  [03]

Tree Placeholders:------------------
[01] -> (3, <error: lookup failed>)
[02] -> (10, 0)
[03] -> (15, <error: lookup failed>)

   [02]
  ┌┘  └┐      
[01]  [03]

Tree Placeholders:------------------
[01] -> (3, <error: lookup failed>)
[02] -> (10, 0)
[03] -> (15, <error: lookup failed>)

After removing 3, tree is: 
   [02]
  ┌┘  └┐      
[01]  [03]

Tree Placeholders:------------------
[01] -> (3, <error: lookup failed>)
[02] -> (10, 0)
[03] -> (15, <error: lookup failed>)

   [02]
  ┌┘  └┐      
[01]  [03]

Tree Placeholders:------------------
[01] -> (3, <error: lookup failed>)
[02] -> (10, 0)
[03] -> (15, <error: lookup failed>)

After removing 15 (the last element), tree is: 
   [02]
  ┌┘  └┐      
[01]  [03]

Tree Placeholders:------------------
[01] -> (3, <error: lookup failed>)
[02] -> (10, 0)
[03] -> (15, <error: lookup failed>)

   [02]
  ┌┘  └┐      
[01]  [03]

Tree Placeholders:------------------
[01] -> (3, <error: lookup failed>)
[02] -> (10, 0)
[03] -> (15, <error: lookup failed>)

After removing 15 (which doesn't exist), tree is: 
   [02]
  ┌┘  └┐      
[01]  [03]

Tree Placeholders:------------------
[01] -> (3, <error: lookup failed>)
[02] -> (10, 0)
[03] -> (15, <error: lookup failed>)

[  FAILED  ] AVLStress.Remove (458 ms)
[----------] 1 test from AVLStress (489 ms total)

[----------] Global test environment tear-down
[==========] 1 test from 1 test suite ran. (521 ms total)
[  PASSED  ] 0 tests.
[  FAILED  ] 1 test, listed below:
[  FAILED  ] AVLStress.Remove

 1 FAILED TEST
==12336== 
==12336== HEAP SUMMARY:
==12336==     in use at exit: 0 bytes in 0 blocks
==12336==   total heap usage: 770 allocs, 770 frees, 171,551 bytes allocated
==12336== 
==12336== All heap blocks were freed -- no leaks are possible
==12336== 
==12336== For lists of detected and suppressed errors, rerun with: -s
==12336== ERROR SUMMARY: 0 errors from 0 contexts (suppressed: 0 from 0)
<end of output>
Test time =   1.80 sec
----------------------------------------------------------
Test Failed.
"AVLStress.Remove" end time: Apr 01 04:51 UTC
"AVLStress.Remove" time elapsed: 00:00:01
----------------------------------------------------------

End testing: Apr 01 04:51 UTC
