Start testing: Feb 12 02:51 UTC
----------------------------------------------------------
1/5 Testing: Cmdhandlers.AndHandler
1/5 Test: Cmdhandlers.AndHandler
Command: "/usr/bin/valgrind" "--tool=memcheck" "--leak-check=yes" "--trace-children=no" "/work/hw-jtglover/hw2/hw2_tests/cmdhandler_tests/cmdhandler_tests" "--gtest_filter=Cmdhandlers.AndHandler"
Directory: /work/hw-jtglover/hw2/hw2_tests/cmdhandler_tests
"Cmdhandlers.AndHandler" start time: Feb 12 02:51 UTC
Output:
----------------------------------------------------------
==22567== Memcheck, a memory error detector
==22567== Copyright (C) 2002-2017, and GNU GPL'd, by Julian Seward et al.
==22567== Using Valgrind-3.15.0 and LibVEX; rerun with -h for copyright info
==22567== Command: /work/hw-jtglover/hw2/hw2_tests/cmdhandler_tests/cmdhandler_tests --gtest_filter=Cmdhandlers.AndHandler
==22567== 
Running main() from /build/googletest-j5yxiC/googletest-1.10.0/googletest/src/gtest_main.cc
Note: Google Test filter = Cmdhandlers.AndHandler
[==========] Running 1 test from 1 test suite.
[----------] Global test environment set-up.
[----------] 1 test from Cmdhandlers
[ RUN      ] Cmdhandlers.AndHandler
Unrecognized command
0
[       OK ] Cmdhandlers.AndHandler (48 ms)
[----------] 1 test from Cmdhandlers (54 ms total)

[----------] Global test environment tear-down
[==========] 1 test from 1 test suite ran. (76 ms total)
[  PASSED  ] 1 test.
==22567== 
==22567== HEAP SUMMARY:
==22567==     in use at exit: 0 bytes in 0 blocks
==22567==   total heap usage: 225 allocs, 225 frees, 118,058 bytes allocated
==22567== 
==22567== All heap blocks were freed -- no leaks are possible
==22567== 
==22567== For lists of detected and suppressed errors, rerun with: -s
==22567== ERROR SUMMARY: 0 errors from 0 contexts (suppressed: 0 from 0)
<end of output>
Test time =   1.61 sec
----------------------------------------------------------
Test Passed.
"Cmdhandlers.AndHandler" end time: Feb 12 02:51 UTC
"Cmdhandlers.AndHandler" time elapsed: 00:00:01
----------------------------------------------------------

2/5 Testing: Cmdhandlers.OrHandler
2/5 Test: Cmdhandlers.OrHandler
Command: "/usr/bin/valgrind" "--tool=memcheck" "--leak-check=yes" "--trace-children=no" "/work/hw-jtglover/hw2/hw2_tests/cmdhandler_tests/cmdhandler_tests" "--gtest_filter=Cmdhandlers.OrHandler"
Directory: /work/hw-jtglover/hw2/hw2_tests/cmdhandler_tests
"Cmdhandlers.OrHandler" start time: Feb 12 02:51 UTC
Output:
----------------------------------------------------------
==22568== Memcheck, a memory error detector
==22568== Copyright (C) 2002-2017, and GNU GPL'd, by Julian Seward et al.
==22568== Using Valgrind-3.15.0 and LibVEX; rerun with -h for copyright info
==22568== Command: /work/hw-jtglover/hw2/hw2_tests/cmdhandler_tests/cmdhandler_tests --gtest_filter=Cmdhandlers.OrHandler
==22568== 
Running main() from /build/googletest-j5yxiC/googletest-1.10.0/googletest/src/gtest_main.cc
Note: Google Test filter = Cmdhandlers.OrHandler
[==========] Running 1 test from 1 test suite.
[----------] Global test environment set-up.
[----------] 1 test from Cmdhandlers
[ RUN      ] Cmdhandlers.OrHandler
0
Unrecognized command
[       OK ] Cmdhandlers.OrHandler (49 ms)
[----------] 1 test from Cmdhandlers (55 ms total)

[----------] Global test environment tear-down
[==========] 1 test from 1 test suite ran. (79 ms total)
[  PASSED  ] 1 test.
==22568== 
==22568== HEAP SUMMARY:
==22568==     in use at exit: 0 bytes in 0 blocks
==22568==   total heap usage: 225 allocs, 225 frees, 118,051 bytes allocated
==22568== 
==22568== All heap blocks were freed -- no leaks are possible
==22568== 
==22568== For lists of detected and suppressed errors, rerun with: -s
==22568== ERROR SUMMARY: 0 errors from 0 contexts (suppressed: 0 from 0)
<end of output>
Test time =   1.26 sec
----------------------------------------------------------
Test Passed.
"Cmdhandlers.OrHandler" end time: Feb 12 02:51 UTC
"Cmdhandlers.OrHandler" time elapsed: 00:00:01
----------------------------------------------------------

3/5 Testing: Cmdhandlers.DiffHandler
3/5 Test: Cmdhandlers.DiffHandler
Command: "/usr/bin/valgrind" "--tool=memcheck" "--leak-check=yes" "--trace-children=no" "/work/hw-jtglover/hw2/hw2_tests/cmdhandler_tests/cmdhandler_tests" "--gtest_filter=Cmdhandlers.DiffHandler"
Directory: /work/hw-jtglover/hw2/hw2_tests/cmdhandler_tests
"Cmdhandlers.DiffHandler" start time: Feb 12 02:51 UTC
Output:
----------------------------------------------------------
==22569== Memcheck, a memory error detector
==22569== Copyright (C) 2002-2017, and GNU GPL'd, by Julian Seward et al.
==22569== Using Valgrind-3.15.0 and LibVEX; rerun with -h for copyright info
==22569== Command: /work/hw-jtglover/hw2/hw2_tests/cmdhandler_tests/cmdhandler_tests --gtest_filter=Cmdhandlers.DiffHandler
==22569== 
Running main() from /build/googletest-j5yxiC/googletest-1.10.0/googletest/src/gtest_main.cc
Note: Google Test filter = Cmdhandlers.DiffHandler
[==========] Running 1 test from 1 test suite.
[----------] Global test environment set-up.
[----------] 1 test from Cmdhandlers
[ RUN      ] Cmdhandlers.DiffHandler
0
Unrecognized command
[       OK ] Cmdhandlers.DiffHandler (54 ms)
[----------] 1 test from Cmdhandlers (60 ms total)

[----------] Global test environment tear-down
[==========] 1 test from 1 test suite ran. (83 ms total)
[  PASSED  ] 1 test.
==22569== 
==22569== HEAP SUMMARY:
==22569==     in use at exit: 0 bytes in 0 blocks
==22569==   total heap usage: 225 allocs, 225 frees, 118,065 bytes allocated
==22569== 
==22569== All heap blocks were freed -- no leaks are possible
==22569== 
==22569== For lists of detected and suppressed errors, rerun with: -s
==22569== ERROR SUMMARY: 0 errors from 0 contexts (suppressed: 0 from 0)
<end of output>
Test time =   1.22 sec
----------------------------------------------------------
Test Passed.
"Cmdhandlers.DiffHandler" end time: Feb 12 02:51 UTC
"Cmdhandlers.DiffHandler" time elapsed: 00:00:01
----------------------------------------------------------

4/5 Testing: Cmdhandlers.IncomingHandler
4/5 Test: Cmdhandlers.IncomingHandler
Command: "/usr/bin/valgrind" "--tool=memcheck" "--leak-check=yes" "--trace-children=no" "/work/hw-jtglover/hw2/hw2_tests/cmdhandler_tests/cmdhandler_tests" "--gtest_filter=Cmdhandlers.IncomingHandler"
Directory: /work/hw-jtglover/hw2/hw2_tests/cmdhandler_tests
"Cmdhandlers.IncomingHandler" start time: Feb 12 02:51 UTC
Output:
----------------------------------------------------------
==22570== Memcheck, a memory error detector
==22570== Copyright (C) 2002-2017, and GNU GPL'd, by Julian Seward et al.
==22570== Using Valgrind-3.15.0 and LibVEX; rerun with -h for copyright info
==22570== Command: /work/hw-jtglover/hw2/hw2_tests/cmdhandler_tests/cmdhandler_tests --gtest_filter=Cmdhandlers.IncomingHandler
==22570== 
Running main() from /build/googletest-j5yxiC/googletest-1.10.0/googletest/src/gtest_main.cc
Note: Google Test filter = Cmdhandlers.IncomingHandler
[==========] Running 1 test from 1 test suite.
[----------] Global test environment set-up.
[----------] 1 test from Cmdhandlers
[ RUN      ] Cmdhandlers.IncomingHandler
1
test-small/pgb.md
Unrecognized command
[       OK ] Cmdhandlers.IncomingHandler (212 ms)
[----------] 1 test from Cmdhandlers (219 ms total)

[----------] Global test environment tear-down
[==========] 1 test from 1 test suite ran. (242 ms total)
[  PASSED  ] 1 test.
==22570== 
==22570== HEAP SUMMARY:
==22570==     in use at exit: 7,105 bytes in 112 blocks
==22570==   total heap usage: 642 allocs, 530 frees, 218,611 bytes allocated
==22570== 
==22570== 8 bytes in 1 blocks are definitely lost in loss record 1 of 27
==22570==    at 0x483BE63: operator new(unsigned long) (in /usr/lib/x86_64-linux-gnu/valgrind/vgpreload_memcheck-amd64-linux.so)
==22570==    by 0x11816A: searchEngFactory() (handler_tests.cpp:16)
==22570==    by 0x119286: Cmdhandlers_IncomingHandler_Test::TestBody() (handler_tests.cpp:49)
==22570==    by 0x158F40: HandleSehExceptionsInMethodIfSupported<testing::Test, void> (gtest.cc:2433)
==22570==    by 0x158F40: void testing::internal::HandleExceptionsInMethodIfSupported<testing::Test, void>(testing::Test*, void (testing::Test::*)(), char const*) (gtest.cc:2469)
==22570==    by 0x14C5C5: Run (gtest.cc:2508)
==22570==    by 0x14C5C5: testing::Test::Run() (gtest.cc:2498)
==22570==    by 0x14C724: Run (gtest.cc:2684)
==22570==    by 0x14C724: testing::TestInfo::Run() (gtest.cc:2657)
==22570==    by 0x14C80C: Run (gtest.cc:2816)
==22570==    by 0x14C80C: testing::TestSuite::Run() (gtest.cc:2795)
==22570==    by 0x14CD2B: testing::internal::UnitTestImpl::RunAllTests() (gtest.cc:5338)
==22570==    by 0x1594B0: HandleSehExceptionsInMethodIfSupported<testing::internal::UnitTestImpl, bool> (gtest.cc:2433)
==22570==    by 0x1594B0: bool testing::internal::HandleExceptionsInMethodIfSupported<testing::internal::UnitTestImpl, bool>(testing::internal::UnitTestImpl*, bool (testing::internal::UnitTestImpl::*)(), char const*) (gtest.cc:2469)
==22570==    by 0x14CF5B: testing::UnitTest::Run() (gtest.cc:4925)
==22570==    by 0x117C43: main (in /work/hw-jtglover/hw2/hw2_tests/cmdhandler_tests/cmdhandler_tests)
==22570== 
==22570== 8 bytes in 1 blocks are definitely lost in loss record 2 of 27
==22570==    at 0x483BE63: operator new(unsigned long) (in /usr/lib/x86_64-linux-gnu/valgrind/vgpreload_memcheck-amd64-linux.so)
==22570==    by 0x1181D0: searchEngFactory() (handler_tests.cpp:17)
==22570==    by 0x119286: Cmdhandlers_IncomingHandler_Test::TestBody() (handler_tests.cpp:49)
==22570==    by 0x158F40: HandleSehExceptionsInMethodIfSupported<testing::Test, void> (gtest.cc:2433)
==22570==    by 0x158F40: void testing::internal::HandleExceptionsInMethodIfSupported<testing::Test, void>(testing::Test*, void (testing::Test::*)(), char const*) (gtest.cc:2469)
==22570==    by 0x14C5C5: Run (gtest.cc:2508)
==22570==    by 0x14C5C5: testing::Test::Run() (gtest.cc:2498)
==22570==    by 0x14C724: Run (gtest.cc:2684)
==22570==    by 0x14C724: testing::TestInfo::Run() (gtest.cc:2657)
==22570==    by 0x14C80C: Run (gtest.cc:2816)
==22570==    by 0x14C80C: testing::TestSuite::Run() (gtest.cc:2795)
==22570==    by 0x14CD2B: testing::internal::UnitTestImpl::RunAllTests() (gtest.cc:5338)
==22570==    by 0x1594B0: HandleSehExceptionsInMethodIfSupported<testing::internal::UnitTestImpl, bool> (gtest.cc:2433)
==22570==    by 0x1594B0: bool testing::internal::HandleExceptionsInMethodIfSupported<testing::internal::UnitTestImpl, bool>(testing::internal::UnitTestImpl*, bool (testing::internal::UnitTestImpl::*)(), char const*) (gtest.cc:2469)
==22570==    by 0x14CF5B: testing::UnitTest::Run() (gtest.cc:4925)
==22570==    by 0x117C43: main (in /work/hw-jtglover/hw2/hw2_tests/cmdhandler_tests/cmdhandler_tests)
==22570== 
==22570== 7,089 (352 direct, 6,737 indirect) bytes in 2 blocks are definitely lost in loss record 27 of 27
==22570==    at 0x483BE63: operator new(unsigned long) (in /usr/lib/x86_64-linux-gnu/valgrind/vgpreload_memcheck-amd64-linux.so)
==22570==    by 0x12215C: SearchEng::read_page(std::__cxx11::basic_string<char, std::char_traits<char>, std::allocator<char> > const&) (searcheng.cpp:83)
==22570==    by 0x121EB3: SearchEng::read_pages_from_index(std::__cxx11::basic_string<char, std::char_traits<char>, std::allocator<char> > const&) (searcheng.cpp:59)
==22570==    by 0x1192D2: Cmdhandlers_IncomingHandler_Test::TestBody() (handler_tests.cpp:50)
==22570==    by 0x158F40: HandleSehExceptionsInMethodIfSupported<testing::Test, void> (gtest.cc:2433)
==22570==    by 0x158F40: void testing::internal::HandleExceptionsInMethodIfSupported<testing::Test, void>(testing::Test*, void (testing::Test::*)(), char const*) (gtest.cc:2469)
==22570==    by 0x14C5C5: Run (gtest.cc:2508)
==22570==    by 0x14C5C5: testing::Test::Run() (gtest.cc:2498)
==22570==    by 0x14C724: Run (gtest.cc:2684)
==22570==    by 0x14C724: testing::TestInfo::Run() (gtest.cc:2657)
==22570==    by 0x14C80C: Run (gtest.cc:2816)
==22570==    by 0x14C80C: testing::TestSuite::Run() (gtest.cc:2795)
==22570==    by 0x14CD2B: testing::internal::UnitTestImpl::RunAllTests() (gtest.cc:5338)
==22570==    by 0x1594B0: HandleSehExceptionsInMethodIfSupported<testing::internal::UnitTestImpl, bool> (gtest.cc:2433)
==22570==    by 0x1594B0: bool testing::internal::HandleExceptionsInMethodIfSupported<testing::internal::UnitTestImpl, bool>(testing::internal::UnitTestImpl*, bool (testing::internal::UnitTestImpl::*)(), char const*) (gtest.cc:2469)
==22570==    by 0x14CF5B: testing::UnitTest::Run() (gtest.cc:4925)
==22570==    by 0x117C43: main (in /work/hw-jtglover/hw2/hw2_tests/cmdhandler_tests/cmdhandler_tests)
==22570== 
==22570== LEAK SUMMARY:
==22570==    definitely lost: 368 bytes in 4 blocks
==22570==    indirectly lost: 6,737 bytes in 108 blocks
==22570==      possibly lost: 0 bytes in 0 blocks
==22570==    still reachable: 0 bytes in 0 blocks
==22570==         suppressed: 0 bytes in 0 blocks
==22570== 
==22570== For lists of detected and suppressed errors, rerun with: -s
==22570== ERROR SUMMARY: 3 errors from 3 contexts (suppressed: 0 from 0)
<end of output>
Test time =   1.44 sec
----------------------------------------------------------
Test Passed.
"Cmdhandlers.IncomingHandler" end time: Feb 12 02:51 UTC
"Cmdhandlers.IncomingHandler" time elapsed: 00:00:01
----------------------------------------------------------

5/5 Testing: Cmdhandlers.OutgoingHandler
5/5 Test: Cmdhandlers.OutgoingHandler
Command: "/usr/bin/valgrind" "--tool=memcheck" "--leak-check=yes" "--trace-children=no" "/work/hw-jtglover/hw2/hw2_tests/cmdhandler_tests/cmdhandler_tests" "--gtest_filter=Cmdhandlers.OutgoingHandler"
Directory: /work/hw-jtglover/hw2/hw2_tests/cmdhandler_tests
"Cmdhandlers.OutgoingHandler" start time: Feb 12 02:51 UTC
Output:
----------------------------------------------------------
==22571== Memcheck, a memory error detector
==22571== Copyright (C) 2002-2017, and GNU GPL'd, by Julian Seward et al.
==22571== Using Valgrind-3.15.0 and LibVEX; rerun with -h for copyright info
==22571== Command: /work/hw-jtglover/hw2/hw2_tests/cmdhandler_tests/cmdhandler_tests --gtest_filter=Cmdhandlers.OutgoingHandler
==22571== 
Running main() from /build/googletest-j5yxiC/googletest-1.10.0/googletest/src/gtest_main.cc
Note: Google Test filter = Cmdhandlers.OutgoingHandler
[==========] Running 1 test from 1 test suite.
[----------] Global test environment set-up.
[----------] 1 test from Cmdhandlers
[ RUN      ] Cmdhandlers.OutgoingHandler
0
Unrecognized command
[       OK ] Cmdhandlers.OutgoingHandler (201 ms)
[----------] 1 test from Cmdhandlers (206 ms total)

[----------] Global test environment tear-down
[==========] 1 test from 1 test suite ran. (229 ms total)
[  PASSED  ] 1 test.
==22571== 
==22571== HEAP SUMMARY:
==22571==     in use at exit: 7,105 bytes in 112 blocks
==22571==   total heap usage: 643 allocs, 531 frees, 218,632 bytes allocated
==22571== 
==22571== 8 bytes in 1 blocks are definitely lost in loss record 1 of 27
==22571==    at 0x483BE63: operator new(unsigned long) (in /usr/lib/x86_64-linux-gnu/valgrind/vgpreload_memcheck-amd64-linux.so)
==22571==    by 0x11816A: searchEngFactory() (handler_tests.cpp:16)
==22571==    by 0x119AAA: Cmdhandlers_OutgoingHandler_Test::TestBody() (handler_tests.cpp:62)
==22571==    by 0x158F40: HandleSehExceptionsInMethodIfSupported<testing::Test, void> (gtest.cc:2433)
==22571==    by 0x158F40: void testing::internal::HandleExceptionsInMethodIfSupported<testing::Test, void>(testing::Test*, void (testing::Test::*)(), char const*) (gtest.cc:2469)
==22571==    by 0x14C5C5: Run (gtest.cc:2508)
==22571==    by 0x14C5C5: testing::Test::Run() (gtest.cc:2498)
==22571==    by 0x14C724: Run (gtest.cc:2684)
==22571==    by 0x14C724: testing::TestInfo::Run() (gtest.cc:2657)
==22571==    by 0x14C80C: Run (gtest.cc:2816)
==22571==    by 0x14C80C: testing::TestSuite::Run() (gtest.cc:2795)
==22571==    by 0x14CD2B: testing::internal::UnitTestImpl::RunAllTests() (gtest.cc:5338)
==22571==    by 0x1594B0: HandleSehExceptionsInMethodIfSupported<testing::internal::UnitTestImpl, bool> (gtest.cc:2433)
==22571==    by 0x1594B0: bool testing::internal::HandleExceptionsInMethodIfSupported<testing::internal::UnitTestImpl, bool>(testing::internal::UnitTestImpl*, bool (testing::internal::UnitTestImpl::*)(), char const*) (gtest.cc:2469)
==22571==    by 0x14CF5B: testing::UnitTest::Run() (gtest.cc:4925)
==22571==    by 0x117C43: main (in /work/hw-jtglover/hw2/hw2_tests/cmdhandler_tests/cmdhandler_tests)
==22571== 
==22571== 8 bytes in 1 blocks are definitely lost in loss record 2 of 27
==22571==    at 0x483BE63: operator new(unsigned long) (in /usr/lib/x86_64-linux-gnu/valgrind/vgpreload_memcheck-amd64-linux.so)
==22571==    by 0x1181D0: searchEngFactory() (handler_tests.cpp:17)
==22571==    by 0x119AAA: Cmdhandlers_OutgoingHandler_Test::TestBody() (handler_tests.cpp:62)
==22571==    by 0x158F40: HandleSehExceptionsInMethodIfSupported<testing::Test, void> (gtest.cc:2433)
==22571==    by 0x158F40: void testing::internal::HandleExceptionsInMethodIfSupported<testing::Test, void>(testing::Test*, void (testing::Test::*)(), char const*) (gtest.cc:2469)
==22571==    by 0x14C5C5: Run (gtest.cc:2508)
==22571==    by 0x14C5C5: testing::Test::Run() (gtest.cc:2498)
==22571==    by 0x14C724: Run (gtest.cc:2684)
==22571==    by 0x14C724: testing::TestInfo::Run() (gtest.cc:2657)
==22571==    by 0x14C80C: Run (gtest.cc:2816)
==22571==    by 0x14C80C: testing::TestSuite::Run() (gtest.cc:2795)
==22571==    by 0x14CD2B: testing::internal::UnitTestImpl::RunAllTests() (gtest.cc:5338)
==22571==    by 0x1594B0: HandleSehExceptionsInMethodIfSupported<testing::internal::UnitTestImpl, bool> (gtest.cc:2433)
==22571==    by 0x1594B0: bool testing::internal::HandleExceptionsInMethodIfSupported<testing::internal::UnitTestImpl, bool>(testing::internal::UnitTestImpl*, bool (testing::internal::UnitTestImpl::*)(), char const*) (gtest.cc:2469)
==22571==    by 0x14CF5B: testing::UnitTest::Run() (gtest.cc:4925)
==22571==    by 0x117C43: main (in /work/hw-jtglover/hw2/hw2_tests/cmdhandler_tests/cmdhandler_tests)
==22571== 
==22571== 7,089 (352 direct, 6,737 indirect) bytes in 2 blocks are definitely lost in loss record 27 of 27
==22571==    at 0x483BE63: operator new(unsigned long) (in /usr/lib/x86_64-linux-gnu/valgrind/vgpreload_memcheck-amd64-linux.so)
==22571==    by 0x12215C: SearchEng::read_page(std::__cxx11::basic_string<char, std::char_traits<char>, std::allocator<char> > const&) (searcheng.cpp:83)
==22571==    by 0x121EB3: SearchEng::read_pages_from_index(std::__cxx11::basic_string<char, std::char_traits<char>, std::allocator<char> > const&) (searcheng.cpp:59)
==22571==    by 0x119AF6: Cmdhandlers_OutgoingHandler_Test::TestBody() (handler_tests.cpp:63)
==22571==    by 0x158F40: HandleSehExceptionsInMethodIfSupported<testing::Test, void> (gtest.cc:2433)
==22571==    by 0x158F40: void testing::internal::HandleExceptionsInMethodIfSupported<testing::Test, void>(testing::Test*, void (testing::Test::*)(), char const*) (gtest.cc:2469)
==22571==    by 0x14C5C5: Run (gtest.cc:2508)
==22571==    by 0x14C5C5: testing::Test::Run() (gtest.cc:2498)
==22571==    by 0x14C724: Run (gtest.cc:2684)
==22571==    by 0x14C724: testing::TestInfo::Run() (gtest.cc:2657)
==22571==    by 0x14C80C: Run (gtest.cc:2816)
==22571==    by 0x14C80C: testing::TestSuite::Run() (gtest.cc:2795)
==22571==    by 0x14CD2B: testing::internal::UnitTestImpl::RunAllTests() (gtest.cc:5338)
==22571==    by 0x1594B0: HandleSehExceptionsInMethodIfSupported<testing::internal::UnitTestImpl, bool> (gtest.cc:2433)
==22571==    by 0x1594B0: bool testing::internal::HandleExceptionsInMethodIfSupported<testing::internal::UnitTestImpl, bool>(testing::internal::UnitTestImpl*, bool (testing::internal::UnitTestImpl::*)(), char const*) (gtest.cc:2469)
==22571==    by 0x14CF5B: testing::UnitTest::Run() (gtest.cc:4925)
==22571==    by 0x117C43: main (in /work/hw-jtglover/hw2/hw2_tests/cmdhandler_tests/cmdhandler_tests)
==22571== 
==22571== LEAK SUMMARY:
==22571==    definitely lost: 368 bytes in 4 blocks
==22571==    indirectly lost: 6,737 bytes in 108 blocks
==22571==      possibly lost: 0 bytes in 0 blocks
==22571==    still reachable: 0 bytes in 0 blocks
==22571==         suppressed: 0 bytes in 0 blocks
==22571== 
==22571== For lists of detected and suppressed errors, rerun with: -s
==22571== ERROR SUMMARY: 3 errors from 3 contexts (suppressed: 0 from 0)
<end of output>
Test time =   1.77 sec
----------------------------------------------------------
Test Passed.
"Cmdhandlers.OutgoingHandler" end time: Feb 12 02:51 UTC
"Cmdhandlers.OutgoingHandler" time elapsed: 00:00:01
----------------------------------------------------------

End testing: Feb 12 02:51 UTC
