Start testing: Apr 01 02:43 UTC
----------------------------------------------------------
1/31 Testing: BST.ConstructionDestruction
1/31 Test: BST.ConstructionDestruction
Command: "/usr/bin/valgrind" "--tool=memcheck" "--leak-check=yes" "--trace-children=no" "/work/hw-jtglover/hw4/hw4_tests/bst_tests/bst_tests" "--gtest_filter=BST.ConstructionDestruction"
Directory: /work/hw-jtglover/hw4/hw4_tests/bst_tests
"BST.ConstructionDestruction" start time: Apr 01 02:43 UTC
Output:
----------------------------------------------------------
==11493== Memcheck, a memory error detector
==11493== Copyright (C) 2002-2017, and GNU GPL'd, by Julian Seward et al.
==11493== Using Valgrind-3.15.0 and LibVEX; rerun with -h for copyright info
==11493== Command: /work/hw-jtglover/hw4/hw4_tests/bst_tests/bst_tests --gtest_filter=BST.ConstructionDestruction
==11493== 
Running main() from /build/googletest-j5yxiC/googletest-1.10.0/googletest/src/gtest_main.cc
Note: Google Test filter = BST.ConstructionDestruction
[==========] Running 1 test from 1 test suite.
[----------] Global test environment set-up.
[----------] 1 test from BST
[ RUN      ] BST.ConstructionDestruction
[       OK ] BST.ConstructionDestruction (6 ms)
[----------] 1 test from BST (12 ms total)

[----------] Global test environment tear-down
[==========] 1 test from 1 test suite ran. (35 ms total)
[  PASSED  ] 1 test.
==11493== 
==11493== HEAP SUMMARY:
==11493==     in use at exit: 0 bytes in 0 blocks
==11493==   total heap usage: 504 allocs, 504 frees, 135,338 bytes allocated
==11493== 
==11493== All heap blocks were freed -- no leaks are possible
==11493== 
==11493== For lists of detected and suppressed errors, rerun with: -s
==11493== ERROR SUMMARY: 0 errors from 0 contexts (suppressed: 0 from 0)
<end of output>
Test time =   1.40 sec
----------------------------------------------------------
Test Passed.
"BST.ConstructionDestruction" end time: Apr 01 02:43 UTC
"BST.ConstructionDestruction" time elapsed: 00:00:01
----------------------------------------------------------

2/31 Testing: BSTInsert.JustRoot
2/31 Test: BSTInsert.JustRoot
Command: "/usr/bin/valgrind" "--tool=memcheck" "--leak-check=yes" "--trace-children=no" "/work/hw-jtglover/hw4/hw4_tests/bst_tests/bst_tests" "--gtest_filter=BSTInsert.JustRoot"
Directory: /work/hw-jtglover/hw4/hw4_tests/bst_tests
"BSTInsert.JustRoot" start time: Apr 01 02:43 UTC
Output:
----------------------------------------------------------
==11494== Memcheck, a memory error detector
==11494== Copyright (C) 2002-2017, and GNU GPL'd, by Julian Seward et al.
==11494== Using Valgrind-3.15.0 and LibVEX; rerun with -h for copyright info
==11494== Command: /work/hw-jtglover/hw4/hw4_tests/bst_tests/bst_tests --gtest_filter=BSTInsert.JustRoot
==11494== 
Running main() from /build/googletest-j5yxiC/googletest-1.10.0/googletest/src/gtest_main.cc
Note: Google Test filter = BSTInsert.JustRoot
[==========] Running 1 test from 1 test suite.
[----------] Global test environment set-up.
[----------] 1 test from BSTInsert
[ RUN      ] BSTInsert.JustRoot
[       OK ] BSTInsert.JustRoot (30 ms)
[----------] 1 test from BSTInsert (37 ms total)

[----------] Global test environment tear-down
[==========] 1 test from 1 test suite ran. (61 ms total)
[  PASSED  ] 1 test.
==11494== 
==11494== HEAP SUMMARY:
==11494==     in use at exit: 0 bytes in 0 blocks
==11494==   total heap usage: 506 allocs, 506 frees, 135,435 bytes allocated
==11494== 
==11494== All heap blocks were freed -- no leaks are possible
==11494== 
==11494== For lists of detected and suppressed errors, rerun with: -s
==11494== ERROR SUMMARY: 0 errors from 0 contexts (suppressed: 0 from 0)
<end of output>
Test time =   1.73 sec
----------------------------------------------------------
Test Passed.
"BSTInsert.JustRoot" end time: Apr 01 02:43 UTC
"BSTInsert.JustRoot" time elapsed: 00:00:01
----------------------------------------------------------

3/31 Testing: BSTInsert.DoubleInsertLeft
3/31 Test: BSTInsert.DoubleInsertLeft
Command: "/usr/bin/valgrind" "--tool=memcheck" "--leak-check=yes" "--trace-children=no" "/work/hw-jtglover/hw4/hw4_tests/bst_tests/bst_tests" "--gtest_filter=BSTInsert.DoubleInsertLeft"
Directory: /work/hw-jtglover/hw4/hw4_tests/bst_tests
"BSTInsert.DoubleInsertLeft" start time: Apr 01 02:43 UTC
Output:
----------------------------------------------------------
==11495== Memcheck, a memory error detector
==11495== Copyright (C) 2002-2017, and GNU GPL'd, by Julian Seward et al.
==11495== Using Valgrind-3.15.0 and LibVEX; rerun with -h for copyright info
==11495== Command: /work/hw-jtglover/hw4/hw4_tests/bst_tests/bst_tests --gtest_filter=BSTInsert.DoubleInsertLeft
==11495== 
Running main() from /build/googletest-j5yxiC/googletest-1.10.0/googletest/src/gtest_main.cc
Note: Google Test filter = BSTInsert.DoubleInsertLeft
[==========] Running 1 test from 1 test suite.
[----------] Global test environment set-up.
[----------] 1 test from BSTInsert
[ RUN      ] BSTInsert.DoubleInsertLeft
[       OK ] BSTInsert.DoubleInsertLeft (34 ms)
[----------] 1 test from BSTInsert (41 ms total)

[----------] Global test environment tear-down
[==========] 1 test from 1 test suite ran. (79 ms total)
[  PASSED  ] 1 test.
==11495== 
==11495== HEAP SUMMARY:
==11495==     in use at exit: 0 bytes in 0 blocks
==11495==   total heap usage: 508 allocs, 508 frees, 135,491 bytes allocated
==11495== 
==11495== All heap blocks were freed -- no leaks are possible
==11495== 
==11495== For lists of detected and suppressed errors, rerun with: -s
==11495== ERROR SUMMARY: 0 errors from 0 contexts (suppressed: 0 from 0)
<end of output>
Test time =   1.48 sec
----------------------------------------------------------
Test Passed.
"BSTInsert.DoubleInsertLeft" end time: Apr 01 02:43 UTC
"BSTInsert.DoubleInsertLeft" time elapsed: 00:00:01
----------------------------------------------------------

4/31 Testing: BSTInsert.DoubleInsertRight
4/31 Test: BSTInsert.DoubleInsertRight
Command: "/usr/bin/valgrind" "--tool=memcheck" "--leak-check=yes" "--trace-children=no" "/work/hw-jtglover/hw4/hw4_tests/bst_tests/bst_tests" "--gtest_filter=BSTInsert.DoubleInsertRight"
Directory: /work/hw-jtglover/hw4/hw4_tests/bst_tests
"BSTInsert.DoubleInsertRight" start time: Apr 01 02:43 UTC
Output:
----------------------------------------------------------
==11496== Memcheck, a memory error detector
==11496== Copyright (C) 2002-2017, and GNU GPL'd, by Julian Seward et al.
==11496== Using Valgrind-3.15.0 and LibVEX; rerun with -h for copyright info
==11496== Command: /work/hw-jtglover/hw4/hw4_tests/bst_tests/bst_tests --gtest_filter=BSTInsert.DoubleInsertRight
==11496== 
Running main() from /build/googletest-j5yxiC/googletest-1.10.0/googletest/src/gtest_main.cc
Note: Google Test filter = BSTInsert.DoubleInsertRight
[==========] Running 1 test from 1 test suite.
[----------] Global test environment set-up.
[----------] 1 test from BSTInsert
[ RUN      ] BSTInsert.DoubleInsertRight
[       OK ] BSTInsert.DoubleInsertRight (33 ms)
[----------] 1 test from BSTInsert (41 ms total)

[----------] Global test environment tear-down
[==========] 1 test from 1 test suite ran. (66 ms total)
[  PASSED  ] 1 test.
==11496== 
==11496== HEAP SUMMARY:
==11496==     in use at exit: 0 bytes in 0 blocks
==11496==   total heap usage: 508 allocs, 508 frees, 135,498 bytes allocated
==11496== 
==11496== All heap blocks were freed -- no leaks are possible
==11496== 
==11496== For lists of detected and suppressed errors, rerun with: -s
==11496== ERROR SUMMARY: 0 errors from 0 contexts (suppressed: 0 from 0)
<end of output>
Test time =   1.50 sec
----------------------------------------------------------
Test Passed.
"BSTInsert.DoubleInsertRight" end time: Apr 01 02:43 UTC
"BSTInsert.DoubleInsertRight" time elapsed: 00:00:01
----------------------------------------------------------

5/31 Testing: BSTInsert.InsertZigZigLeft
5/31 Test: BSTInsert.InsertZigZigLeft
Command: "/usr/bin/valgrind" "--tool=memcheck" "--leak-check=yes" "--trace-children=no" "/work/hw-jtglover/hw4/hw4_tests/bst_tests/bst_tests" "--gtest_filter=BSTInsert.InsertZigZigLeft"
Directory: /work/hw-jtglover/hw4/hw4_tests/bst_tests
"BSTInsert.InsertZigZigLeft" start time: Apr 01 02:43 UTC
Output:
----------------------------------------------------------
==11497== Memcheck, a memory error detector
==11497== Copyright (C) 2002-2017, and GNU GPL'd, by Julian Seward et al.
==11497== Using Valgrind-3.15.0 and LibVEX; rerun with -h for copyright info
==11497== Command: /work/hw-jtglover/hw4/hw4_tests/bst_tests/bst_tests --gtest_filter=BSTInsert.InsertZigZigLeft
==11497== 
Running main() from /build/googletest-j5yxiC/googletest-1.10.0/googletest/src/gtest_main.cc
Note: Google Test filter = BSTInsert.InsertZigZigLeft
[==========] Running 1 test from 1 test suite.
[----------] Global test environment set-up.
[----------] 1 test from BSTInsert
[ RUN      ] BSTInsert.InsertZigZigLeft
[       OK ] BSTInsert.InsertZigZigLeft (32 ms)
[----------] 1 test from BSTInsert (40 ms total)

[----------] Global test environment tear-down
[==========] 1 test from 1 test suite ran. (64 ms total)
[  PASSED  ] 1 test.
==11497== 
==11497== HEAP SUMMARY:
==11497==     in use at exit: 0 bytes in 0 blocks
==11497==   total heap usage: 510 allocs, 510 frees, 135,571 bytes allocated
==11497== 
==11497== All heap blocks were freed -- no leaks are possible
==11497== 
==11497== For lists of detected and suppressed errors, rerun with: -s
==11497== ERROR SUMMARY: 0 errors from 0 contexts (suppressed: 0 from 0)
<end of output>
Test time =   1.34 sec
----------------------------------------------------------
Test Passed.
"BSTInsert.InsertZigZigLeft" end time: Apr 01 02:43 UTC
"BSTInsert.InsertZigZigLeft" time elapsed: 00:00:01
----------------------------------------------------------

6/31 Testing: BSTInsert.InsertZigZigRight
6/31 Test: BSTInsert.InsertZigZigRight
Command: "/usr/bin/valgrind" "--tool=memcheck" "--leak-check=yes" "--trace-children=no" "/work/hw-jtglover/hw4/hw4_tests/bst_tests/bst_tests" "--gtest_filter=BSTInsert.InsertZigZigRight"
Directory: /work/hw-jtglover/hw4/hw4_tests/bst_tests
"BSTInsert.InsertZigZigRight" start time: Apr 01 02:43 UTC
Output:
----------------------------------------------------------
==11498== Memcheck, a memory error detector
==11498== Copyright (C) 2002-2017, and GNU GPL'd, by Julian Seward et al.
==11498== Using Valgrind-3.15.0 and LibVEX; rerun with -h for copyright info
==11498== Command: /work/hw-jtglover/hw4/hw4_tests/bst_tests/bst_tests --gtest_filter=BSTInsert.InsertZigZigRight
==11498== 
Running main() from /build/googletest-j5yxiC/googletest-1.10.0/googletest/src/gtest_main.cc
Note: Google Test filter = BSTInsert.InsertZigZigRight
[==========] Running 1 test from 1 test suite.
[----------] Global test environment set-up.
[----------] 1 test from BSTInsert
[ RUN      ] BSTInsert.InsertZigZigRight
[       OK ] BSTInsert.InsertZigZigRight (31 ms)
[----------] 1 test from BSTInsert (38 ms total)

[----------] Global test environment tear-down
[==========] 1 test from 1 test suite ran. (61 ms total)
[  PASSED  ] 1 test.
==11498== 
==11498== HEAP SUMMARY:
==11498==     in use at exit: 0 bytes in 0 blocks
==11498==   total heap usage: 510 allocs, 510 frees, 135,578 bytes allocated
==11498== 
==11498== All heap blocks were freed -- no leaks are possible
==11498== 
==11498== For lists of detected and suppressed errors, rerun with: -s
==11498== ERROR SUMMARY: 0 errors from 0 contexts (suppressed: 0 from 0)
<end of output>
Test time =   1.61 sec
----------------------------------------------------------
Test Passed.
"BSTInsert.InsertZigZigRight" end time: Apr 01 02:43 UTC
"BSTInsert.InsertZigZigRight" time elapsed: 00:00:01
----------------------------------------------------------

7/31 Testing: BSTInsert.InsertZigZagLeft
7/31 Test: BSTInsert.InsertZigZagLeft
Command: "/usr/bin/valgrind" "--tool=memcheck" "--leak-check=yes" "--trace-children=no" "/work/hw-jtglover/hw4/hw4_tests/bst_tests/bst_tests" "--gtest_filter=BSTInsert.InsertZigZagLeft"
Directory: /work/hw-jtglover/hw4/hw4_tests/bst_tests
"BSTInsert.InsertZigZagLeft" start time: Apr 01 02:43 UTC
Output:
----------------------------------------------------------
==11499== Memcheck, a memory error detector
==11499== Copyright (C) 2002-2017, and GNU GPL'd, by Julian Seward et al.
==11499== Using Valgrind-3.15.0 and LibVEX; rerun with -h for copyright info
==11499== Command: /work/hw-jtglover/hw4/hw4_tests/bst_tests/bst_tests --gtest_filter=BSTInsert.InsertZigZagLeft
==11499== 
Running main() from /build/googletest-j5yxiC/googletest-1.10.0/googletest/src/gtest_main.cc
Note: Google Test filter = BSTInsert.InsertZigZagLeft
[==========] Running 1 test from 1 test suite.
[----------] Global test environment set-up.
[----------] 1 test from BSTInsert
[ RUN      ] BSTInsert.InsertZigZagLeft
[       OK ] BSTInsert.InsertZigZagLeft (46 ms)
[----------] 1 test from BSTInsert (54 ms total)

[----------] Global test environment tear-down
[==========] 1 test from 1 test suite ran. (86 ms total)
[  PASSED  ] 1 test.
==11499== 
==11499== HEAP SUMMARY:
==11499==     in use at exit: 0 bytes in 0 blocks
==11499==   total heap usage: 510 allocs, 510 frees, 135,571 bytes allocated
==11499== 
==11499== All heap blocks were freed -- no leaks are possible
==11499== 
==11499== For lists of detected and suppressed errors, rerun with: -s
==11499== ERROR SUMMARY: 0 errors from 0 contexts (suppressed: 0 from 0)
<end of output>
Test time =   1.55 sec
----------------------------------------------------------
Test Passed.
"BSTInsert.InsertZigZagLeft" end time: Apr 01 02:43 UTC
"BSTInsert.InsertZigZagLeft" time elapsed: 00:00:01
----------------------------------------------------------

8/31 Testing: BSTInsert.InsertZigZagRight
8/31 Test: BSTInsert.InsertZigZagRight
Command: "/usr/bin/valgrind" "--tool=memcheck" "--leak-check=yes" "--trace-children=no" "/work/hw-jtglover/hw4/hw4_tests/bst_tests/bst_tests" "--gtest_filter=BSTInsert.InsertZigZagRight"
Directory: /work/hw-jtglover/hw4/hw4_tests/bst_tests
"BSTInsert.InsertZigZagRight" start time: Apr 01 02:43 UTC
Output:
----------------------------------------------------------
==11500== Memcheck, a memory error detector
==11500== Copyright (C) 2002-2017, and GNU GPL'd, by Julian Seward et al.
==11500== Using Valgrind-3.15.0 and LibVEX; rerun with -h for copyright info
==11500== Command: /work/hw-jtglover/hw4/hw4_tests/bst_tests/bst_tests --gtest_filter=BSTInsert.InsertZigZagRight
==11500== 
Running main() from /build/googletest-j5yxiC/googletest-1.10.0/googletest/src/gtest_main.cc
Note: Google Test filter = BSTInsert.InsertZigZagRight
[==========] Running 1 test from 1 test suite.
[----------] Global test environment set-up.
[----------] 1 test from BSTInsert
[ RUN      ] BSTInsert.InsertZigZagRight
[       OK ] BSTInsert.InsertZigZagRight (33 ms)
[----------] 1 test from BSTInsert (40 ms total)

[----------] Global test environment tear-down
[==========] 1 test from 1 test suite ran. (64 ms total)
[  PASSED  ] 1 test.
==11500== 
==11500== HEAP SUMMARY:
==11500==     in use at exit: 0 bytes in 0 blocks
==11500==   total heap usage: 510 allocs, 510 frees, 135,578 bytes allocated
==11500== 
==11500== All heap blocks were freed -- no leaks are possible
==11500== 
==11500== For lists of detected and suppressed errors, rerun with: -s
==11500== ERROR SUMMARY: 0 errors from 0 contexts (suppressed: 0 from 0)
<end of output>
Test time =   1.27 sec
----------------------------------------------------------
Test Passed.
"BSTInsert.InsertZigZagRight" end time: Apr 01 02:43 UTC
"BSTInsert.InsertZigZagRight" time elapsed: 00:00:01
----------------------------------------------------------

9/31 Testing: BSTInsert.7Elements
9/31 Test: BSTInsert.7Elements
Command: "/usr/bin/valgrind" "--tool=memcheck" "--leak-check=yes" "--trace-children=no" "/work/hw-jtglover/hw4/hw4_tests/bst_tests/bst_tests" "--gtest_filter=BSTInsert.7Elements"
Directory: /work/hw-jtglover/hw4/hw4_tests/bst_tests
"BSTInsert.7Elements" start time: Apr 01 02:43 UTC
Output:
----------------------------------------------------------
==11501== Memcheck, a memory error detector
==11501== Copyright (C) 2002-2017, and GNU GPL'd, by Julian Seward et al.
==11501== Using Valgrind-3.15.0 and LibVEX; rerun with -h for copyright info
==11501== Command: /work/hw-jtglover/hw4/hw4_tests/bst_tests/bst_tests --gtest_filter=BSTInsert.7Elements
==11501== 
Running main() from /build/googletest-j5yxiC/googletest-1.10.0/googletest/src/gtest_main.cc
Note: Google Test filter = BSTInsert.7Elements
[==========] Running 1 test from 1 test suite.
[----------] Global test environment set-up.
[----------] 1 test from BSTInsert
[ RUN      ] BSTInsert.7Elements
[       OK ] BSTInsert.7Elements (39 ms)
[----------] 1 test from BSTInsert (44 ms total)

[----------] Global test environment tear-down
[==========] 1 test from 1 test suite ran. (66 ms total)
[  PASSED  ] 1 test.
==11501== 
==11501== HEAP SUMMARY:
==11501==     in use at exit: 0 bytes in 0 blocks
==11501==   total heap usage: 518 allocs, 518 frees, 135,842 bytes allocated
==11501== 
==11501== All heap blocks were freed -- no leaks are possible
==11501== 
==11501== For lists of detected and suppressed errors, rerun with: -s
==11501== ERROR SUMMARY: 0 errors from 0 contexts (suppressed: 0 from 0)
<end of output>
Test time =   1.43 sec
----------------------------------------------------------
Test Passed.
"BSTInsert.7Elements" end time: Apr 01 02:43 UTC
"BSTInsert.7Elements" time elapsed: 00:00:01
----------------------------------------------------------

10/31 Testing: BSTClear.Clear
10/31 Test: BSTClear.Clear
Command: "/usr/bin/valgrind" "--tool=memcheck" "--leak-check=yes" "--trace-children=no" "/work/hw-jtglover/hw4/hw4_tests/bst_tests/bst_tests" "--gtest_filter=BSTClear.Clear"
Directory: /work/hw-jtglover/hw4/hw4_tests/bst_tests
"BSTClear.Clear" start time: Apr 01 02:43 UTC
Output:
----------------------------------------------------------
==11502== Memcheck, a memory error detector
==11502== Copyright (C) 2002-2017, and GNU GPL'd, by Julian Seward et al.
==11502== Using Valgrind-3.15.0 and LibVEX; rerun with -h for copyright info
==11502== Command: /work/hw-jtglover/hw4/hw4_tests/bst_tests/bst_tests --gtest_filter=BSTClear.Clear
==11502== 
Running main() from /build/googletest-j5yxiC/googletest-1.10.0/googletest/src/gtest_main.cc
Note: Google Test filter = BSTClear.Clear
[==========] Running 1 test from 1 test suite.
[----------] Global test environment set-up.
[----------] 1 test from BSTClear
[ RUN      ] BSTClear.Clear
[       OK ] BSTClear.Clear (33 ms)
[----------] 1 test from BSTClear (44 ms total)

[----------] Global test environment tear-down
[==========] 1 test from 1 test suite ran. (77 ms total)
[  PASSED  ] 1 test.
==11502== 
==11502== HEAP SUMMARY:
==11502==     in use at exit: 0 bytes in 0 blocks
==11502==   total heap usage: 473 allocs, 473 frees, 134,306 bytes allocated
==11502== 
==11502== All heap blocks were freed -- no leaks are possible
==11502== 
==11502== For lists of detected and suppressed errors, rerun with: -s
==11502== ERROR SUMMARY: 0 errors from 0 contexts (suppressed: 0 from 0)
<end of output>
Test time =   1.61 sec
----------------------------------------------------------
Test Passed.
"BSTClear.Clear" end time: Apr 01 02:43 UTC
"BSTClear.Clear" time elapsed: 00:00:01
----------------------------------------------------------

11/31 Testing: BSTFind.InvalidFind
11/31 Test: BSTFind.InvalidFind
Command: "/usr/bin/valgrind" "--tool=memcheck" "--leak-check=yes" "--trace-children=no" "/work/hw-jtglover/hw4/hw4_tests/bst_tests/bst_tests" "--gtest_filter=BSTFind.InvalidFind"
Directory: /work/hw-jtglover/hw4/hw4_tests/bst_tests
"BSTFind.InvalidFind" start time: Apr 01 02:43 UTC
Output:
----------------------------------------------------------
==11503== Memcheck, a memory error detector
==11503== Copyright (C) 2002-2017, and GNU GPL'd, by Julian Seward et al.
==11503== Using Valgrind-3.15.0 and LibVEX; rerun with -h for copyright info
==11503== Command: /work/hw-jtglover/hw4/hw4_tests/bst_tests/bst_tests --gtest_filter=BSTFind.InvalidFind
==11503== 
Running main() from /build/googletest-j5yxiC/googletest-1.10.0/googletest/src/gtest_main.cc
Note: Google Test filter = BSTFind.InvalidFind
[==========] Running 1 test from 1 test suite.
[----------] Global test environment set-up.
[----------] 1 test from BSTFind
[ RUN      ] BSTFind.InvalidFind
[       OK ] BSTFind.InvalidFind (13 ms)
[----------] 1 test from BSTFind (19 ms total)

[----------] Global test environment tear-down
[==========] 1 test from 1 test suite ran. (40 ms total)
[  PASSED  ] 1 test.
==11503== 
==11503== HEAP SUMMARY:
==11503==     in use at exit: 0 bytes in 0 blocks
==11503==   total heap usage: 506 allocs, 506 frees, 135,362 bytes allocated
==11503== 
==11503== All heap blocks were freed -- no leaks are possible
==11503== 
==11503== For lists of detected and suppressed errors, rerun with: -s
==11503== ERROR SUMMARY: 0 errors from 0 contexts (suppressed: 0 from 0)
<end of output>
Test time =   1.40 sec
----------------------------------------------------------
Test Passed.
"BSTFind.InvalidFind" end time: Apr 01 02:43 UTC
"BSTFind.InvalidFind" time elapsed: 00:00:01
----------------------------------------------------------

12/31 Testing: BSTInsert.Duplicates
12/31 Test: BSTInsert.Duplicates
Command: "/usr/bin/valgrind" "--tool=memcheck" "--leak-check=yes" "--trace-children=no" "/work/hw-jtglover/hw4/hw4_tests/bst_tests/bst_tests" "--gtest_filter=BSTInsert.Duplicates"
Directory: /work/hw-jtglover/hw4/hw4_tests/bst_tests
"BSTInsert.Duplicates" start time: Apr 01 02:43 UTC
Output:
----------------------------------------------------------
==11504== Memcheck, a memory error detector
==11504== Copyright (C) 2002-2017, and GNU GPL'd, by Julian Seward et al.
==11504== Using Valgrind-3.15.0 and LibVEX; rerun with -h for copyright info
==11504== Command: /work/hw-jtglover/hw4/hw4_tests/bst_tests/bst_tests --gtest_filter=BSTInsert.Duplicates
==11504== 
Running main() from /build/googletest-j5yxiC/googletest-1.10.0/googletest/src/gtest_main.cc
Note: Google Test filter = BSTInsert.Duplicates
[==========] Running 1 test from 1 test suite.
[----------] Global test environment set-up.
[----------] 1 test from BSTInsert
[ RUN      ] BSTInsert.Duplicates
[       OK ] BSTInsert.Duplicates (38 ms)
[----------] 1 test from BSTInsert (43 ms total)

[----------] Global test environment tear-down
[==========] 1 test from 1 test suite ran. (66 ms total)
[  PASSED  ] 1 test.
==11504== 
==11504== HEAP SUMMARY:
==11504==     in use at exit: 0 bytes in 0 blocks
==11504==   total heap usage: 512 allocs, 512 frees, 135,609 bytes allocated
==11504== 
==11504== All heap blocks were freed -- no leaks are possible
==11504== 
==11504== For lists of detected and suppressed errors, rerun with: -s
==11504== ERROR SUMMARY: 0 errors from 0 contexts (suppressed: 0 from 0)
<end of output>
Test time =   1.42 sec
----------------------------------------------------------
Test Passed.
"BSTInsert.Duplicates" end time: Apr 01 02:43 UTC
"BSTInsert.Duplicates" time elapsed: 00:00:01
----------------------------------------------------------

13/31 Testing: BSTInsert.BasicRandom
13/31 Test: BSTInsert.BasicRandom
Command: "/usr/bin/valgrind" "--tool=memcheck" "--leak-check=yes" "--trace-children=no" "/work/hw-jtglover/hw4/hw4_tests/bst_tests/bst_tests" "--gtest_filter=BSTInsert.BasicRandom"
Directory: /work/hw-jtglover/hw4/hw4_tests/bst_tests
"BSTInsert.BasicRandom" start time: Apr 01 02:43 UTC
Output:
----------------------------------------------------------
==11505== Memcheck, a memory error detector
==11505== Copyright (C) 2002-2017, and GNU GPL'd, by Julian Seward et al.
==11505== Using Valgrind-3.15.0 and LibVEX; rerun with -h for copyright info
==11505== Command: /work/hw-jtglover/hw4/hw4_tests/bst_tests/bst_tests --gtest_filter=BSTInsert.BasicRandom
==11505== 
Running main() from /build/googletest-j5yxiC/googletest-1.10.0/googletest/src/gtest_main.cc
Note: Google Test filter = BSTInsert.BasicRandom
[==========] Running 1 test from 1 test suite.
[----------] Global test environment set-up.
[----------] 1 test from BSTInsert
[ RUN      ] BSTInsert.BasicRandom
[       OK ] BSTInsert.BasicRandom (53 ms)
[----------] 1 test from BSTInsert (60 ms total)

[----------] Global test environment tear-down
[==========] 1 test from 1 test suite ran. (81 ms total)
[  PASSED  ] 1 test.
==11505== 
==11505== HEAP SUMMARY:
==11505==     in use at exit: 0 bytes in 0 blocks
==11505==   total heap usage: 525 allocs, 525 frees, 136,136 bytes allocated
==11505== 
==11505== All heap blocks were freed -- no leaks are possible
==11505== 
==11505== For lists of detected and suppressed errors, rerun with: -s
==11505== ERROR SUMMARY: 0 errors from 0 contexts (suppressed: 0 from 0)
<end of output>
Test time =   1.35 sec
----------------------------------------------------------
Test Passed.
"BSTInsert.BasicRandom" end time: Apr 01 02:43 UTC
"BSTInsert.BasicRandom" time elapsed: 00:00:01
----------------------------------------------------------

14/31 Testing: BSTInsert.Random50x30ele
14/31 Test: BSTInsert.Random50x30ele
Command: "/usr/bin/valgrind" "--tool=memcheck" "--leak-check=yes" "--trace-children=no" "/work/hw-jtglover/hw4/hw4_tests/bst_tests/bst_tests" "--gtest_filter=BSTInsert.Random50x30ele"
Directory: /work/hw-jtglover/hw4/hw4_tests/bst_tests
"BSTInsert.Random50x30ele" start time: Apr 01 02:43 UTC
Output:
----------------------------------------------------------
==11506== Memcheck, a memory error detector
==11506== Copyright (C) 2002-2017, and GNU GPL'd, by Julian Seward et al.
==11506== Using Valgrind-3.15.0 and LibVEX; rerun with -h for copyright info
==11506== Command: /work/hw-jtglover/hw4/hw4_tests/bst_tests/bst_tests --gtest_filter=BSTInsert.Random50x30ele
==11506== 
Running main() from /build/googletest-j5yxiC/googletest-1.10.0/googletest/src/gtest_main.cc
Note: Google Test filter = BSTInsert.Random50x30ele
[==========] Running 1 test from 1 test suite.
[----------] Global test environment set-up.
[----------] 1 test from BSTInsert
[ RUN      ] BSTInsert.Random50x30ele
[       OK ] BSTInsert.Random50x30ele (240 ms)
[----------] 1 test from BSTInsert (250 ms total)

[----------] Global test environment tear-down
[==========] 1 test from 1 test suite ran. (280 ms total)
[  PASSED  ] 1 test.
==11506== 
==11506== HEAP SUMMARY:
==11506==     in use at exit: 0 bytes in 0 blocks
==11506==   total heap usage: 3,655 allocs, 3,655 frees, 265,717 bytes allocated
==11506== 
==11506== All heap blocks were freed -- no leaks are possible
==11506== 
==11506== For lists of detected and suppressed errors, rerun with: -s
==11506== ERROR SUMMARY: 0 errors from 0 contexts (suppressed: 0 from 0)
<end of output>
Test time =   2.26 sec
----------------------------------------------------------
Test Passed.
"BSTInsert.Random50x30ele" end time: Apr 01 02:43 UTC
"BSTInsert.Random50x30ele" time elapsed: 00:00:02
----------------------------------------------------------

15/31 Testing: BSTInsert.Random3x5000ele
15/31 Test: BSTInsert.Random3x5000ele
Command: "/usr/bin/valgrind" "--tool=memcheck" "--leak-check=yes" "--trace-children=no" "/work/hw-jtglover/hw4/hw4_tests/bst_tests/bst_tests" "--gtest_filter=BSTInsert.Random3x5000ele"
Directory: /work/hw-jtglover/hw4/hw4_tests/bst_tests
"BSTInsert.Random3x5000ele" start time: Apr 01 02:43 UTC
Output:
----------------------------------------------------------
==11507== Memcheck, a memory error detector
==11507== Copyright (C) 2002-2017, and GNU GPL'd, by Julian Seward et al.
==11507== Using Valgrind-3.15.0 and LibVEX; rerun with -h for copyright info
==11507== Command: /work/hw-jtglover/hw4/hw4_tests/bst_tests/bst_tests --gtest_filter=BSTInsert.Random3x5000ele
==11507== 
Running main() from /build/googletest-j5yxiC/googletest-1.10.0/googletest/src/gtest_main.cc
Note: Google Test filter = BSTInsert.Random3x5000ele
[==========] Running 1 test from 1 test suite.
[----------] Global test environment set-up.
[----------] 1 test from BSTInsert
[ RUN      ] BSTInsert.Random3x5000ele
[       OK ] BSTInsert.Random3x5000ele (920 ms)
[----------] 1 test from BSTInsert (930 ms total)

[----------] Global test environment tear-down
[==========] 1 test from 1 test suite ran. (952 ms total)
[  PASSED  ] 1 test.
==11507== 
==11507== HEAP SUMMARY:
==11507==     in use at exit: 0 bytes in 0 blocks
==11507==   total heap usage: 30,514 allocs, 30,514 frees, 1,395,588 bytes allocated
==11507== 
==11507== All heap blocks were freed -- no leaks are possible
==11507== 
==11507== For lists of detected and suppressed errors, rerun with: -s
==11507== ERROR SUMMARY: 0 errors from 0 contexts (suppressed: 0 from 0)
<end of output>
Test time =   2.17 sec
----------------------------------------------------------
Test Passed.
"BSTInsert.Random3x5000ele" end time: Apr 01 02:43 UTC
"BSTInsert.Random3x5000ele" time elapsed: 00:00:02
----------------------------------------------------------

16/31 Testing: BSTRemove.EmptyTree
16/31 Test: BSTRemove.EmptyTree
Command: "/usr/bin/valgrind" "--tool=memcheck" "--leak-check=yes" "--trace-children=no" "/work/hw-jtglover/hw4/hw4_tests/bst_tests/bst_tests" "--gtest_filter=BSTRemove.EmptyTree"
Directory: /work/hw-jtglover/hw4/hw4_tests/bst_tests
"BSTRemove.EmptyTree" start time: Apr 01 02:43 UTC
Output:
----------------------------------------------------------
==11508== Memcheck, a memory error detector
==11508== Copyright (C) 2002-2017, and GNU GPL'd, by Julian Seward et al.
==11508== Using Valgrind-3.15.0 and LibVEX; rerun with -h for copyright info
==11508== Command: /work/hw-jtglover/hw4/hw4_tests/bst_tests/bst_tests --gtest_filter=BSTRemove.EmptyTree
==11508== 
Running main() from /build/googletest-j5yxiC/googletest-1.10.0/googletest/src/gtest_main.cc
Note: Google Test filter = BSTRemove.EmptyTree
[==========] Running 1 test from 1 test suite.
[----------] Global test environment set-up.
[----------] 1 test from BSTRemove
[ RUN      ] BSTRemove.EmptyTree
[       OK ] BSTRemove.EmptyTree (14 ms)
[----------] 1 test from BSTRemove (20 ms total)

[----------] Global test environment tear-down
[==========] 1 test from 1 test suite ran. (43 ms total)
[  PASSED  ] 1 test.
==11508== 
==11508== HEAP SUMMARY:
==11508==     in use at exit: 0 bytes in 0 blocks
==11508==   total heap usage: 505 allocs, 505 frees, 135,317 bytes allocated
==11508== 
==11508== All heap blocks were freed -- no leaks are possible
==11508== 
==11508== For lists of detected and suppressed errors, rerun with: -s
==11508== ERROR SUMMARY: 0 errors from 0 contexts (suppressed: 0 from 0)
<end of output>
Test time =   1.24 sec
----------------------------------------------------------
Test Passed.
"BSTRemove.EmptyTree" end time: Apr 01 02:43 UTC
"BSTRemove.EmptyTree" time elapsed: 00:00:01
----------------------------------------------------------

17/31 Testing: BSTRemove.NodeMismatch
17/31 Test: BSTRemove.NodeMismatch
Command: "/usr/bin/valgrind" "--tool=memcheck" "--leak-check=yes" "--trace-children=no" "/work/hw-jtglover/hw4/hw4_tests/bst_tests/bst_tests" "--gtest_filter=BSTRemove.NodeMismatch"
Directory: /work/hw-jtglover/hw4/hw4_tests/bst_tests
"BSTRemove.NodeMismatch" start time: Apr 01 02:43 UTC
Output:
----------------------------------------------------------
==11509== Memcheck, a memory error detector
==11509== Copyright (C) 2002-2017, and GNU GPL'd, by Julian Seward et al.
==11509== Using Valgrind-3.15.0 and LibVEX; rerun with -h for copyright info
==11509== Command: /work/hw-jtglover/hw4/hw4_tests/bst_tests/bst_tests --gtest_filter=BSTRemove.NodeMismatch
==11509== 
Running main() from /build/googletest-j5yxiC/googletest-1.10.0/googletest/src/gtest_main.cc
Note: Google Test filter = BSTRemove.NodeMismatch
[==========] Running 1 test from 1 test suite.
[----------] Global test environment set-up.
[----------] 1 test from BSTRemove
[ RUN      ] BSTRemove.NodeMismatch
[       OK ] BSTRemove.NodeMismatch (36 ms)
[----------] 1 test from BSTRemove (41 ms total)

[----------] Global test environment tear-down
[==========] 1 test from 1 test suite ran. (63 ms total)
[  PASSED  ] 1 test.
==11509== 
==11509== HEAP SUMMARY:
==11509==     in use at exit: 0 bytes in 0 blocks
==11509==   total heap usage: 509 allocs, 509 frees, 135,658 bytes allocated
==11509== 
==11509== All heap blocks were freed -- no leaks are possible
==11509== 
==11509== For lists of detected and suppressed errors, rerun with: -s
==11509== ERROR SUMMARY: 0 errors from 0 contexts (suppressed: 0 from 0)
<end of output>
Test time =   1.65 sec
----------------------------------------------------------
Test Passed.
"BSTRemove.NodeMismatch" end time: Apr 01 02:43 UTC
"BSTRemove.NodeMismatch" time elapsed: 00:00:01
----------------------------------------------------------

18/31 Testing: BSTRemove.SingleRemove
18/31 Test: BSTRemove.SingleRemove
Command: "/usr/bin/valgrind" "--tool=memcheck" "--leak-check=yes" "--trace-children=no" "/work/hw-jtglover/hw4/hw4_tests/bst_tests/bst_tests" "--gtest_filter=BSTRemove.SingleRemove"
Directory: /work/hw-jtglover/hw4/hw4_tests/bst_tests
"BSTRemove.SingleRemove" start time: Apr 01 02:43 UTC
Output:
----------------------------------------------------------
==11510== Memcheck, a memory error detector
==11510== Copyright (C) 2002-2017, and GNU GPL'd, by Julian Seward et al.
==11510== Using Valgrind-3.15.0 and LibVEX; rerun with -h for copyright info
==11510== Command: /work/hw-jtglover/hw4/hw4_tests/bst_tests/bst_tests --gtest_filter=BSTRemove.SingleRemove
==11510== 
Running main() from /build/googletest-j5yxiC/googletest-1.10.0/googletest/src/gtest_main.cc
Note: Google Test filter = BSTRemove.SingleRemove
[==========] Running 1 test from 1 test suite.
[----------] Global test environment set-up.
[----------] 1 test from BSTRemove
[ RUN      ] BSTRemove.SingleRemove
[       OK ] BSTRemove.SingleRemove (15 ms)
[----------] 1 test from BSTRemove (20 ms total)

[----------] Global test environment tear-down
[==========] 1 test from 1 test suite ran. (42 ms total)
[  PASSED  ] 1 test.
==11510== 
==11510== HEAP SUMMARY:
==11510==     in use at exit: 0 bytes in 0 blocks
==11510==   total heap usage: 505 allocs, 505 frees, 135,351 bytes allocated
==11510== 
==11510== All heap blocks were freed -- no leaks are possible
==11510== 
==11510== For lists of detected and suppressed errors, rerun with: -s
==11510== ERROR SUMMARY: 0 errors from 0 contexts (suppressed: 0 from 0)
<end of output>
Test time =   1.49 sec
----------------------------------------------------------
Test Passed.
"BSTRemove.SingleRemove" end time: Apr 01 02:43 UTC
"BSTRemove.SingleRemove" time elapsed: 00:00:01
----------------------------------------------------------

19/31 Testing: BSTRemove.RightChildRemove
19/31 Test: BSTRemove.RightChildRemove
Command: "/usr/bin/valgrind" "--tool=memcheck" "--leak-check=yes" "--trace-children=no" "/work/hw-jtglover/hw4/hw4_tests/bst_tests/bst_tests" "--gtest_filter=BSTRemove.RightChildRemove"
Directory: /work/hw-jtglover/hw4/hw4_tests/bst_tests
"BSTRemove.RightChildRemove" start time: Apr 01 02:43 UTC
Output:
----------------------------------------------------------
==11511== Memcheck, a memory error detector
==11511== Copyright (C) 2002-2017, and GNU GPL'd, by Julian Seward et al.
==11511== Using Valgrind-3.15.0 and LibVEX; rerun with -h for copyright info
==11511== Command: /work/hw-jtglover/hw4/hw4_tests/bst_tests/bst_tests --gtest_filter=BSTRemove.RightChildRemove
==11511== 
Running main() from /build/googletest-j5yxiC/googletest-1.10.0/googletest/src/gtest_main.cc
Note: Google Test filter = BSTRemove.RightChildRemove
[==========] Running 1 test from 1 test suite.
[----------] Global test environment set-up.
[----------] 1 test from BSTRemove
[ RUN      ] BSTRemove.RightChildRemove
[       OK ] BSTRemove.RightChildRemove (33 ms)
[----------] 1 test from BSTRemove (41 ms total)

[----------] Global test environment tear-down
[==========] 1 test from 1 test suite ran. (66 ms total)
[  PASSED  ] 1 test.
==11511== 
==11511== HEAP SUMMARY:
==11511==     in use at exit: 0 bytes in 0 blocks
==11511==   total heap usage: 509 allocs, 509 frees, 135,555 bytes allocated
==11511== 
==11511== All heap blocks were freed -- no leaks are possible
==11511== 
==11511== For lists of detected and suppressed errors, rerun with: -s
==11511== ERROR SUMMARY: 0 errors from 0 contexts (suppressed: 0 from 0)
<end of output>
Test time =   1.28 sec
----------------------------------------------------------
Test Passed.
"BSTRemove.RightChildRemove" end time: Apr 01 02:43 UTC
"BSTRemove.RightChildRemove" time elapsed: 00:00:01
----------------------------------------------------------

20/31 Testing: BSTRemove.LeftChildRemove
20/31 Test: BSTRemove.LeftChildRemove
Command: "/usr/bin/valgrind" "--tool=memcheck" "--leak-check=yes" "--trace-children=no" "/work/hw-jtglover/hw4/hw4_tests/bst_tests/bst_tests" "--gtest_filter=BSTRemove.LeftChildRemove"
Directory: /work/hw-jtglover/hw4/hw4_tests/bst_tests
"BSTRemove.LeftChildRemove" start time: Apr 01 02:43 UTC
Output:
----------------------------------------------------------
==11512== Memcheck, a memory error detector
==11512== Copyright (C) 2002-2017, and GNU GPL'd, by Julian Seward et al.
==11512== Using Valgrind-3.15.0 and LibVEX; rerun with -h for copyright info
==11512== Command: /work/hw-jtglover/hw4/hw4_tests/bst_tests/bst_tests --gtest_filter=BSTRemove.LeftChildRemove
==11512== 
Running main() from /build/googletest-j5yxiC/googletest-1.10.0/googletest/src/gtest_main.cc
Note: Google Test filter = BSTRemove.LeftChildRemove
[==========] Running 1 test from 1 test suite.
[----------] Global test environment set-up.
[----------] 1 test from BSTRemove
[ RUN      ] BSTRemove.LeftChildRemove
[       OK ] BSTRemove.LeftChildRemove (33 ms)
[----------] 1 test from BSTRemove (39 ms total)

[----------] Global test environment tear-down
[==========] 1 test from 1 test suite ran. (64 ms total)
[  PASSED  ] 1 test.
==11512== 
==11512== HEAP SUMMARY:
==11512==     in use at exit: 0 bytes in 0 blocks
==11512==   total heap usage: 509 allocs, 509 frees, 135,548 bytes allocated
==11512== 
==11512== All heap blocks were freed -- no leaks are possible
==11512== 
==11512== For lists of detected and suppressed errors, rerun with: -s
==11512== ERROR SUMMARY: 0 errors from 0 contexts (suppressed: 0 from 0)
<end of output>
Test time =   1.62 sec
----------------------------------------------------------
Test Passed.
"BSTRemove.LeftChildRemove" end time: Apr 01 02:43 UTC
"BSTRemove.LeftChildRemove" time elapsed: 00:00:01
----------------------------------------------------------

21/31 Testing: BSTRemove.TwoChildrenRemove_3Node
21/31 Test: BSTRemove.TwoChildrenRemove_3Node
Command: "/usr/bin/valgrind" "--tool=memcheck" "--leak-check=yes" "--trace-children=no" "/work/hw-jtglover/hw4/hw4_tests/bst_tests/bst_tests" "--gtest_filter=BSTRemove.TwoChildrenRemove_3Node"
Directory: /work/hw-jtglover/hw4/hw4_tests/bst_tests
"BSTRemove.TwoChildrenRemove_3Node" start time: Apr 01 02:43 UTC
Output:
----------------------------------------------------------
==11513== Memcheck, a memory error detector
==11513== Copyright (C) 2002-2017, and GNU GPL'd, by Julian Seward et al.
==11513== Using Valgrind-3.15.0 and LibVEX; rerun with -h for copyright info
==11513== Command: /work/hw-jtglover/hw4/hw4_tests/bst_tests/bst_tests --gtest_filter=BSTRemove.TwoChildrenRemove_3Node
==11513== 
Running main() from /build/googletest-j5yxiC/googletest-1.10.0/googletest/src/gtest_main.cc
Note: Google Test filter = BSTRemove.TwoChildrenRemove_3Node
[==========] Running 1 test from 1 test suite.
[----------] Global test environment set-up.
[----------] 1 test from BSTRemove
[ RUN      ] BSTRemove.TwoChildrenRemove_3Node
[       OK ] BSTRemove.TwoChildrenRemove_3Node (58 ms)
[----------] 1 test from BSTRemove (68 ms total)

[----------] Global test environment tear-down
[==========] 1 test from 1 test suite ran. (96 ms total)
[  PASSED  ] 1 test.
==11513== 
==11513== HEAP SUMMARY:
==11513==     in use at exit: 0 bytes in 0 blocks
==11513==   total heap usage: 509 allocs, 509 frees, 135,703 bytes allocated
==11513== 
==11513== All heap blocks were freed -- no leaks are possible
==11513== 
==11513== For lists of detected and suppressed errors, rerun with: -s
==11513== ERROR SUMMARY: 0 errors from 0 contexts (suppressed: 0 from 0)
<end of output>
Test time =   1.82 sec
----------------------------------------------------------
Test Passed.
"BSTRemove.TwoChildrenRemove_3Node" end time: Apr 01 02:43 UTC
"BSTRemove.TwoChildrenRemove_3Node" time elapsed: 00:00:01
----------------------------------------------------------

22/31 Testing: BSTRemove.TwoChildrenRemove_4Node
22/31 Test: BSTRemove.TwoChildrenRemove_4Node
Command: "/usr/bin/valgrind" "--tool=memcheck" "--leak-check=yes" "--trace-children=no" "/work/hw-jtglover/hw4/hw4_tests/bst_tests/bst_tests" "--gtest_filter=BSTRemove.TwoChildrenRemove_4Node"
Directory: /work/hw-jtglover/hw4/hw4_tests/bst_tests
"BSTRemove.TwoChildrenRemove_4Node" start time: Apr 01 02:43 UTC
Output:
----------------------------------------------------------
==11514== Memcheck, a memory error detector
==11514== Copyright (C) 2002-2017, and GNU GPL'd, by Julian Seward et al.
==11514== Using Valgrind-3.15.0 and LibVEX; rerun with -h for copyright info
==11514== Command: /work/hw-jtglover/hw4/hw4_tests/bst_tests/bst_tests --gtest_filter=BSTRemove.TwoChildrenRemove_4Node
==11514== 
Running main() from /build/googletest-j5yxiC/googletest-1.10.0/googletest/src/gtest_main.cc
Note: Google Test filter = BSTRemove.TwoChildrenRemove_4Node
[==========] Running 1 test from 1 test suite.
[----------] Global test environment set-up.
[----------] 1 test from BSTRemove
[ RUN      ] BSTRemove.TwoChildrenRemove_4Node
[       OK ] BSTRemove.TwoChildrenRemove_4Node (44 ms)
[----------] 1 test from BSTRemove (51 ms total)

[----------] Global test environment tear-down
[==========] 1 test from 1 test suite ran. (73 ms total)
[  PASSED  ] 1 test.
==11514== 
==11514== HEAP SUMMARY:
==11514==     in use at exit: 0 bytes in 0 blocks
==11514==   total heap usage: 511 allocs, 511 frees, 135,791 bytes allocated
==11514== 
==11514== All heap blocks were freed -- no leaks are possible
==11514== 
==11514== For lists of detected and suppressed errors, rerun with: -s
==11514== ERROR SUMMARY: 0 errors from 0 contexts (suppressed: 0 from 0)
<end of output>
Test time =   1.54 sec
----------------------------------------------------------
Test Passed.
"BSTRemove.TwoChildrenRemove_4Node" end time: Apr 01 02:43 UTC
"BSTRemove.TwoChildrenRemove_4Node" time elapsed: 00:00:01
----------------------------------------------------------

23/31 Testing: BSTRemove.Random50x30ele
23/31 Test: BSTRemove.Random50x30ele
Command: "/usr/bin/valgrind" "--tool=memcheck" "--leak-check=yes" "--trace-children=no" "/work/hw-jtglover/hw4/hw4_tests/bst_tests/bst_tests" "--gtest_filter=BSTRemove.Random50x30ele"
Directory: /work/hw-jtglover/hw4/hw4_tests/bst_tests
"BSTRemove.Random50x30ele" start time: Apr 01 02:43 UTC
Output:
----------------------------------------------------------
==11515== Memcheck, a memory error detector
==11515== Copyright (C) 2002-2017, and GNU GPL'd, by Julian Seward et al.
==11515== Using Valgrind-3.15.0 and LibVEX; rerun with -h for copyright info
==11515== Command: /work/hw-jtglover/hw4/hw4_tests/bst_tests/bst_tests --gtest_filter=BSTRemove.Random50x30ele
==11515== 
Running main() from /build/googletest-j5yxiC/googletest-1.10.0/googletest/src/gtest_main.cc
Note: Google Test filter = BSTRemove.Random50x30ele
[==========] Running 1 test from 1 test suite.
[----------] Global test environment set-up.
[----------] 1 test from BSTRemove
[ RUN      ] BSTRemove.Random50x30ele
[       OK ] BSTRemove.Random50x30ele (1781 ms)
[----------] 1 test from BSTRemove (1790 ms total)

[----------] Global test environment tear-down
[==========] 1 test from 1 test suite ran. (1819 ms total)
[  PASSED  ] 1 test.
==11515== 
==11515== HEAP SUMMARY:
==11515==     in use at exit: 0 bytes in 0 blocks
==11515==   total heap usage: 2,561 allocs, 2,561 frees, 226,157 bytes allocated
==11515== 
==11515== All heap blocks were freed -- no leaks are possible
==11515== 
==11515== For lists of detected and suppressed errors, rerun with: -s
==11515== ERROR SUMMARY: 0 errors from 0 contexts (suppressed: 0 from 0)
<end of output>
Test time =   3.07 sec
----------------------------------------------------------
Test Passed.
"BSTRemove.Random50x30ele" end time: Apr 01 02:43 UTC
"BSTRemove.Random50x30ele" time elapsed: 00:00:03
----------------------------------------------------------

24/31 Testing: BSTStress.InsertRemove
24/31 Test: BSTStress.InsertRemove
Command: "/usr/bin/valgrind" "--tool=memcheck" "--leak-check=yes" "--trace-children=no" "/work/hw-jtglover/hw4/hw4_tests/bst_tests/bst_tests" "--gtest_filter=BSTStress.InsertRemove"
Directory: /work/hw-jtglover/hw4/hw4_tests/bst_tests
"BSTStress.InsertRemove" start time: Apr 01 02:43 UTC
Output:
----------------------------------------------------------
==11516== Memcheck, a memory error detector
==11516== Copyright (C) 2002-2017, and GNU GPL'd, by Julian Seward et al.
==11516== Using Valgrind-3.15.0 and LibVEX; rerun with -h for copyright info
==11516== Command: /work/hw-jtglover/hw4/hw4_tests/bst_tests/bst_tests --gtest_filter=BSTStress.InsertRemove
==11516== 
Running main() from /build/googletest-j5yxiC/googletest-1.10.0/googletest/src/gtest_main.cc
Note: Google Test filter = BSTStress.InsertRemove
[==========] Running 1 test from 1 test suite.
[----------] Global test environment set-up.
[----------] 1 test from BSTStress
[ RUN      ] BSTStress.InsertRemove
[       OK ] BSTStress.InsertRemove (125 ms)
[----------] 1 test from BSTStress (131 ms total)

[----------] Global test environment tear-down
[==========] 1 test from 1 test suite ran. (153 ms total)
[  PASSED  ] 1 test.
==11516== 
==11516== HEAP SUMMARY:
==11516==     in use at exit: 0 bytes in 0 blocks
==11516==   total heap usage: 762 allocs, 762 frees, 147,479 bytes allocated
==11516== 
==11516== All heap blocks were freed -- no leaks are possible
==11516== 
==11516== For lists of detected and suppressed errors, rerun with: -s
==11516== ERROR SUMMARY: 0 errors from 0 contexts (suppressed: 0 from 0)
<end of output>
Test time =   1.53 sec
----------------------------------------------------------
Test Passed.
"BSTStress.InsertRemove" end time: Apr 01 02:43 UTC
"BSTStress.InsertRemove" time elapsed: 00:00:01
----------------------------------------------------------

25/31 Testing: BSTStress.Remove
25/31 Test: BSTStress.Remove
Command: "/usr/bin/valgrind" "--tool=memcheck" "--leak-check=yes" "--trace-children=no" "/work/hw-jtglover/hw4/hw4_tests/bst_tests/bst_tests" "--gtest_filter=BSTStress.Remove"
Directory: /work/hw-jtglover/hw4/hw4_tests/bst_tests
"BSTStress.Remove" start time: Apr 01 02:43 UTC
Output:
----------------------------------------------------------
==11517== Memcheck, a memory error detector
==11517== Copyright (C) 2002-2017, and GNU GPL'd, by Julian Seward et al.
==11517== Using Valgrind-3.15.0 and LibVEX; rerun with -h for copyright info
==11517== Command: /work/hw-jtglover/hw4/hw4_tests/bst_tests/bst_tests --gtest_filter=BSTStress.Remove
==11517== 
Running main() from /build/googletest-j5yxiC/googletest-1.10.0/googletest/src/gtest_main.cc
Note: Google Test filter = BSTStress.Remove
[==========] Running 1 test from 1 test suite.
[----------] Global test environment set-up.
[----------] 1 test from BSTStress
[ RUN      ] BSTStress.Remove
Before any removals, tree is: 
                     [02]
           ┌─────────┘  └─────────┐                        
         [01]                    [03]
                                    └───┐            
                                       [04]
                                          └┐      
                                          [05]

Tree Placeholders:------------------
[01] -> (1, <error: lookup failed>)
[02] -> (2, 8)
[03] -> (3, <error: lookup failed>)
[04] -> (10, <error: lookup failed>)
[05] -> (15, <error: lookup failed>)

After removing -1 (which doesn't exist), tree is: 
                     [02]
           ┌─────────┘  └─────────┐                        
         [01]                    [03]
                                    └───┐            
                                       [04]
                                          └┐      
                                          [05]

Tree Placeholders:------------------
[01] -> (1, <error: lookup failed>)
[02] -> (2, 8)
[03] -> (3, <error: lookup failed>)
[04] -> (10, <error: lookup failed>)
[05] -> (15, <error: lookup failed>)

After removing 2 (the root), tree is: 
                     [01]
                        └─────────┐                        
                                 [02]
                                    └───┐            
                                       [03]
                                          └┐      
                                          [04]

Tree Placeholders:------------------
[01] -> (1, -50)
[02] -> (3, <error: lookup failed>)
[03] -> (10, <error: lookup failed>)
[04] -> (15, <error: lookup failed>)

After removing 10, tree is: 
                     [01]
                        └─────────┐                        
                                 [02]
                                    └───┐            
                                       [03]
                                          └┐      
                                          [04]

Tree Placeholders:------------------
[01] -> (1, -50)
[02] -> (3, <error: lookup failed>)
[03] -> (10, <error: lookup failed>)
[04] -> (15, <error: lookup failed>)

After removing 1, tree is: 
         [01]
            └───┐            
               [02]
                  └┐      
                  [03]

Tree Placeholders:------------------
[01] -> (3, 0)
[02] -> (10, <error: lookup failed>)
[03] -> (15, <error: lookup failed>)

After removing 3, tree is: 
   [01]
      └┐      
      [02]

Tree Placeholders:------------------
[01] -> (10, 0)
[02] -> (15, <error: lookup failed>)

After removing 15 (the last element), tree is: 
   [01]
      └┐      
      [02]

Tree Placeholders:------------------
[01] -> (10, 0)
[02] -> (15, <error: lookup failed>)

After removing 15 (which doesn't exist), tree is: 
   [01]
      └┐      
      [02]

Tree Placeholders:------------------
[01] -> (10, 0)
[02] -> (15, <error: lookup failed>)

[       OK ] BSTStress.Remove (115 ms)
[----------] 1 test from BSTStress (121 ms total)

[----------] Global test environment tear-down
[==========] 1 test from 1 test suite ran. (143 ms total)
[  PASSED  ] 1 test.
==11517== 
==11517== HEAP SUMMARY:
==11517==     in use at exit: 0 bytes in 0 blocks
==11517==   total heap usage: 621 allocs, 621 frees, 139,293 bytes allocated
==11517== 
==11517== All heap blocks were freed -- no leaks are possible
==11517== 
==11517== For lists of detected and suppressed errors, rerun with: -s
==11517== ERROR SUMMARY: 0 errors from 0 contexts (suppressed: 0 from 0)
<end of output>
Test time =   1.41 sec
----------------------------------------------------------
Test Passed.
"BSTStress.Remove" end time: Apr 01 02:43 UTC
"BSTStress.Remove" time elapsed: 00:00:01
----------------------------------------------------------

26/31 Testing: BSTBalance.EmptyTree
26/31 Test: BSTBalance.EmptyTree
Command: "/usr/bin/valgrind" "--tool=memcheck" "--leak-check=yes" "--trace-children=no" "/work/hw-jtglover/hw4/hw4_tests/bst_tests/bst_tests" "--gtest_filter=BSTBalance.EmptyTree"
Directory: /work/hw-jtglover/hw4/hw4_tests/bst_tests
"BSTBalance.EmptyTree" start time: Apr 01 02:43 UTC
Output:
----------------------------------------------------------
==11518== Memcheck, a memory error detector
==11518== Copyright (C) 2002-2017, and GNU GPL'd, by Julian Seward et al.
==11518== Using Valgrind-3.15.0 and LibVEX; rerun with -h for copyright info
==11518== Command: /work/hw-jtglover/hw4/hw4_tests/bst_tests/bst_tests --gtest_filter=BSTBalance.EmptyTree
==11518== 
Running main() from /build/googletest-j5yxiC/googletest-1.10.0/googletest/src/gtest_main.cc
Note: Google Test filter = BSTBalance.EmptyTree
[==========] Running 1 test from 1 test suite.
[----------] Global test environment set-up.
[----------] 1 test from BSTBalance
[ RUN      ] BSTBalance.EmptyTree
[       OK ] BSTBalance.EmptyTree (7 ms)
[----------] 1 test from BSTBalance (13 ms total)

[----------] Global test environment tear-down
[==========] 1 test from 1 test suite ran. (36 ms total)
[  PASSED  ] 1 test.
==11518== 
==11518== HEAP SUMMARY:
==11518==     in use at exit: 0 bytes in 0 blocks
==11518==   total heap usage: 504 allocs, 504 frees, 135,289 bytes allocated
==11518== 
==11518== All heap blocks were freed -- no leaks are possible
==11518== 
==11518== For lists of detected and suppressed errors, rerun with: -s
==11518== ERROR SUMMARY: 0 errors from 0 contexts (suppressed: 0 from 0)
<end of output>
Test time =   1.49 sec
----------------------------------------------------------
Test Passed.
"BSTBalance.EmptyTree" end time: Apr 01 02:43 UTC
"BSTBalance.EmptyTree" time elapsed: 00:00:01
----------------------------------------------------------

27/31 Testing: BSTBalance.OneNode
27/31 Test: BSTBalance.OneNode
Command: "/usr/bin/valgrind" "--tool=memcheck" "--leak-check=yes" "--trace-children=no" "/work/hw-jtglover/hw4/hw4_tests/bst_tests/bst_tests" "--gtest_filter=BSTBalance.OneNode"
Directory: /work/hw-jtglover/hw4/hw4_tests/bst_tests
"BSTBalance.OneNode" start time: Apr 01 02:43 UTC
Output:
----------------------------------------------------------
==11519== Memcheck, a memory error detector
==11519== Copyright (C) 2002-2017, and GNU GPL'd, by Julian Seward et al.
==11519== Using Valgrind-3.15.0 and LibVEX; rerun with -h for copyright info
==11519== Command: /work/hw-jtglover/hw4/hw4_tests/bst_tests/bst_tests --gtest_filter=BSTBalance.OneNode
==11519== 
Running main() from /build/googletest-j5yxiC/googletest-1.10.0/googletest/src/gtest_main.cc
Note: Google Test filter = BSTBalance.OneNode
[==========] Running 1 test from 1 test suite.
[----------] Global test environment set-up.
[----------] 1 test from BSTBalance
[ RUN      ] BSTBalance.OneNode
[       OK ] BSTBalance.OneNode (14 ms)
[----------] 1 test from BSTBalance (25 ms total)

[----------] Global test environment tear-down
[==========] 1 test from 1 test suite ran. (57 ms total)
[  PASSED  ] 1 test.
==11519== 
==11519== HEAP SUMMARY:
==11519==     in use at exit: 0 bytes in 0 blocks
==11519==   total heap usage: 505 allocs, 505 frees, 135,371 bytes allocated
==11519== 
==11519== All heap blocks were freed -- no leaks are possible
==11519== 
==11519== For lists of detected and suppressed errors, rerun with: -s
==11519== ERROR SUMMARY: 0 errors from 0 contexts (suppressed: 0 from 0)
<end of output>
Test time =   1.35 sec
----------------------------------------------------------
Test Passed.
"BSTBalance.OneNode" end time: Apr 01 02:43 UTC
"BSTBalance.OneNode" time elapsed: 00:00:01
----------------------------------------------------------

28/31 Testing: BSTBalance.3Nodes_Unbalanced
28/31 Test: BSTBalance.3Nodes_Unbalanced
Command: "/usr/bin/valgrind" "--tool=memcheck" "--leak-check=yes" "--trace-children=no" "/work/hw-jtglover/hw4/hw4_tests/bst_tests/bst_tests" "--gtest_filter=BSTBalance.3Nodes_Unbalanced"
Directory: /work/hw-jtglover/hw4/hw4_tests/bst_tests
"BSTBalance.3Nodes_Unbalanced" start time: Apr 01 02:43 UTC
Output:
----------------------------------------------------------
==11520== Memcheck, a memory error detector
==11520== Copyright (C) 2002-2017, and GNU GPL'd, by Julian Seward et al.
==11520== Using Valgrind-3.15.0 and LibVEX; rerun with -h for copyright info
==11520== Command: /work/hw-jtglover/hw4/hw4_tests/bst_tests/bst_tests --gtest_filter=BSTBalance.3Nodes_Unbalanced
==11520== 
Running main() from /build/googletest-j5yxiC/googletest-1.10.0/googletest/src/gtest_main.cc
Note: Google Test filter = BSTBalance.3Nodes_Unbalanced
[==========] Running 1 test from 1 test suite.
[----------] Global test environment set-up.
[----------] 1 test from BSTBalance
[ RUN      ] BSTBalance.3Nodes_Unbalanced
[       OK ] BSTBalance.3Nodes_Unbalanced (18 ms)
[----------] 1 test from BSTBalance (23 ms total)

[----------] Global test environment tear-down
[==========] 1 test from 1 test suite ran. (45 ms total)
[  PASSED  ] 1 test.
==11520== 
==11520== HEAP SUMMARY:
==11520==     in use at exit: 0 bytes in 0 blocks
==11520==   total heap usage: 507 allocs, 507 frees, 135,465 bytes allocated
==11520== 
==11520== All heap blocks were freed -- no leaks are possible
==11520== 
==11520== For lists of detected and suppressed errors, rerun with: -s
==11520== ERROR SUMMARY: 0 errors from 0 contexts (suppressed: 0 from 0)
<end of output>
Test time =   1.44 sec
----------------------------------------------------------
Test Passed.
"BSTBalance.3Nodes_Unbalanced" end time: Apr 01 02:43 UTC
"BSTBalance.3Nodes_Unbalanced" time elapsed: 00:00:01
----------------------------------------------------------

29/31 Testing: BSTBalance.3Nodes_Balanced
29/31 Test: BSTBalance.3Nodes_Balanced
Command: "/usr/bin/valgrind" "--tool=memcheck" "--leak-check=yes" "--trace-children=no" "/work/hw-jtglover/hw4/hw4_tests/bst_tests/bst_tests" "--gtest_filter=BSTBalance.3Nodes_Balanced"
Directory: /work/hw-jtglover/hw4/hw4_tests/bst_tests
"BSTBalance.3Nodes_Balanced" start time: Apr 01 02:43 UTC
Output:
----------------------------------------------------------
==11521== Memcheck, a memory error detector
==11521== Copyright (C) 2002-2017, and GNU GPL'd, by Julian Seward et al.
==11521== Using Valgrind-3.15.0 and LibVEX; rerun with -h for copyright info
==11521== Command: /work/hw-jtglover/hw4/hw4_tests/bst_tests/bst_tests --gtest_filter=BSTBalance.3Nodes_Balanced
==11521== 
Running main() from /build/googletest-j5yxiC/googletest-1.10.0/googletest/src/gtest_main.cc
Note: Google Test filter = BSTBalance.3Nodes_Balanced
[==========] Running 1 test from 1 test suite.
[----------] Global test environment set-up.
[----------] 1 test from BSTBalance
[ RUN      ] BSTBalance.3Nodes_Balanced
[       OK ] BSTBalance.3Nodes_Balanced (17 ms)
[----------] 1 test from BSTBalance (23 ms total)

[----------] Global test environment tear-down
[==========] 1 test from 1 test suite ran. (45 ms total)
[  PASSED  ] 1 test.
==11521== 
==11521== HEAP SUMMARY:
==11521==     in use at exit: 0 bytes in 0 blocks
==11521==   total heap usage: 507 allocs, 507 frees, 135,451 bytes allocated
==11521== 
==11521== All heap blocks were freed -- no leaks are possible
==11521== 
==11521== For lists of detected and suppressed errors, rerun with: -s
==11521== ERROR SUMMARY: 0 errors from 0 contexts (suppressed: 0 from 0)
<end of output>
Test time =   1.61 sec
----------------------------------------------------------
Test Passed.
"BSTBalance.3Nodes_Balanced" end time: Apr 01 02:44 UTC
"BSTBalance.3Nodes_Balanced" time elapsed: 00:00:01
----------------------------------------------------------

30/31 Testing: BSTBalance.UnbalancedSubtree
30/31 Test: BSTBalance.UnbalancedSubtree
Command: "/usr/bin/valgrind" "--tool=memcheck" "--leak-check=yes" "--trace-children=no" "/work/hw-jtglover/hw4/hw4_tests/bst_tests/bst_tests" "--gtest_filter=BSTBalance.UnbalancedSubtree"
Directory: /work/hw-jtglover/hw4/hw4_tests/bst_tests
"BSTBalance.UnbalancedSubtree" start time: Apr 01 02:44 UTC
Output:
----------------------------------------------------------
==11522== Memcheck, a memory error detector
==11522== Copyright (C) 2002-2017, and GNU GPL'd, by Julian Seward et al.
==11522== Using Valgrind-3.15.0 and LibVEX; rerun with -h for copyright info
==11522== Command: /work/hw-jtglover/hw4/hw4_tests/bst_tests/bst_tests --gtest_filter=BSTBalance.UnbalancedSubtree
==11522== 
Running main() from /build/googletest-j5yxiC/googletest-1.10.0/googletest/src/gtest_main.cc
Note: Google Test filter = BSTBalance.UnbalancedSubtree
[==========] Running 1 test from 1 test suite.
[----------] Global test environment set-up.
[----------] 1 test from BSTBalance
[ RUN      ] BSTBalance.UnbalancedSubtree
                     [04]
           ┌─────────┘  └─────────┐                        
         [02]                    [05]
     ┌───┘  └───┐                   └───┐            
   [01]        [03]                    [06]
                                          └┐      
                                          [07]

Tree Placeholders:------------------
[01] -> (1, <error: lookup failed>)
[02] -> (3, <error: lookup failed>)
[03] -> (4, <error: lookup failed>)
[04] -> (5, 8)
[05] -> (10, <error: lookup failed>)
[06] -> (15, <error: lookup failed>)
[07] -> (17, <error: lookup failed>)

[       OK ] BSTBalance.UnbalancedSubtree (80 ms)
[----------] 1 test from BSTBalance (85 ms total)

[----------] Global test environment tear-down
[==========] 1 test from 1 test suite ran. (107 ms total)
[  PASSED  ] 1 test.
==11522== 
==11522== HEAP SUMMARY:
==11522==     in use at exit: 0 bytes in 0 blocks
==11522==   total heap usage: 530 allocs, 530 frees, 136,339 bytes allocated
==11522== 
==11522== All heap blocks were freed -- no leaks are possible
==11522== 
==11522== For lists of detected and suppressed errors, rerun with: -s
==11522== ERROR SUMMARY: 0 errors from 0 contexts (suppressed: 0 from 0)
<end of output>
Test time =   1.31 sec
----------------------------------------------------------
Test Passed.
"BSTBalance.UnbalancedSubtree" end time: Apr 01 02:44 UTC
"BSTBalance.UnbalancedSubtree" time elapsed: 00:00:01
----------------------------------------------------------

31/31 Testing: BSTBalance.Random50x30ele
31/31 Test: BSTBalance.Random50x30ele
Command: "/usr/bin/valgrind" "--tool=memcheck" "--leak-check=yes" "--trace-children=no" "/work/hw-jtglover/hw4/hw4_tests/bst_tests/bst_tests" "--gtest_filter=BSTBalance.Random50x30ele"
Directory: /work/hw-jtglover/hw4/hw4_tests/bst_tests
"BSTBalance.Random50x30ele" start time: Apr 01 02:44 UTC
Output:
----------------------------------------------------------
==11523== Memcheck, a memory error detector
==11523== Copyright (C) 2002-2017, and GNU GPL'd, by Julian Seward et al.
==11523== Using Valgrind-3.15.0 and LibVEX; rerun with -h for copyright info
==11523== Command: /work/hw-jtglover/hw4/hw4_tests/bst_tests/bst_tests --gtest_filter=BSTBalance.Random50x30ele
==11523== 
Running main() from /build/googletest-j5yxiC/googletest-1.10.0/googletest/src/gtest_main.cc
Note: Google Test filter = BSTBalance.Random50x30ele
[==========] Running 1 test from 1 test suite.
[----------] Global test environment set-up.
[----------] 1 test from BSTBalance
[ RUN      ] BSTBalance.Random50x30ele
[       OK ] BSTBalance.Random50x30ele (336 ms)
[----------] 1 test from BSTBalance (346 ms total)

[----------] Global test environment tear-down
[==========] 1 test from 1 test suite ran. (379 ms total)
[  PASSED  ] 1 test.
==11523== 
==11523== HEAP SUMMARY:
==11523==     in use at exit: 0 bytes in 0 blocks
==11523==   total heap usage: 3,655 allocs, 3,655 frees, 265,724 bytes allocated
==11523== 
==11523== All heap blocks were freed -- no leaks are possible
==11523== 
==11523== For lists of detected and suppressed errors, rerun with: -s
==11523== ERROR SUMMARY: 0 errors from 0 contexts (suppressed: 0 from 0)
<end of output>
Test time =   1.86 sec
----------------------------------------------------------
Test Passed.
"BSTBalance.Random50x30ele" end time: Apr 01 02:44 UTC
"BSTBalance.Random50x30ele" time elapsed: 00:00:01
----------------------------------------------------------

End testing: Apr 01 02:44 UTC
